[ 2018-03-31T18:00:54+08:00 ] 192.168.1.121 192.168.1.121 OPTIONS /index.php/user/App/getNews
[ log ] 192.168.1.121/index.php/user/App/getNews [è¿è¡Œæ—¶é—´ï¼š0.067000s][ååç‡ï¼š14.93req/s] [å†…å­˜æ¶ˆè€—ï¼š1,296.54kb] [æ–‡ä»¶åŠ è½½ï¼š35]
[ notice ] post data

[ 2018-03-31T18:00:54+08:00 ] 192.168.1.121 192.168.1.121 OPTIONS /index.php/user/App/getNews
[ log ] 192.168.1.121/index.php/user/App/getNews [è¿è¡Œæ—¶é—´ï¼š0.068000s][ååç‡ï¼š14.71req/s] [å†…å­˜æ¶ˆè€—ï¼š1,296.50kb] [æ–‡ä»¶åŠ è½½ï¼š35]
[ info ] [ LANG ] E:\php\phpstudy\phpStudy\WWW\test\thinkphp\lang\zh-cn.php
[ info ] [ ROUTE ] array (
  'type' => 'module',
  'module' => 
  array (
    0 => 'user',
    1 => 'App',
    2 => 'getNews',
  ),
)
[ info ] [ HEADER ] array (
  'host' => '192.168.1.121',
  'connection' => 'keep-alive',
  'access-control-request-method' => 'POST',
  'origin' => 'http://www.test.com',
  'user-agent' => 'Mozilla/5.0 (Windows NT 6.1; Win64; x64) AppleWebKit/537.36 (KHTML, like Gecko) Chrome/58.0.3029.110 Safari/537.36',
  'access-control-request-headers' => 'content-type',
  'accept' => '*/*',
  'dnt' => '1',
  'referer' => 'http://www.test.com/index.php/Index/index/hello',
  'accept-encoding' => 'gzip, deflate, sdch',
  'accept-language' => 'zh-CN,zh;q=0.8',
)
[ info ] [ PARAM ] array (
)
[ info ] [ RUN ] app\user\controller\App->getNews[ E:\php\phpstudy\phpStudy\WWW\test\application\user\controller\App.php ]
[ info ] [ LOG ] INIT File
[ log ] hello²âÊÔÈÕÖ¾ĞÅÏ¢

---------------------------------------------------------------
[ 2018-03-31T18:00:54+08:00 ] 192.168.1.121 192.168.1.121 OPTIONS /index.php/user/App/getNews
[ log ] 192.168.1.121/index.php/user/App/getNews [è¿è¡Œæ—¶é—´ï¼š0.069000s][ååç‡ï¼š14.49req/s] [å†…å­˜æ¶ˆè€—ï¼š1,295.10kb] [æ–‡ä»¶åŠ è½½ï¼š35]
[ notice ] -----

[ 2018-03-31T18:00:54+08:00 ] 192.168.1.121 192.168.1.121 OPTIONS /index.php/user/App/getNews
[ log ] 192.168.1.121/index.php/user/App/getNews [è¿è¡Œæ—¶é—´ï¼š0.070000s][ååç‡ï¼š14.29req/s] [å†…å­˜æ¶ˆè€—ï¼š1,295.11kb] [æ–‡ä»¶åŠ è½½ï¼š35]
[ notice ] go all type

[ 2018-03-31T18:06:01+08:00 ] 127.0.0.1 127.0.0.1 GET /index.php/Index/index/hello
[ log ] www.test.com/index.php/Index/index/hello [è¿è¡Œæ—¶é—´ï¼š0.083000s][ååç‡ï¼š12.05req/s] [å†…å­˜æ¶ˆè€—ï¼š1,561.02kb] [æ–‡ä»¶åŠ è½½ï¼š41]
[ notice ] ²âÊÔÈÕÖ¾ĞÅÏ¢£¬ÕâÊÇ¾¯¸æ¼¶±ğ£¬²¢ÇÒÊµÊ±Ğ´Èë

[ 2018-03-31T18:06:01+08:00 ] 127.0.0.1 127.0.0.1 GET /index.php/Index/index/hello
[ log ] www.test.com/index.php/Index/index/hello [è¿è¡Œæ—¶é—´ï¼š0.084000s][ååç‡ï¼š11.90req/s] [å†…å­˜æ¶ˆè€—ï¼š1,561.01kb] [æ–‡ä»¶åŠ è½½ï¼š41]
[ info ] [ LANG ] E:\php\phpstudy\phpStudy\WWW\test\thinkphp\lang\zh-cn.php
[ info ] [ ROUTE ] array (
  'type' => 'module',
  'module' => 
  array (
    0 => 'Index',
    1 => 'index',
    2 => 'hello',
  ),
)
[ info ] [ HEADER ] array (
  'host' => 'www.test.com',
  'connection' => 'keep-alive',
  'cache-control' => 'max-age=0',
  'upgrade-insecure-requests' => '1',
  'user-agent' => 'Mozilla/5.0 (Windows NT 6.1; Win64; x64) AppleWebKit/537.36 (KHTML, like Gecko) Chrome/58.0.3029.110 Safari/537.36',
  'accept' => 'text/html,application/xhtml+xml,application/xml;q=0.9,image/webp,*/*;q=0.8',
  'dnt' => '1',
  'accept-encoding' => 'gzip, deflate, sdch',
  'accept-language' => 'zh-CN,zh;q=0.8',
  'cookie' => 'thinkphp_show_page_trace=0|0; pgv_pvi=2974618624',
)
[ info ] [ PARAM ] array (
)
[ info ] [ RUN ] app\index\controller\Index->hello[ E:\php\phpstudy\phpStudy\WWW\test\application\index\controller\Index.php ]
[ info ] [ LOG ] INIT File
[ log ] hello²âÊÔÈÕÖ¾ĞÅÏ¢

---------------------------------------------------------------
[ 2018-03-31T18:06:06+08:00 ] 127.0.0.1 127.0.0.1 POST /index.php/user/App/getNews
[ log ] www.test.com/index.php/user/App/getNews [è¿è¡Œæ—¶é—´ï¼š0.047000s][ååç‡ï¼š21.28req/s] [å†…å­˜æ¶ˆè€—ï¼š1,297.33kb] [æ–‡ä»¶åŠ è½½ï¼š35]
[ notice ] post data{"type":2,"page":1}

[ 2018-03-31T18:06:06+08:00 ] 127.0.0.1 127.0.0.1 POST /index.php/user/App/getNews
[ log ] www.test.com/index.php/user/App/getNews [è¿è¡Œæ—¶é—´ï¼š0.048000s][ååç‡ï¼š20.83req/s] [å†…å­˜æ¶ˆè€—ï¼š1,297.33kb] [æ–‡ä»¶åŠ è½½ï¼š35]
[ info ] [ LANG ] E:\php\phpstudy\phpStudy\WWW\test\thinkphp\lang\zh-cn.php
[ info ] [ ROUTE ] array (
  'type' => 'module',
  'module' => 
  array (
    0 => 'user',
    1 => 'App',
    2 => 'getNews',
  ),
)
[ info ] [ HEADER ] array (
  'host' => 'www.test.com',
  'connection' => 'keep-alive',
  'content-length' => '19',
  'accept' => 'application/json, text/plain, */*',
  'origin' => 'http://www.test.com',
  'user-agent' => 'Mozilla/5.0 (Windows NT 6.1; Win64; x64) AppleWebKit/537.36 (KHTML, like Gecko) Chrome/58.0.3029.110 Safari/537.36',
  'content-type' => 'application/json;charset=UTF-8',
  'dnt' => '1',
  'referer' => 'http://www.test.com/index.php/Index/index/hello',
  'accept-encoding' => 'gzip, deflate',
  'accept-language' => 'zh-CN,zh;q=0.8',
  'cookie' => 'pgv_pvi=2974618624',
)
[ info ] [ PARAM ] array (
  'type' => 2,
  'page' => 1,
)
[ info ] [ RUN ] app\user\controller\App->getNews[ E:\php\phpstudy\phpStudy\WWW\test\application\user\controller\App.php ]
[ info ] [ LOG ] INIT File
[ log ] hello²âÊÔÈÕÖ¾ĞÅÏ¢

---------------------------------------------------------------
[ 2018-03-31T18:06:06+08:00 ] 127.0.0.1 127.0.0.1 POST /index.php/user/App/getNews
[ log ] www.test.com/index.php/user/App/getNews [è¿è¡Œæ—¶é—´ï¼š0.048000s][ååç‡ï¼š20.83req/s] [å†…å­˜æ¶ˆè€—ï¼š1,296.11kb] [æ–‡ä»¶åŠ è½½ï¼š35]
[ notice ] -----2

[ 2018-03-31T18:10:37+08:00 ] 127.0.0.1 127.0.0.1 POST /index.php/user/App/getNews
[ log ] www.test.com/index.php/user/App/getNews [è¿è¡Œæ—¶é—´ï¼š0.047000s][ååç‡ï¼š21.28req/s] [å†…å­˜æ¶ˆè€—ï¼š1,297.34kb] [æ–‡ä»¶åŠ è½½ï¼š35]
[ notice ] post data{"type":2,"page":1}

[ 2018-03-31T18:10:37+08:00 ] 127.0.0.1 127.0.0.1 POST /index.php/user/App/getNews
[ log ] www.test.com/index.php/user/App/getNews [è¿è¡Œæ—¶é—´ï¼š0.047000s][ååç‡ï¼š21.28req/s] [å†…å­˜æ¶ˆè€—ï¼š1,297.34kb] [æ–‡ä»¶åŠ è½½ï¼š35]
[ info ] [ LANG ] E:\php\phpstudy\phpStudy\WWW\test\thinkphp\lang\zh-cn.php
[ info ] [ ROUTE ] array (
  'type' => 'module',
  'module' => 
  array (
    0 => 'user',
    1 => 'App',
    2 => 'getNews',
  ),
)
[ info ] [ HEADER ] array (
  'host' => 'www.test.com',
  'connection' => 'keep-alive',
  'content-length' => '19',
  'accept' => 'application/json, text/plain, */*',
  'origin' => 'http://www.test.com',
  'user-agent' => 'Mozilla/5.0 (Windows NT 6.1; Win64; x64) AppleWebKit/537.36 (KHTML, like Gecko) Chrome/58.0.3029.110 Safari/537.36',
  'content-type' => 'application/json;charset=UTF-8',
  'dnt' => '1',
  'referer' => 'http://www.test.com/index.php/Index/index/hello',
  'accept-encoding' => 'gzip, deflate',
  'accept-language' => 'zh-CN,zh;q=0.8',
  'cookie' => 'pgv_pvi=2974618624',
)
[ info ] [ PARAM ] array (
  'type' => 2,
  'page' => 1,
)
[ info ] [ RUN ] app\user\controller\App->getNews[ E:\php\phpstudy\phpStudy\WWW\test\application\user\controller\App.php ]
[ info ] [ LOG ] INIT File
[ log ] hello²âÊÔÈÕÖ¾ĞÅÏ¢

---------------------------------------------------------------
[ 2018-03-31T18:10:37+08:00 ] 127.0.0.1 127.0.0.1 POST /index.php/user/App/getNews
[ log ] www.test.com/index.php/user/App/getNews [è¿è¡Œæ—¶é—´ï¼š0.048000s][ååç‡ï¼š20.83req/s] [å†…å­˜æ¶ˆè€—ï¼š1,296.13kb] [æ–‡ä»¶åŠ è½½ï¼š35]
[ notice ] -----2

[ 2018-03-31T18:10:52+08:00 ] 127.0.0.1 127.0.0.1 POST /index.php/user/App/getNews
[ log ] www.test.com/index.php/user/App/getNews [è¿è¡Œæ—¶é—´ï¼š0.047000s][ååç‡ï¼š21.28req/s] [å†…å­˜æ¶ˆè€—ï¼š1,297.34kb] [æ–‡ä»¶åŠ è½½ï¼š35]
[ notice ] post data{"type":2,"page":1}

[ 2018-03-31T18:10:52+08:00 ] 127.0.0.1 127.0.0.1 POST /index.php/user/App/getNews
[ log ] www.test.com/index.php/user/App/getNews [è¿è¡Œæ—¶é—´ï¼š0.047000s][ååç‡ï¼š21.28req/s] [å†…å­˜æ¶ˆè€—ï¼š1,297.34kb] [æ–‡ä»¶åŠ è½½ï¼š35]
[ info ] [ LANG ] E:\php\phpstudy\phpStudy\WWW\test\thinkphp\lang\zh-cn.php
[ info ] [ ROUTE ] array (
  'type' => 'module',
  'module' => 
  array (
    0 => 'user',
    1 => 'App',
    2 => 'getNews',
  ),
)
[ info ] [ HEADER ] array (
  'host' => 'www.test.com',
  'connection' => 'keep-alive',
  'content-length' => '19',
  'accept' => 'application/json, text/plain, */*',
  'origin' => 'http://www.test.com',
  'user-agent' => 'Mozilla/5.0 (Windows NT 6.1; Win64; x64) AppleWebKit/537.36 (KHTML, like Gecko) Chrome/58.0.3029.110 Safari/537.36',
  'content-type' => 'application/json;charset=UTF-8',
  'dnt' => '1',
  'referer' => 'http://www.test.com/index.php/Index/index/hello',
  'accept-encoding' => 'gzip, deflate',
  'accept-language' => 'zh-CN,zh;q=0.8',
  'cookie' => 'pgv_pvi=2974618624',
)
[ info ] [ PARAM ] array (
  'type' => 2,
  'page' => 1,
)
[ info ] [ RUN ] app\user\controller\App->getNews[ E:\php\phpstudy\phpStudy\WWW\test\application\user\controller\App.php ]
[ info ] [ LOG ] INIT File
[ log ] hello²âÊÔÈÕÖ¾ĞÅÏ¢

---------------------------------------------------------------
[ 2018-03-31T18:10:52+08:00 ] 127.0.0.1 127.0.0.1 POST /index.php/user/App/getNews
[ log ] www.test.com/index.php/user/App/getNews [è¿è¡Œæ—¶é—´ï¼š0.048000s][ååç‡ï¼š20.83req/s] [å†…å­˜æ¶ˆè€—ï¼š1,296.13kb] [æ–‡ä»¶åŠ è½½ï¼š35]
[ notice ] -----2

[ 2018-03-31T18:23:06+08:00 ] 127.0.0.1 127.0.0.1 POST /index.php/user/App/getNews
[ log ] www.test.com/index.php/user/App/getNews [è¿è¡Œæ—¶é—´ï¼š0.051000s][ååç‡ï¼š19.61req/s] [å†…å­˜æ¶ˆè€—ï¼š1,297.34kb] [æ–‡ä»¶åŠ è½½ï¼š35]
[ notice ] post data{"type":2,"page":1}

[ 2018-03-31T18:23:06+08:00 ] 127.0.0.1 127.0.0.1 POST /index.php/user/App/getNews
[ log ] www.test.com/index.php/user/App/getNews [è¿è¡Œæ—¶é—´ï¼š0.052000s][ååç‡ï¼š19.23req/s] [å†…å­˜æ¶ˆè€—ï¼š1,297.34kb] [æ–‡ä»¶åŠ è½½ï¼š35]
[ info ] [ LANG ] E:\php\phpstudy\phpStudy\WWW\test\thinkphp\lang\zh-cn.php
[ info ] [ ROUTE ] array (
  'type' => 'module',
  'module' => 
  array (
    0 => 'user',
    1 => 'App',
    2 => 'getNews',
  ),
)
[ info ] [ HEADER ] array (
  'host' => 'www.test.com',
  'connection' => 'keep-alive',
  'content-length' => '19',
  'accept' => 'application/json, text/plain, */*',
  'origin' => 'http://www.test.com',
  'user-agent' => 'Mozilla/5.0 (Windows NT 6.1; Win64; x64) AppleWebKit/537.36 (KHTML, like Gecko) Chrome/58.0.3029.110 Safari/537.36',
  'content-type' => 'application/json;charset=UTF-8',
  'dnt' => '1',
  'referer' => 'http://www.test.com/index.php/Index/index/hello',
  'accept-encoding' => 'gzip, deflate',
  'accept-language' => 'zh-CN,zh;q=0.8',
  'cookie' => 'pgv_pvi=2974618624',
)
[ info ] [ PARAM ] array (
  'type' => 2,
  'page' => 1,
)
[ info ] [ RUN ] app\user\controller\App->getNews[ E:\php\phpstudy\phpStudy\WWW\test\application\user\controller\App.php ]
[ info ] [ LOG ] INIT File
[ log ] hello²âÊÔÈÕÖ¾ĞÅÏ¢

---------------------------------------------------------------
[ 2018-03-31T18:23:06+08:00 ] 127.0.0.1 127.0.0.1 POST /index.php/user/App/getNews
[ log ] www.test.com/index.php/user/App/getNews [è¿è¡Œæ—¶é—´ï¼š0.053000s][ååç‡ï¼š18.87req/s] [å†…å­˜æ¶ˆè€—ï¼š1,296.13kb] [æ–‡ä»¶åŠ è½½ï¼š35]
[ notice ] -----2

