[ 2018-04-08T15:34:20+08:00 ] 127.0.0.1 127.0.0.1 POST /user/App/getNews
[ log ] www.test.com/user/App/getNews [è¿è¡Œæ—¶é—´ï¼š0.048000s][åžåçŽ‡ï¼š20.83req/s] [å†…å­˜æ¶ˆè€—ï¼š1,297.34kb] [æ–‡ä»¶åŠ è½½ï¼š35]
[ notice ] post data{"type":2,"page":1}

[ 2018-04-08T15:34:20+08:00 ] 127.0.0.1 127.0.0.1 POST /user/App/getNews
[ log ] www.test.com/user/App/getNews [è¿è¡Œæ—¶é—´ï¼š0.050000s][åžåçŽ‡ï¼š20.00req/s] [å†…å­˜æ¶ˆè€—ï¼š1,297.29kb] [æ–‡ä»¶åŠ è½½ï¼š35]
[ info ] [ LANG ] E:\php\phpstudy\phpStudy\WWW\test\thinkphp\lang\zh-cn.php
[ info ] [ ROUTE ] array (
  'type' => 'module',
  'module' => 
  array (
    0 => 'user',
    1 => 'App',
    2 => 'getNews',
  ),
)
[ info ] [ HEADER ] array (
  'host' => 'www.test.com',
  'connection' => 'keep-alive',
  'content-length' => '19',
  'accept' => 'application/json, text/plain, */*',
  'origin' => 'http://www.test.com',
  'user-agent' => 'Mozilla/5.0 (Windows NT 6.1; Win64; x64) AppleWebKit/537.36 (KHTML, like Gecko) Chrome/58.0.3029.110 Safari/537.36',
  'content-type' => 'application/json;charset=UTF-8',
  'dnt' => '1',
  'referer' => 'http://www.test.com/',
  'accept-encoding' => 'gzip, deflate',
  'accept-language' => 'zh-CN,zh;q=0.8',
  'cookie' => 'pgv_pvi=2974618624; thinkphp_show_page_trace=0|0',
)
[ info ] [ PARAM ] array (
  'type' => 2,
  'page' => 1,
)
[ info ] [ RUN ] app\user\controller\App->getNews[ E:\php\phpstudy\phpStudy\WWW\test\application\user\controller\App.php ]
[ info ] [ LOG ] INIT File
[ log ] hello²âÊÔÈÕÖ¾ÐÅÏ¢

---------------------------------------------------------------
[ 2018-04-08T15:34:20+08:00 ] 127.0.0.1 127.0.0.1 POST /user/App/getNews
[ log ] www.test.com/user/App/getNews [è¿è¡Œæ—¶é—´ï¼š0.051000s][åžåçŽ‡ï¼š19.61req/s] [å†…å­˜æ¶ˆè€—ï¼š1,296.07kb] [æ–‡ä»¶åŠ è½½ï¼š35]
[ notice ] -----2

[ 2018-04-08T15:34:22+08:00 ] 127.0.0.1 127.0.0.1 POST /user/App/getNews
[ log ] www.test.com/user/App/getNews [è¿è¡Œæ—¶é—´ï¼š0.053000s][åžåçŽ‡ï¼š18.87req/s] [å†…å­˜æ¶ˆè€—ï¼š1,297.29kb] [æ–‡ä»¶åŠ è½½ï¼š35]
[ notice ] post data{"type":2,"page":1}

[ 2018-04-08T15:34:22+08:00 ] 127.0.0.1 127.0.0.1 POST /user/App/getNews
[ log ] www.test.com/user/App/getNews [è¿è¡Œæ—¶é—´ï¼š0.054000s][åžåçŽ‡ï¼š18.52req/s] [å†…å­˜æ¶ˆè€—ï¼š1,297.29kb] [æ–‡ä»¶åŠ è½½ï¼š35]
[ info ] [ LANG ] E:\php\phpstudy\phpStudy\WWW\test\thinkphp\lang\zh-cn.php
[ info ] [ ROUTE ] array (
  'type' => 'module',
  'module' => 
  array (
    0 => 'user',
    1 => 'App',
    2 => 'getNews',
  ),
)
[ info ] [ HEADER ] array (
  'host' => 'www.test.com',
  'connection' => 'keep-alive',
  'content-length' => '19',
  'accept' => 'application/json, text/plain, */*',
  'origin' => 'http://www.test.com',
  'user-agent' => 'Mozilla/5.0 (Windows NT 6.1; Win64; x64) AppleWebKit/537.36 (KHTML, like Gecko) Chrome/58.0.3029.110 Safari/537.36',
  'content-type' => 'application/json;charset=UTF-8',
  'dnt' => '1',
  'referer' => 'http://www.test.com/',
  'accept-encoding' => 'gzip, deflate',
  'accept-language' => 'zh-CN,zh;q=0.8',
  'cookie' => 'pgv_pvi=2974618624; thinkphp_show_page_trace=0|0',
)
[ info ] [ PARAM ] array (
  'type' => 2,
  'page' => 1,
)
[ info ] [ RUN ] app\user\controller\App->getNews[ E:\php\phpstudy\phpStudy\WWW\test\application\user\controller\App.php ]
[ info ] [ LOG ] INIT File
[ log ] hello²âÊÔÈÕÖ¾ÐÅÏ¢

---------------------------------------------------------------
[ 2018-04-08T15:34:22+08:00 ] 127.0.0.1 127.0.0.1 POST /user/App/getNews
[ log ] www.test.com/user/App/getNews [è¿è¡Œæ—¶é—´ï¼š0.055000s][åžåçŽ‡ï¼š18.18req/s] [å†…å­˜æ¶ˆè€—ï¼š1,296.07kb] [æ–‡ä»¶åŠ è½½ï¼š35]
[ notice ] -----2

[ 2018-04-08T15:34:24+08:00 ] 127.0.0.1 127.0.0.1 POST /user/App/getNews
[ log ] www.test.com/user/App/getNews [è¿è¡Œæ—¶é—´ï¼š0.033000s][åžåçŽ‡ï¼š30.30req/s] [å†…å­˜æ¶ˆè€—ï¼š1,297.29kb] [æ–‡ä»¶åŠ è½½ï¼š35]
[ notice ] post data{"type":2,"page":1}

[ 2018-04-08T15:34:24+08:00 ] 127.0.0.1 127.0.0.1 POST /user/App/getNews
[ log ] www.test.com/user/App/getNews [è¿è¡Œæ—¶é—´ï¼š0.035000s][åžåçŽ‡ï¼š28.57req/s] [å†…å­˜æ¶ˆè€—ï¼š1,297.29kb] [æ–‡ä»¶åŠ è½½ï¼š35]
[ info ] [ LANG ] E:\php\phpstudy\phpStudy\WWW\test\thinkphp\lang\zh-cn.php
[ info ] [ ROUTE ] array (
  'type' => 'module',
  'module' => 
  array (
    0 => 'user',
    1 => 'App',
    2 => 'getNews',
  ),
)
[ info ] [ HEADER ] array (
  'host' => 'www.test.com',
  'connection' => 'keep-alive',
  'content-length' => '19',
  'accept' => 'application/json, text/plain, */*',
  'origin' => 'http://www.test.com',
  'user-agent' => 'Mozilla/5.0 (Windows NT 6.1; Win64; x64) AppleWebKit/537.36 (KHTML, like Gecko) Chrome/58.0.3029.110 Safari/537.36',
  'content-type' => 'application/json;charset=UTF-8',
  'dnt' => '1',
  'referer' => 'http://www.test.com/',
  'accept-encoding' => 'gzip, deflate',
  'accept-language' => 'zh-CN,zh;q=0.8',
  'cookie' => 'pgv_pvi=2974618624; thinkphp_show_page_trace=0|0',
)
[ info ] [ PARAM ] array (
  'type' => 2,
  'page' => 1,
)
[ info ] [ RUN ] app\user\controller\App->getNews[ E:\php\phpstudy\phpStudy\WWW\test\application\user\controller\App.php ]
[ info ] [ LOG ] INIT File
[ log ] hello²âÊÔÈÕÖ¾ÐÅÏ¢

---------------------------------------------------------------
[ 2018-04-08T15:34:24+08:00 ] 127.0.0.1 127.0.0.1 POST /user/App/getNews
[ log ] www.test.com/user/App/getNews [è¿è¡Œæ—¶é—´ï¼š0.037000s][åžåçŽ‡ï¼š27.03req/s] [å†…å­˜æ¶ˆè€—ï¼š1,296.07kb] [æ–‡ä»¶åŠ è½½ï¼š35]
[ notice ] -----2

[ 2018-04-08T15:34:27+08:00 ] 127.0.0.1 127.0.0.1 POST /user/App/getNews
[ log ] www.test.com/user/App/getNews [è¿è¡Œæ—¶é—´ï¼š0.047000s][åžåçŽ‡ï¼š21.28req/s] [å†…å­˜æ¶ˆè€—ï¼š1,297.29kb] [æ–‡ä»¶åŠ è½½ï¼š35]
[ notice ] post data{"type":2,"page":1}

[ 2018-04-08T15:34:27+08:00 ] 127.0.0.1 127.0.0.1 POST /user/App/getNews
[ log ] www.test.com/user/App/getNews [è¿è¡Œæ—¶é—´ï¼š0.048000s][åžåçŽ‡ï¼š20.83req/s] [å†…å­˜æ¶ˆè€—ï¼š1,297.29kb] [æ–‡ä»¶åŠ è½½ï¼š35]
[ info ] [ LANG ] E:\php\phpstudy\phpStudy\WWW\test\thinkphp\lang\zh-cn.php
[ info ] [ ROUTE ] array (
  'type' => 'module',
  'module' => 
  array (
    0 => 'user',
    1 => 'App',
    2 => 'getNews',
  ),
)
[ info ] [ HEADER ] array (
  'host' => 'www.test.com',
  'connection' => 'keep-alive',
  'content-length' => '19',
  'accept' => 'application/json, text/plain, */*',
  'origin' => 'http://www.test.com',
  'user-agent' => 'Mozilla/5.0 (Windows NT 6.1; Win64; x64) AppleWebKit/537.36 (KHTML, like Gecko) Chrome/58.0.3029.110 Safari/537.36',
  'content-type' => 'application/json;charset=UTF-8',
  'dnt' => '1',
  'referer' => 'http://www.test.com/',
  'accept-encoding' => 'gzip, deflate',
  'accept-language' => 'zh-CN,zh;q=0.8',
  'cookie' => 'pgv_pvi=2974618624; thinkphp_show_page_trace=0|0',
)
[ info ] [ PARAM ] array (
  'type' => 2,
  'page' => 1,
)
[ info ] [ RUN ] app\user\controller\App->getNews[ E:\php\phpstudy\phpStudy\WWW\test\application\user\controller\App.php ]
[ info ] [ LOG ] INIT File
[ log ] hello²âÊÔÈÕÖ¾ÐÅÏ¢

---------------------------------------------------------------
[ 2018-04-08T15:34:27+08:00 ] 127.0.0.1 127.0.0.1 POST /user/App/getNews
[ log ] www.test.com/user/App/getNews [è¿è¡Œæ—¶é—´ï¼š0.050000s][åžåçŽ‡ï¼š20.00req/s] [å†…å­˜æ¶ˆè€—ï¼š1,296.07kb] [æ–‡ä»¶åŠ è½½ï¼š35]
[ notice ] -----2

[ 2018-04-08T15:34:31+08:00 ] 127.0.0.1 127.0.0.1 POST /user/App/getNews
[ log ] www.test.com/user/App/getNews [è¿è¡Œæ—¶é—´ï¼š0.044000s][åžåçŽ‡ï¼š22.73req/s] [å†…å­˜æ¶ˆè€—ï¼š1,297.29kb] [æ–‡ä»¶åŠ è½½ï¼š35]
[ notice ] post data{"type":2,"page":1}

[ 2018-04-08T15:34:31+08:00 ] 127.0.0.1 127.0.0.1 POST /user/App/getNews
[ log ] www.test.com/user/App/getNews [è¿è¡Œæ—¶é—´ï¼š0.046000s][åžåçŽ‡ï¼š21.74req/s] [å†…å­˜æ¶ˆè€—ï¼š1,297.29kb] [æ–‡ä»¶åŠ è½½ï¼š35]
[ info ] [ LANG ] E:\php\phpstudy\phpStudy\WWW\test\thinkphp\lang\zh-cn.php
[ info ] [ ROUTE ] array (
  'type' => 'module',
  'module' => 
  array (
    0 => 'user',
    1 => 'App',
    2 => 'getNews',
  ),
)
[ info ] [ HEADER ] array (
  'host' => 'www.test.com',
  'connection' => 'keep-alive',
  'content-length' => '19',
  'accept' => 'application/json, text/plain, */*',
  'origin' => 'http://www.test.com',
  'user-agent' => 'Mozilla/5.0 (Windows NT 6.1; Win64; x64) AppleWebKit/537.36 (KHTML, like Gecko) Chrome/58.0.3029.110 Safari/537.36',
  'content-type' => 'application/json;charset=UTF-8',
  'dnt' => '1',
  'referer' => 'http://www.test.com/',
  'accept-encoding' => 'gzip, deflate',
  'accept-language' => 'zh-CN,zh;q=0.8',
  'cookie' => 'pgv_pvi=2974618624; thinkphp_show_page_trace=0|0',
)
[ info ] [ PARAM ] array (
  'type' => 2,
  'page' => 1,
)
[ info ] [ RUN ] app\user\controller\App->getNews[ E:\php\phpstudy\phpStudy\WWW\test\application\user\controller\App.php ]
[ info ] [ LOG ] INIT File
[ log ] hello²âÊÔÈÕÖ¾ÐÅÏ¢

---------------------------------------------------------------
[ 2018-04-08T15:34:31+08:00 ] 127.0.0.1 127.0.0.1 POST /user/App/getNews
[ log ] www.test.com/user/App/getNews [è¿è¡Œæ—¶é—´ï¼š0.047000s][åžåçŽ‡ï¼š21.28req/s] [å†…å­˜æ¶ˆè€—ï¼š1,296.07kb] [æ–‡ä»¶åŠ è½½ï¼š35]
[ notice ] -----2

[ 2018-04-08T15:34:32+08:00 ] 127.0.0.1 127.0.0.1 POST /user/App/getNews
[ log ] www.test.com/user/App/getNews [è¿è¡Œæ—¶é—´ï¼š0.053000s][åžåçŽ‡ï¼š18.87req/s] [å†…å­˜æ¶ˆè€—ï¼š1,297.29kb] [æ–‡ä»¶åŠ è½½ï¼š35]
[ notice ] post data{"type":2,"page":1}

[ 2018-04-08T15:34:32+08:00 ] 127.0.0.1 127.0.0.1 POST /user/App/getNews
[ log ] www.test.com/user/App/getNews [è¿è¡Œæ—¶é—´ï¼š0.055000s][åžåçŽ‡ï¼š18.18req/s] [å†…å­˜æ¶ˆè€—ï¼š1,297.29kb] [æ–‡ä»¶åŠ è½½ï¼š35]
[ info ] [ LANG ] E:\php\phpstudy\phpStudy\WWW\test\thinkphp\lang\zh-cn.php
[ info ] [ ROUTE ] array (
  'type' => 'module',
  'module' => 
  array (
    0 => 'user',
    1 => 'App',
    2 => 'getNews',
  ),
)
[ info ] [ HEADER ] array (
  'host' => 'www.test.com',
  'connection' => 'keep-alive',
  'content-length' => '19',
  'accept' => 'application/json, text/plain, */*',
  'origin' => 'http://www.test.com',
  'user-agent' => 'Mozilla/5.0 (Windows NT 6.1; Win64; x64) AppleWebKit/537.36 (KHTML, like Gecko) Chrome/58.0.3029.110 Safari/537.36',
  'content-type' => 'application/json;charset=UTF-8',
  'dnt' => '1',
  'referer' => 'http://www.test.com/',
  'accept-encoding' => 'gzip, deflate',
  'accept-language' => 'zh-CN,zh;q=0.8',
  'cookie' => 'pgv_pvi=2974618624; thinkphp_show_page_trace=0|0',
)
[ info ] [ PARAM ] array (
  'type' => 2,
  'page' => 1,
)
[ info ] [ RUN ] app\user\controller\App->getNews[ E:\php\phpstudy\phpStudy\WWW\test\application\user\controller\App.php ]
[ info ] [ LOG ] INIT File
[ log ] hello²âÊÔÈÕÖ¾ÐÅÏ¢

---------------------------------------------------------------
[ 2018-04-08T15:34:32+08:00 ] 127.0.0.1 127.0.0.1 POST /user/App/getNews
[ log ] www.test.com/user/App/getNews [è¿è¡Œæ—¶é—´ï¼š0.057000s][åžåçŽ‡ï¼š17.54req/s] [å†…å­˜æ¶ˆè€—ï¼š1,296.07kb] [æ–‡ä»¶åŠ è½½ï¼š35]
[ notice ] -----2

[ 2018-04-08T15:38:48+08:00 ] 127.0.0.1 127.0.0.1 POST /user/App/getNews
[ log ] www.test.com/user/App/getNews [è¿è¡Œæ—¶é—´ï¼š0.046000s][åžåçŽ‡ï¼š21.74req/s] [å†…å­˜æ¶ˆè€—ï¼š1,297.29kb] [æ–‡ä»¶åŠ è½½ï¼š35]
[ notice ] post data{"type":2,"page":1}

[ 2018-04-08T15:38:48+08:00 ] 127.0.0.1 127.0.0.1 POST /user/App/getNews
[ log ] www.test.com/user/App/getNews [è¿è¡Œæ—¶é—´ï¼š0.047000s][åžåçŽ‡ï¼š21.28req/s] [å†…å­˜æ¶ˆè€—ï¼š1,297.29kb] [æ–‡ä»¶åŠ è½½ï¼š35]
[ info ] [ LANG ] E:\php\phpstudy\phpStudy\WWW\test\thinkphp\lang\zh-cn.php
[ info ] [ ROUTE ] array (
  'type' => 'module',
  'module' => 
  array (
    0 => 'user',
    1 => 'App',
    2 => 'getNews',
  ),
)
[ info ] [ HEADER ] array (
  'host' => 'www.test.com',
  'connection' => 'keep-alive',
  'content-length' => '19',
  'accept' => 'application/json, text/plain, */*',
  'origin' => 'http://www.test.com',
  'user-agent' => 'Mozilla/5.0 (Windows NT 6.1; Win64; x64) AppleWebKit/537.36 (KHTML, like Gecko) Chrome/58.0.3029.110 Safari/537.36',
  'content-type' => 'application/json;charset=UTF-8',
  'dnt' => '1',
  'referer' => 'http://www.test.com/',
  'accept-encoding' => 'gzip, deflate',
  'accept-language' => 'zh-CN,zh;q=0.8',
  'cookie' => 'pgv_pvi=2974618624; thinkphp_show_page_trace=0|0',
)
[ info ] [ PARAM ] array (
  'type' => 2,
  'page' => 1,
)
[ info ] [ RUN ] app\user\controller\App->getNews[ E:\php\phpstudy\phpStudy\WWW\test\application\user\controller\App.php ]
[ info ] [ LOG ] INIT File
[ log ] hello²âÊÔÈÕÖ¾ÐÅÏ¢

---------------------------------------------------------------
[ 2018-04-08T15:38:48+08:00 ] 127.0.0.1 127.0.0.1 POST /user/App/getNews
[ log ] www.test.com/user/App/getNews [è¿è¡Œæ—¶é—´ï¼š0.049000s][åžåçŽ‡ï¼š20.41req/s] [å†…å­˜æ¶ˆè€—ï¼š1,296.07kb] [æ–‡ä»¶åŠ è½½ï¼š35]
[ notice ] -----2

[ 2018-04-08T15:40:35+08:00 ] 127.0.0.1 127.0.0.1 POST /user/App/getNews
[ log ] www.test.com/user/App/getNews [è¿è¡Œæ—¶é—´ï¼š0.044000s][åžåçŽ‡ï¼š22.73req/s] [å†…å­˜æ¶ˆè€—ï¼š1,297.29kb] [æ–‡ä»¶åŠ è½½ï¼š35]
[ notice ] post data{"type":2,"page":1}

[ 2018-04-08T15:40:35+08:00 ] 127.0.0.1 127.0.0.1 POST /user/App/getNews
[ log ] www.test.com/user/App/getNews [è¿è¡Œæ—¶é—´ï¼š0.046000s][åžåçŽ‡ï¼š21.74req/s] [å†…å­˜æ¶ˆè€—ï¼š1,297.29kb] [æ–‡ä»¶åŠ è½½ï¼š35]
[ info ] [ LANG ] E:\php\phpstudy\phpStudy\WWW\test\thinkphp\lang\zh-cn.php
[ info ] [ ROUTE ] array (
  'type' => 'module',
  'module' => 
  array (
    0 => 'user',
    1 => 'App',
    2 => 'getNews',
  ),
)
[ info ] [ HEADER ] array (
  'host' => 'www.test.com',
  'connection' => 'keep-alive',
  'content-length' => '19',
  'accept' => 'application/json, text/plain, */*',
  'origin' => 'http://www.test.com',
  'user-agent' => 'Mozilla/5.0 (Windows NT 6.1; Win64; x64) AppleWebKit/537.36 (KHTML, like Gecko) Chrome/58.0.3029.110 Safari/537.36',
  'content-type' => 'application/json;charset=UTF-8',
  'dnt' => '1',
  'referer' => 'http://www.test.com/',
  'accept-encoding' => 'gzip, deflate',
  'accept-language' => 'zh-CN,zh;q=0.8',
  'cookie' => 'pgv_pvi=2974618624; thinkphp_show_page_trace=0|0',
)
[ info ] [ PARAM ] array (
  'type' => 2,
  'page' => 1,
)
[ info ] [ RUN ] app\user\controller\App->getNews[ E:\php\phpstudy\phpStudy\WWW\test\application\user\controller\App.php ]
[ info ] [ LOG ] INIT File
[ log ] hello²âÊÔÈÕÖ¾ÐÅÏ¢

---------------------------------------------------------------
[ 2018-04-08T15:40:35+08:00 ] 127.0.0.1 127.0.0.1 POST /user/App/getNews
[ log ] www.test.com/user/App/getNews [è¿è¡Œæ—¶é—´ï¼š0.047000s][åžåçŽ‡ï¼š21.28req/s] [å†…å­˜æ¶ˆè€—ï¼š1,296.07kb] [æ–‡ä»¶åŠ è½½ï¼š35]
[ notice ] -----2

[ 2018-04-08T15:41:03+08:00 ] 127.0.0.1 127.0.0.1 POST /user/App/getNews
[ log ] www.test.com/user/App/getNews [è¿è¡Œæ—¶é—´ï¼š0.055000s][åžåçŽ‡ï¼š18.18req/s] [å†…å­˜æ¶ˆè€—ï¼š1,297.30kb] [æ–‡ä»¶åŠ è½½ï¼š35]
[ notice ] post data{"type":2,"page":1}

[ 2018-04-08T15:41:03+08:00 ] 127.0.0.1 127.0.0.1 POST /user/App/getNews
[ log ] www.test.com/user/App/getNews [è¿è¡Œæ—¶é—´ï¼š0.057000s][åžåçŽ‡ï¼š17.54req/s] [å†…å­˜æ¶ˆè€—ï¼š1,297.30kb] [æ–‡ä»¶åŠ è½½ï¼š35]
[ info ] [ LANG ] E:\php\phpstudy\phpStudy\WWW\test\thinkphp\lang\zh-cn.php
[ info ] [ ROUTE ] array (
  'type' => 'module',
  'module' => 
  array (
    0 => 'user',
    1 => 'App',
    2 => 'getNews',
  ),
)
[ info ] [ HEADER ] array (
  'host' => 'www.test.com',
  'connection' => 'keep-alive',
  'content-length' => '19',
  'accept' => 'application/json, text/plain, */*',
  'origin' => 'http://www.test.com',
  'user-agent' => 'Mozilla/5.0 (Windows NT 6.1; Win64; x64) AppleWebKit/537.36 (KHTML, like Gecko) Chrome/58.0.3029.110 Safari/537.36',
  'content-type' => 'application/json;charset=UTF-8',
  'dnt' => '1',
  'referer' => 'http://www.test.com/',
  'accept-encoding' => 'gzip, deflate',
  'accept-language' => 'zh-CN,zh;q=0.8',
  'cookie' => 'pgv_pvi=2974618624; thinkphp_show_page_trace=0|0',
)
[ info ] [ PARAM ] array (
  'type' => 2,
  'page' => 1,
)
[ info ] [ RUN ] app\user\controller\App->getNews[ E:\php\phpstudy\phpStudy\WWW\test\application\user\controller\App.php ]
[ info ] [ LOG ] INIT File
[ log ] hello²âÊÔÈÕÖ¾ÐÅÏ¢

---------------------------------------------------------------
[ 2018-04-08T15:41:03+08:00 ] 127.0.0.1 127.0.0.1 POST /user/App/getNews
[ log ] www.test.com/user/App/getNews [è¿è¡Œæ—¶é—´ï¼š0.059000s][åžåçŽ‡ï¼š16.95req/s] [å†…å­˜æ¶ˆè€—ï¼š1,296.09kb] [æ–‡ä»¶åŠ è½½ï¼š35]
[ notice ] -----2

[ 2018-04-08T15:41:43+08:00 ] 127.0.0.1 127.0.0.1 POST /user/App/getNews
[ log ] www.test.com/user/App/getNews [è¿è¡Œæ—¶é—´ï¼š0.051000s][åžåçŽ‡ï¼š19.61req/s] [å†…å­˜æ¶ˆè€—ï¼š1,297.30kb] [æ–‡ä»¶åŠ è½½ï¼š35]
[ notice ] post data{"type":2,"page":1}

[ 2018-04-08T15:41:43+08:00 ] 127.0.0.1 127.0.0.1 POST /user/App/getNews
[ log ] www.test.com/user/App/getNews [è¿è¡Œæ—¶é—´ï¼š0.053000s][åžåçŽ‡ï¼š18.87req/s] [å†…å­˜æ¶ˆè€—ï¼š1,297.30kb] [æ–‡ä»¶åŠ è½½ï¼š35]
[ info ] [ LANG ] E:\php\phpstudy\phpStudy\WWW\test\thinkphp\lang\zh-cn.php
[ info ] [ ROUTE ] array (
  'type' => 'module',
  'module' => 
  array (
    0 => 'user',
    1 => 'App',
    2 => 'getNews',
  ),
)
[ info ] [ HEADER ] array (
  'host' => 'www.test.com',
  'connection' => 'keep-alive',
  'content-length' => '19',
  'accept' => 'application/json, text/plain, */*',
  'origin' => 'http://www.test.com',
  'user-agent' => 'Mozilla/5.0 (Windows NT 6.1; Win64; x64) AppleWebKit/537.36 (KHTML, like Gecko) Chrome/58.0.3029.110 Safari/537.36',
  'content-type' => 'application/json;charset=UTF-8',
  'dnt' => '1',
  'referer' => 'http://www.test.com/',
  'accept-encoding' => 'gzip, deflate',
  'accept-language' => 'zh-CN,zh;q=0.8',
  'cookie' => 'pgv_pvi=2974618624; thinkphp_show_page_trace=0|0',
)
[ info ] [ PARAM ] array (
  'type' => 2,
  'page' => 1,
)
[ info ] [ RUN ] app\user\controller\App->getNews[ E:\php\phpstudy\phpStudy\WWW\test\application\user\controller\App.php ]
[ info ] [ LOG ] INIT File
[ log ] hello²âÊÔÈÕÖ¾ÐÅÏ¢

---------------------------------------------------------------
[ 2018-04-08T15:41:43+08:00 ] 127.0.0.1 127.0.0.1 POST /user/App/getNews
[ log ] www.test.com/user/App/getNews [è¿è¡Œæ—¶é—´ï¼š0.055000s][åžåçŽ‡ï¼š18.18req/s] [å†…å­˜æ¶ˆè€—ï¼š1,296.09kb] [æ–‡ä»¶åŠ è½½ï¼š35]
[ notice ] -----2

[ 2018-04-08T15:42:06+08:00 ] 127.0.0.1 127.0.0.1 POST /user/App/getNews
[ log ] www.test.com/user/App/getNews [è¿è¡Œæ—¶é—´ï¼š0.053000s][åžåçŽ‡ï¼š18.87req/s] [å†…å­˜æ¶ˆè€—ï¼š1,297.29kb] [æ–‡ä»¶åŠ è½½ï¼š35]
[ notice ] post data{"type":2,"page":1}

[ 2018-04-08T15:42:06+08:00 ] 127.0.0.1 127.0.0.1 POST /user/App/getNews
[ log ] www.test.com/user/App/getNews [è¿è¡Œæ—¶é—´ï¼š0.055000s][åžåçŽ‡ï¼š18.18req/s] [å†…å­˜æ¶ˆè€—ï¼š1,297.29kb] [æ–‡ä»¶åŠ è½½ï¼š35]
[ info ] [ LANG ] E:\php\phpstudy\phpStudy\WWW\test\thinkphp\lang\zh-cn.php
[ info ] [ ROUTE ] array (
  'type' => 'module',
  'module' => 
  array (
    0 => 'user',
    1 => 'App',
    2 => 'getNews',
  ),
)
[ info ] [ HEADER ] array (
  'host' => 'www.test.com',
  'connection' => 'keep-alive',
  'content-length' => '19',
  'accept' => 'application/json, text/plain, */*',
  'origin' => 'http://www.test.com',
  'user-agent' => 'Mozilla/5.0 (Windows NT 6.1; Win64; x64) AppleWebKit/537.36 (KHTML, like Gecko) Chrome/58.0.3029.110 Safari/537.36',
  'content-type' => 'application/json;charset=UTF-8',
  'dnt' => '1',
  'referer' => 'http://www.test.com/',
  'accept-encoding' => 'gzip, deflate',
  'accept-language' => 'zh-CN,zh;q=0.8',
  'cookie' => 'pgv_pvi=2974618624; thinkphp_show_page_trace=0|0',
)
[ info ] [ PARAM ] array (
  'type' => 2,
  'page' => 1,
)
[ info ] [ RUN ] app\user\controller\App->getNews[ E:\php\phpstudy\phpStudy\WWW\test\application\user\controller\App.php ]
[ info ] [ LOG ] INIT File
[ log ] hello²âÊÔÈÕÖ¾ÐÅÏ¢

---------------------------------------------------------------
[ 2018-04-08T15:42:06+08:00 ] 127.0.0.1 127.0.0.1 POST /user/App/getNews
[ log ] www.test.com/user/App/getNews [è¿è¡Œæ—¶é—´ï¼š0.057000s][åžåçŽ‡ï¼š17.54req/s] [å†…å­˜æ¶ˆè€—ï¼š1,296.07kb] [æ–‡ä»¶åŠ è½½ï¼š35]
[ notice ] -----2

[ 2018-04-08T15:42:07+08:00 ] 127.0.0.1 127.0.0.1 POST /user/App/getNews
[ log ] www.test.com/user/App/getNews [è¿è¡Œæ—¶é—´ï¼š0.049000s][åžåçŽ‡ï¼š20.41req/s] [å†…å­˜æ¶ˆè€—ï¼š1,297.29kb] [æ–‡ä»¶åŠ è½½ï¼š35]
[ notice ] post data{"type":2,"page":1}

[ 2018-04-08T15:42:07+08:00 ] 127.0.0.1 127.0.0.1 POST /user/App/getNews
[ log ] www.test.com/user/App/getNews [è¿è¡Œæ—¶é—´ï¼š0.051000s][åžåçŽ‡ï¼š19.61req/s] [å†…å­˜æ¶ˆè€—ï¼š1,297.29kb] [æ–‡ä»¶åŠ è½½ï¼š35]
[ info ] [ LANG ] E:\php\phpstudy\phpStudy\WWW\test\thinkphp\lang\zh-cn.php
[ info ] [ ROUTE ] array (
  'type' => 'module',
  'module' => 
  array (
    0 => 'user',
    1 => 'App',
    2 => 'getNews',
  ),
)
[ info ] [ HEADER ] array (
  'host' => 'www.test.com',
  'connection' => 'keep-alive',
  'content-length' => '19',
  'accept' => 'application/json, text/plain, */*',
  'origin' => 'http://www.test.com',
  'user-agent' => 'Mozilla/5.0 (Windows NT 6.1; Win64; x64) AppleWebKit/537.36 (KHTML, like Gecko) Chrome/58.0.3029.110 Safari/537.36',
  'content-type' => 'application/json;charset=UTF-8',
  'dnt' => '1',
  'referer' => 'http://www.test.com/',
  'accept-encoding' => 'gzip, deflate',
  'accept-language' => 'zh-CN,zh;q=0.8',
  'cookie' => 'pgv_pvi=2974618624; thinkphp_show_page_trace=0|0',
)
[ info ] [ PARAM ] array (
  'type' => 2,
  'page' => 1,
)
[ info ] [ RUN ] app\user\controller\App->getNews[ E:\php\phpstudy\phpStudy\WWW\test\application\user\controller\App.php ]
[ info ] [ LOG ] INIT File
[ log ] hello²âÊÔÈÕÖ¾ÐÅÏ¢

---------------------------------------------------------------
[ 2018-04-08T15:42:07+08:00 ] 127.0.0.1 127.0.0.1 POST /user/App/getNews
[ log ] www.test.com/user/App/getNews [è¿è¡Œæ—¶é—´ï¼š0.053000s][åžåçŽ‡ï¼š18.87req/s] [å†…å­˜æ¶ˆè€—ï¼š1,296.07kb] [æ–‡ä»¶åŠ è½½ï¼š35]
[ notice ] -----2

[ 2018-04-08T15:42:08+08:00 ] 127.0.0.1 127.0.0.1 POST /user/App/getNews
[ log ] www.test.com/user/App/getNews [è¿è¡Œæ—¶é—´ï¼š0.044000s][åžåçŽ‡ï¼š22.73req/s] [å†…å­˜æ¶ˆè€—ï¼š1,297.29kb] [æ–‡ä»¶åŠ è½½ï¼š35]
[ notice ] post data{"type":2,"page":1}

[ 2018-04-08T15:42:08+08:00 ] 127.0.0.1 127.0.0.1 POST /user/App/getNews
[ log ] www.test.com/user/App/getNews [è¿è¡Œæ—¶é—´ï¼š0.045000s][åžåçŽ‡ï¼š22.22req/s] [å†…å­˜æ¶ˆè€—ï¼š1,297.29kb] [æ–‡ä»¶åŠ è½½ï¼š35]
[ info ] [ LANG ] E:\php\phpstudy\phpStudy\WWW\test\thinkphp\lang\zh-cn.php
[ info ] [ ROUTE ] array (
  'type' => 'module',
  'module' => 
  array (
    0 => 'user',
    1 => 'App',
    2 => 'getNews',
  ),
)
[ info ] [ HEADER ] array (
  'host' => 'www.test.com',
  'connection' => 'keep-alive',
  'content-length' => '19',
  'accept' => 'application/json, text/plain, */*',
  'origin' => 'http://www.test.com',
  'user-agent' => 'Mozilla/5.0 (Windows NT 6.1; Win64; x64) AppleWebKit/537.36 (KHTML, like Gecko) Chrome/58.0.3029.110 Safari/537.36',
  'content-type' => 'application/json;charset=UTF-8',
  'dnt' => '1',
  'referer' => 'http://www.test.com/',
  'accept-encoding' => 'gzip, deflate',
  'accept-language' => 'zh-CN,zh;q=0.8',
  'cookie' => 'pgv_pvi=2974618624; thinkphp_show_page_trace=0|0',
)
[ info ] [ PARAM ] array (
  'type' => 2,
  'page' => 1,
)
[ info ] [ RUN ] app\user\controller\App->getNews[ E:\php\phpstudy\phpStudy\WWW\test\application\user\controller\App.php ]
[ info ] [ LOG ] INIT File
[ log ] hello²âÊÔÈÕÖ¾ÐÅÏ¢

---------------------------------------------------------------
[ 2018-04-08T15:42:08+08:00 ] 127.0.0.1 127.0.0.1 POST /user/App/getNews
[ log ] www.test.com/user/App/getNews [è¿è¡Œæ—¶é—´ï¼š0.047000s][åžåçŽ‡ï¼š21.28req/s] [å†…å­˜æ¶ˆè€—ï¼š1,296.07kb] [æ–‡ä»¶åŠ è½½ï¼š35]
[ notice ] -----2

[ 2018-04-08T15:42:09+08:00 ] 127.0.0.1 127.0.0.1 POST /user/App/getNews
[ log ] www.test.com/user/App/getNews [è¿è¡Œæ—¶é—´ï¼š0.046000s][åžåçŽ‡ï¼š21.74req/s] [å†…å­˜æ¶ˆè€—ï¼š1,297.29kb] [æ–‡ä»¶åŠ è½½ï¼š35]
[ notice ] post data{"type":2,"page":1}

[ 2018-04-08T15:42:09+08:00 ] 127.0.0.1 127.0.0.1 POST /user/App/getNews
[ log ] www.test.com/user/App/getNews [è¿è¡Œæ—¶é—´ï¼š0.047000s][åžåçŽ‡ï¼š21.28req/s] [å†…å­˜æ¶ˆè€—ï¼š1,297.29kb] [æ–‡ä»¶åŠ è½½ï¼š35]
[ info ] [ LANG ] E:\php\phpstudy\phpStudy\WWW\test\thinkphp\lang\zh-cn.php
[ info ] [ ROUTE ] array (
  'type' => 'module',
  'module' => 
  array (
    0 => 'user',
    1 => 'App',
    2 => 'getNews',
  ),
)
[ info ] [ HEADER ] array (
  'host' => 'www.test.com',
  'connection' => 'keep-alive',
  'content-length' => '19',
  'accept' => 'application/json, text/plain, */*',
  'origin' => 'http://www.test.com',
  'user-agent' => 'Mozilla/5.0 (Windows NT 6.1; Win64; x64) AppleWebKit/537.36 (KHTML, like Gecko) Chrome/58.0.3029.110 Safari/537.36',
  'content-type' => 'application/json;charset=UTF-8',
  'dnt' => '1',
  'referer' => 'http://www.test.com/',
  'accept-encoding' => 'gzip, deflate',
  'accept-language' => 'zh-CN,zh;q=0.8',
  'cookie' => 'pgv_pvi=2974618624; thinkphp_show_page_trace=0|0',
)
[ info ] [ PARAM ] array (
  'type' => 2,
  'page' => 1,
)
[ info ] [ RUN ] app\user\controller\App->getNews[ E:\php\phpstudy\phpStudy\WWW\test\application\user\controller\App.php ]
[ info ] [ LOG ] INIT File
[ log ] hello²âÊÔÈÕÖ¾ÐÅÏ¢

---------------------------------------------------------------
[ 2018-04-08T15:42:09+08:00 ] 127.0.0.1 127.0.0.1 POST /user/App/getNews
[ log ] www.test.com/user/App/getNews [è¿è¡Œæ—¶é—´ï¼š0.049000s][åžåçŽ‡ï¼š20.41req/s] [å†…å­˜æ¶ˆè€—ï¼š1,296.07kb] [æ–‡ä»¶åŠ è½½ï¼š35]
[ notice ] -----2

[ 2018-04-08T15:42:22+08:00 ] 127.0.0.1 127.0.0.1 POST /user/App/getNews
[ log ] www.test.com/user/App/getNews [è¿è¡Œæ—¶é—´ï¼š0.037000s][åžåçŽ‡ï¼š27.03req/s] [å†…å­˜æ¶ˆè€—ï¼š1,297.29kb] [æ–‡ä»¶åŠ è½½ï¼š35]
[ notice ] post data{"type":2,"page":1}

[ 2018-04-08T15:42:22+08:00 ] 127.0.0.1 127.0.0.1 POST /user/App/getNews
[ log ] www.test.com/user/App/getNews [è¿è¡Œæ—¶é—´ï¼š0.039000s][åžåçŽ‡ï¼š25.64req/s] [å†…å­˜æ¶ˆè€—ï¼š1,297.29kb] [æ–‡ä»¶åŠ è½½ï¼š35]
[ info ] [ LANG ] E:\php\phpstudy\phpStudy\WWW\test\thinkphp\lang\zh-cn.php
[ info ] [ ROUTE ] array (
  'type' => 'module',
  'module' => 
  array (
    0 => 'user',
    1 => 'App',
    2 => 'getNews',
  ),
)
[ info ] [ HEADER ] array (
  'host' => 'www.test.com',
  'connection' => 'keep-alive',
  'content-length' => '19',
  'accept' => 'application/json, text/plain, */*',
  'origin' => 'http://www.test.com',
  'user-agent' => 'Mozilla/5.0 (Windows NT 6.1; Win64; x64) AppleWebKit/537.36 (KHTML, like Gecko) Chrome/58.0.3029.110 Safari/537.36',
  'content-type' => 'application/json;charset=UTF-8',
  'dnt' => '1',
  'referer' => 'http://www.test.com/',
  'accept-encoding' => 'gzip, deflate',
  'accept-language' => 'zh-CN,zh;q=0.8',
  'cookie' => 'pgv_pvi=2974618624; thinkphp_show_page_trace=0|0',
)
[ info ] [ PARAM ] array (
  'type' => 2,
  'page' => 1,
)
[ info ] [ RUN ] app\user\controller\App->getNews[ E:\php\phpstudy\phpStudy\WWW\test\application\user\controller\App.php ]
[ info ] [ LOG ] INIT File
[ log ] hello²âÊÔÈÕÖ¾ÐÅÏ¢

---------------------------------------------------------------
[ 2018-04-08T15:42:22+08:00 ] 127.0.0.1 127.0.0.1 POST /user/App/getNews
[ log ] www.test.com/user/App/getNews [è¿è¡Œæ—¶é—´ï¼š0.042000s][åžåçŽ‡ï¼š23.81req/s] [å†…å­˜æ¶ˆè€—ï¼š1,296.07kb] [æ–‡ä»¶åŠ è½½ï¼š35]
[ notice ] -----2

[ 2018-04-08T15:42:56+08:00 ] 127.0.0.1 127.0.0.1 POST /user/App/getNews
[ log ] www.test.com/user/App/getNews [è¿è¡Œæ—¶é—´ï¼š0.060000s][åžåçŽ‡ï¼š16.67req/s] [å†…å­˜æ¶ˆè€—ï¼š1,297.29kb] [æ–‡ä»¶åŠ è½½ï¼š35]
[ notice ] post data{"type":2,"page":1}

[ 2018-04-08T15:42:56+08:00 ] 127.0.0.1 127.0.0.1 POST /user/App/getNews
[ log ] www.test.com/user/App/getNews [è¿è¡Œæ—¶é—´ï¼š0.062000s][åžåçŽ‡ï¼š16.13req/s] [å†…å­˜æ¶ˆè€—ï¼š1,297.29kb] [æ–‡ä»¶åŠ è½½ï¼š35]
[ info ] [ LANG ] E:\php\phpstudy\phpStudy\WWW\test\thinkphp\lang\zh-cn.php
[ info ] [ ROUTE ] array (
  'type' => 'module',
  'module' => 
  array (
    0 => 'user',
    1 => 'App',
    2 => 'getNews',
  ),
)
[ info ] [ HEADER ] array (
  'host' => 'www.test.com',
  'connection' => 'keep-alive',
  'content-length' => '19',
  'accept' => 'application/json, text/plain, */*',
  'origin' => 'http://www.test.com',
  'user-agent' => 'Mozilla/5.0 (Windows NT 6.1; Win64; x64) AppleWebKit/537.36 (KHTML, like Gecko) Chrome/58.0.3029.110 Safari/537.36',
  'content-type' => 'application/json;charset=UTF-8',
  'dnt' => '1',
  'referer' => 'http://www.test.com/',
  'accept-encoding' => 'gzip, deflate',
  'accept-language' => 'zh-CN,zh;q=0.8',
  'cookie' => 'pgv_pvi=2974618624; thinkphp_show_page_trace=0|0',
)
[ info ] [ PARAM ] array (
  'type' => 2,
  'page' => 1,
)
[ info ] [ RUN ] app\user\controller\App->getNews[ E:\php\phpstudy\phpStudy\WWW\test\application\user\controller\App.php ]
[ info ] [ LOG ] INIT File
[ log ] hello²âÊÔÈÕÖ¾ÐÅÏ¢

---------------------------------------------------------------
[ 2018-04-08T15:42:56+08:00 ] 127.0.0.1 127.0.0.1 POST /user/App/getNews
[ log ] www.test.com/user/App/getNews [è¿è¡Œæ—¶é—´ï¼š0.064000s][åžåçŽ‡ï¼š15.63req/s] [å†…å­˜æ¶ˆè€—ï¼š1,296.07kb] [æ–‡ä»¶åŠ è½½ï¼š35]
[ notice ] -----2

[ 2018-04-08T15:43:20+08:00 ] 127.0.0.1 127.0.0.1 POST /user/App/getNews
[ log ] www.test.com/user/App/getNews [è¿è¡Œæ—¶é—´ï¼š0.044000s][åžåçŽ‡ï¼š22.73req/s] [å†…å­˜æ¶ˆè€—ï¼š1,297.29kb] [æ–‡ä»¶åŠ è½½ï¼š35]
[ notice ] post data{"type":2,"page":1}

[ 2018-04-08T15:43:20+08:00 ] 127.0.0.1 127.0.0.1 POST /user/App/getNews
[ log ] www.test.com/user/App/getNews [è¿è¡Œæ—¶é—´ï¼š0.046000s][åžåçŽ‡ï¼š21.74req/s] [å†…å­˜æ¶ˆè€—ï¼š1,297.29kb] [æ–‡ä»¶åŠ è½½ï¼š35]
[ info ] [ LANG ] E:\php\phpstudy\phpStudy\WWW\test\thinkphp\lang\zh-cn.php
[ info ] [ ROUTE ] array (
  'type' => 'module',
  'module' => 
  array (
    0 => 'user',
    1 => 'App',
    2 => 'getNews',
  ),
)
[ info ] [ HEADER ] array (
  'host' => 'www.test.com',
  'connection' => 'keep-alive',
  'content-length' => '19',
  'accept' => 'application/json, text/plain, */*',
  'origin' => 'http://www.test.com',
  'user-agent' => 'Mozilla/5.0 (Windows NT 6.1; Win64; x64) AppleWebKit/537.36 (KHTML, like Gecko) Chrome/58.0.3029.110 Safari/537.36',
  'content-type' => 'application/json;charset=UTF-8',
  'dnt' => '1',
  'referer' => 'http://www.test.com/',
  'accept-encoding' => 'gzip, deflate',
  'accept-language' => 'zh-CN,zh;q=0.8',
  'cookie' => 'pgv_pvi=2974618624; thinkphp_show_page_trace=0|0',
)
[ info ] [ PARAM ] array (
  'type' => 2,
  'page' => 1,
)
[ info ] [ RUN ] app\user\controller\App->getNews[ E:\php\phpstudy\phpStudy\WWW\test\application\user\controller\App.php ]
[ info ] [ LOG ] INIT File
[ log ] hello²âÊÔÈÕÖ¾ÐÅÏ¢

---------------------------------------------------------------
[ 2018-04-08T15:43:20+08:00 ] 127.0.0.1 127.0.0.1 POST /user/App/getNews
[ log ] www.test.com/user/App/getNews [è¿è¡Œæ—¶é—´ï¼š0.047000s][åžåçŽ‡ï¼š21.28req/s] [å†…å­˜æ¶ˆè€—ï¼š1,296.07kb] [æ–‡ä»¶åŠ è½½ï¼š35]
[ notice ] -----2

[ 2018-04-08T15:50:37+08:00 ] 127.0.0.1 127.0.0.1 POST /user/App/getNews
[ log ] www.test.com/user/App/getNews [è¿è¡Œæ—¶é—´ï¼š0.046000s][åžåçŽ‡ï¼š21.74req/s] [å†…å­˜æ¶ˆè€—ï¼š1,297.30kb] [æ–‡ä»¶åŠ è½½ï¼š35]
[ notice ] post data{"type":2,"page":1}

[ 2018-04-08T15:50:37+08:00 ] 127.0.0.1 127.0.0.1 POST /user/App/getNews
[ log ] www.test.com/user/App/getNews [è¿è¡Œæ—¶é—´ï¼š0.047000s][åžåçŽ‡ï¼š21.28req/s] [å†…å­˜æ¶ˆè€—ï¼š1,297.30kb] [æ–‡ä»¶åŠ è½½ï¼š35]
[ info ] [ LANG ] E:\php\phpstudy\phpStudy\WWW\test\thinkphp\lang\zh-cn.php
[ info ] [ ROUTE ] array (
  'type' => 'module',
  'module' => 
  array (
    0 => 'user',
    1 => 'App',
    2 => 'getNews',
  ),
)
[ info ] [ HEADER ] array (
  'host' => 'www.test.com',
  'connection' => 'keep-alive',
  'content-length' => '19',
  'accept' => 'application/json, text/plain, */*',
  'origin' => 'http://www.test.com',
  'user-agent' => 'Mozilla/5.0 (Windows NT 6.1; Win64; x64) AppleWebKit/537.36 (KHTML, like Gecko) Chrome/58.0.3029.110 Safari/537.36',
  'content-type' => 'application/json;charset=UTF-8',
  'dnt' => '1',
  'referer' => 'http://www.test.com/',
  'accept-encoding' => 'gzip, deflate',
  'accept-language' => 'zh-CN,zh;q=0.8',
  'cookie' => 'pgv_pvi=2974618624; thinkphp_show_page_trace=0|0',
)
[ info ] [ PARAM ] array (
  'type' => 2,
  'page' => 1,
)
[ info ] [ RUN ] app\user\controller\App->getNews[ E:\php\phpstudy\phpStudy\WWW\test\application\user\controller\App.php ]
[ info ] [ LOG ] INIT File
[ log ] hello²âÊÔÈÕÖ¾ÐÅÏ¢

---------------------------------------------------------------
[ 2018-04-08T15:50:37+08:00 ] 127.0.0.1 127.0.0.1 POST /user/App/getNews
[ log ] www.test.com/user/App/getNews [è¿è¡Œæ—¶é—´ï¼š0.050000s][åžåçŽ‡ï¼š20.00req/s] [å†…å­˜æ¶ˆè€—ï¼š1,296.09kb] [æ–‡ä»¶åŠ è½½ï¼š35]
[ notice ] -----2

[ 2018-04-08T15:53:17+08:00 ] 127.0.0.1 127.0.0.1 POST /user/App/getNews
[ log ] www.test.com/user/App/getNews [è¿è¡Œæ—¶é—´ï¼š0.043004s][åžåçŽ‡ï¼š23.25req/s] [å†…å­˜æ¶ˆè€—ï¼š1,297.30kb] [æ–‡ä»¶åŠ è½½ï¼š35]
[ notice ] post data{"type":2,"page":1}

[ 2018-04-08T15:53:17+08:00 ] 127.0.0.1 127.0.0.1 POST /user/App/getNews
[ log ] www.test.com/user/App/getNews [è¿è¡Œæ—¶é—´ï¼š0.045004s][åžåçŽ‡ï¼š22.22req/s] [å†…å­˜æ¶ˆè€—ï¼š1,297.30kb] [æ–‡ä»¶åŠ è½½ï¼š35]
[ info ] [ LANG ] E:\php\phpstudy\phpStudy\WWW\test\thinkphp\lang\zh-cn.php
[ info ] [ ROUTE ] array (
  'type' => 'module',
  'module' => 
  array (
    0 => 'user',
    1 => 'App',
    2 => 'getNews',
  ),
)
[ info ] [ HEADER ] array (
  'host' => 'www.test.com',
  'connection' => 'keep-alive',
  'content-length' => '19',
  'accept' => 'application/json, text/plain, */*',
  'origin' => 'http://www.test.com',
  'user-agent' => 'Mozilla/5.0 (Windows NT 6.1; Win64; x64) AppleWebKit/537.36 (KHTML, like Gecko) Chrome/58.0.3029.110 Safari/537.36',
  'content-type' => 'application/json;charset=UTF-8',
  'dnt' => '1',
  'referer' => 'http://www.test.com/',
  'accept-encoding' => 'gzip, deflate',
  'accept-language' => 'zh-CN,zh;q=0.8',
  'cookie' => 'pgv_pvi=2974618624; thinkphp_show_page_trace=0|0',
)
[ info ] [ PARAM ] array (
  'type' => 2,
  'page' => 1,
)
[ info ] [ RUN ] app\user\controller\App->getNews[ E:\php\phpstudy\phpStudy\WWW\test\application\user\controller\App.php ]
[ info ] [ LOG ] INIT File
[ log ] hello²âÊÔÈÕÖ¾ÐÅÏ¢

---------------------------------------------------------------
[ 2018-04-08T15:53:17+08:00 ] 127.0.0.1 127.0.0.1 POST /user/App/getNews
[ log ] www.test.com/user/App/getNews [è¿è¡Œæ—¶é—´ï¼š0.046004s][åžåçŽ‡ï¼š21.74req/s] [å†…å­˜æ¶ˆè€—ï¼š1,296.09kb] [æ–‡ä»¶åŠ è½½ï¼š35]
[ notice ] -----2

[ 2018-04-08T16:07:57+08:00 ] 127.0.0.1 127.0.0.1 POST /user/App/getNews
[ log ] www.test.com/user/App/getNews [è¿è¡Œæ—¶é—´ï¼š0.045000s][åžåçŽ‡ï¼š22.22req/s] [å†…å­˜æ¶ˆè€—ï¼š1,297.29kb] [æ–‡ä»¶åŠ è½½ï¼š35]
[ notice ] post data{"type":2,"page":1}

[ 2018-04-08T16:07:57+08:00 ] 127.0.0.1 127.0.0.1 POST /user/App/getNews
[ log ] www.test.com/user/App/getNews [è¿è¡Œæ—¶é—´ï¼š0.046000s][åžåçŽ‡ï¼š21.74req/s] [å†…å­˜æ¶ˆè€—ï¼š1,297.29kb] [æ–‡ä»¶åŠ è½½ï¼š35]
[ info ] [ LANG ] E:\php\phpstudy\phpStudy\WWW\test\thinkphp\lang\zh-cn.php
[ info ] [ ROUTE ] array (
  'type' => 'module',
  'module' => 
  array (
    0 => 'user',
    1 => 'App',
    2 => 'getNews',
  ),
)
[ info ] [ HEADER ] array (
  'host' => 'www.test.com',
  'connection' => 'keep-alive',
  'content-length' => '19',
  'accept' => 'application/json, text/plain, */*',
  'origin' => 'http://www.test.com',
  'user-agent' => 'Mozilla/5.0 (Windows NT 6.1; Win64; x64) AppleWebKit/537.36 (KHTML, like Gecko) Chrome/58.0.3029.110 Safari/537.36',
  'content-type' => 'application/json;charset=UTF-8',
  'dnt' => '1',
  'referer' => 'http://www.test.com/',
  'accept-encoding' => 'gzip, deflate',
  'accept-language' => 'zh-CN,zh;q=0.8',
  'cookie' => 'pgv_pvi=2974618624; thinkphp_show_page_trace=0|0',
)
[ info ] [ PARAM ] array (
  'type' => 2,
  'page' => 1,
)
[ info ] [ RUN ] app\user\controller\App->getNews[ E:\php\phpstudy\phpStudy\WWW\test\application\user\controller\App.php ]
[ info ] [ LOG ] INIT File
[ log ] hello²âÊÔÈÕÖ¾ÐÅÏ¢

---------------------------------------------------------------
[ 2018-04-08T16:07:57+08:00 ] 127.0.0.1 127.0.0.1 POST /user/App/getNews
[ log ] www.test.com/user/App/getNews [è¿è¡Œæ—¶é—´ï¼š0.047000s][åžåçŽ‡ï¼š21.28req/s] [å†…å­˜æ¶ˆè€—ï¼š1,296.07kb] [æ–‡ä»¶åŠ è½½ï¼š35]
[ notice ] -----2

[ 2018-04-08T16:07:59+08:00 ] 127.0.0.1 127.0.0.1 POST /user/App/getNews
[ log ] www.test.com/user/App/getNews [è¿è¡Œæ—¶é—´ï¼š0.048000s][åžåçŽ‡ï¼š20.83req/s] [å†…å­˜æ¶ˆè€—ï¼š1,297.29kb] [æ–‡ä»¶åŠ è½½ï¼š35]
[ notice ] post data{"type":2,"page":1}

[ 2018-04-08T16:07:59+08:00 ] 127.0.0.1 127.0.0.1 POST /user/App/getNews
[ log ] www.test.com/user/App/getNews [è¿è¡Œæ—¶é—´ï¼š0.049000s][åžåçŽ‡ï¼š20.41req/s] [å†…å­˜æ¶ˆè€—ï¼š1,297.29kb] [æ–‡ä»¶åŠ è½½ï¼š35]
[ info ] [ LANG ] E:\php\phpstudy\phpStudy\WWW\test\thinkphp\lang\zh-cn.php
[ info ] [ ROUTE ] array (
  'type' => 'module',
  'module' => 
  array (
    0 => 'user',
    1 => 'App',
    2 => 'getNews',
  ),
)
[ info ] [ HEADER ] array (
  'host' => 'www.test.com',
  'connection' => 'keep-alive',
  'content-length' => '19',
  'accept' => 'application/json, text/plain, */*',
  'origin' => 'http://www.test.com',
  'user-agent' => 'Mozilla/5.0 (Windows NT 6.1; Win64; x64) AppleWebKit/537.36 (KHTML, like Gecko) Chrome/58.0.3029.110 Safari/537.36',
  'content-type' => 'application/json;charset=UTF-8',
  'dnt' => '1',
  'referer' => 'http://www.test.com/',
  'accept-encoding' => 'gzip, deflate',
  'accept-language' => 'zh-CN,zh;q=0.8',
  'cookie' => 'pgv_pvi=2974618624; thinkphp_show_page_trace=0|0',
)
[ info ] [ PARAM ] array (
  'type' => 2,
  'page' => 1,
)
[ info ] [ RUN ] app\user\controller\App->getNews[ E:\php\phpstudy\phpStudy\WWW\test\application\user\controller\App.php ]
[ info ] [ LOG ] INIT File
[ log ] hello²âÊÔÈÕÖ¾ÐÅÏ¢

---------------------------------------------------------------
[ 2018-04-08T16:07:59+08:00 ] 127.0.0.1 127.0.0.1 POST /user/App/getNews
[ log ] www.test.com/user/App/getNews [è¿è¡Œæ—¶é—´ï¼š0.051000s][åžåçŽ‡ï¼š19.61req/s] [å†…å­˜æ¶ˆè€—ï¼š1,296.07kb] [æ–‡ä»¶åŠ è½½ï¼š35]
[ notice ] -----2

[ 2018-04-08T16:11:12+08:00 ] 127.0.0.1 127.0.0.1 POST /user/App/getNews
[ log ] www.test.com/user/App/getNews [è¿è¡Œæ—¶é—´ï¼š0.041000s][åžåçŽ‡ï¼š24.39req/s] [å†…å­˜æ¶ˆè€—ï¼š1,297.30kb] [æ–‡ä»¶åŠ è½½ï¼š35]
[ notice ] post data{"type":2,"page":1}

[ 2018-04-08T16:11:12+08:00 ] 127.0.0.1 127.0.0.1 POST /user/App/getNews
[ log ] www.test.com/user/App/getNews [è¿è¡Œæ—¶é—´ï¼š0.042000s][åžåçŽ‡ï¼š23.81req/s] [å†…å­˜æ¶ˆè€—ï¼š1,297.30kb] [æ–‡ä»¶åŠ è½½ï¼š35]
[ info ] [ LANG ] E:\php\phpstudy\phpStudy\WWW\test\thinkphp\lang\zh-cn.php
[ info ] [ ROUTE ] array (
  'type' => 'module',
  'module' => 
  array (
    0 => 'user',
    1 => 'App',
    2 => 'getNews',
  ),
)
[ info ] [ HEADER ] array (
  'host' => 'www.test.com',
  'connection' => 'keep-alive',
  'content-length' => '19',
  'accept' => 'application/json, text/plain, */*',
  'origin' => 'http://www.test.com',
  'user-agent' => 'Mozilla/5.0 (Windows NT 6.1; Win64; x64) AppleWebKit/537.36 (KHTML, like Gecko) Chrome/58.0.3029.110 Safari/537.36',
  'content-type' => 'application/json;charset=UTF-8',
  'dnt' => '1',
  'referer' => 'http://www.test.com/',
  'accept-encoding' => 'gzip, deflate',
  'accept-language' => 'zh-CN,zh;q=0.8',
  'cookie' => 'pgv_pvi=2974618624; thinkphp_show_page_trace=0|0',
)
[ info ] [ PARAM ] array (
  'type' => 2,
  'page' => 1,
)
[ info ] [ RUN ] app\user\controller\App->getNews[ E:\php\phpstudy\phpStudy\WWW\test\application\user\controller\App.php ]
[ info ] [ LOG ] INIT File
[ log ] hello²âÊÔÈÕÖ¾ÐÅÏ¢

---------------------------------------------------------------
[ 2018-04-08T16:11:12+08:00 ] 127.0.0.1 127.0.0.1 POST /user/App/getNews
[ log ] www.test.com/user/App/getNews [è¿è¡Œæ—¶é—´ï¼š0.043000s][åžåçŽ‡ï¼š23.26req/s] [å†…å­˜æ¶ˆè€—ï¼š1,296.09kb] [æ–‡ä»¶åŠ è½½ï¼š35]
[ notice ] -----2

[ 2018-04-08T16:11:37+08:00 ] 127.0.0.1 127.0.0.1 POST /user/App/getNews
[ log ] www.test.com/user/App/getNews [è¿è¡Œæ—¶é—´ï¼š0.050000s][åžåçŽ‡ï¼š20.00req/s] [å†…å­˜æ¶ˆè€—ï¼š1,297.29kb] [æ–‡ä»¶åŠ è½½ï¼š35]
[ notice ] post data{"type":2,"page":1}

[ 2018-04-08T16:11:37+08:00 ] 127.0.0.1 127.0.0.1 POST /user/App/getNews
[ log ] www.test.com/user/App/getNews [è¿è¡Œæ—¶é—´ï¼š0.051000s][åžåçŽ‡ï¼š19.61req/s] [å†…å­˜æ¶ˆè€—ï¼š1,297.29kb] [æ–‡ä»¶åŠ è½½ï¼š35]
[ info ] [ LANG ] E:\php\phpstudy\phpStudy\WWW\test\thinkphp\lang\zh-cn.php
[ info ] [ ROUTE ] array (
  'type' => 'module',
  'module' => 
  array (
    0 => 'user',
    1 => 'App',
    2 => 'getNews',
  ),
)
[ info ] [ HEADER ] array (
  'host' => 'www.test.com',
  'connection' => 'keep-alive',
  'content-length' => '19',
  'accept' => 'application/json, text/plain, */*',
  'origin' => 'http://www.test.com',
  'user-agent' => 'Mozilla/5.0 (Windows NT 6.1; Win64; x64) AppleWebKit/537.36 (KHTML, like Gecko) Chrome/58.0.3029.110 Safari/537.36',
  'content-type' => 'application/json;charset=UTF-8',
  'dnt' => '1',
  'referer' => 'http://www.test.com/',
  'accept-encoding' => 'gzip, deflate',
  'accept-language' => 'zh-CN,zh;q=0.8',
  'cookie' => 'pgv_pvi=2974618624; thinkphp_show_page_trace=0|0',
)
[ info ] [ PARAM ] array (
  'type' => 2,
  'page' => 1,
)
[ info ] [ RUN ] app\user\controller\App->getNews[ E:\php\phpstudy\phpStudy\WWW\test\application\user\controller\App.php ]
[ info ] [ LOG ] INIT File
[ log ] hello²âÊÔÈÕÖ¾ÐÅÏ¢

---------------------------------------------------------------
[ 2018-04-08T16:11:37+08:00 ] 127.0.0.1 127.0.0.1 POST /user/App/getNews
[ log ] www.test.com/user/App/getNews [è¿è¡Œæ—¶é—´ï¼š0.052000s][åžåçŽ‡ï¼š19.23req/s] [å†…å­˜æ¶ˆè€—ï¼š1,296.07kb] [æ–‡ä»¶åŠ è½½ï¼š35]
[ notice ] -----2

[ 2018-04-08T16:26:14+08:00 ] 127.0.0.1 127.0.0.1 POST /user/App/getNews
[ log ] www.test.com/user/App/getNews [è¿è¡Œæ—¶é—´ï¼š0.051000s][åžåçŽ‡ï¼š19.61req/s] [å†…å­˜æ¶ˆè€—ï¼š1,297.30kb] [æ–‡ä»¶åŠ è½½ï¼š35]
[ notice ] post data{"type":2,"page":1}

[ 2018-04-08T16:26:14+08:00 ] 127.0.0.1 127.0.0.1 POST /user/App/getNews
[ log ] www.test.com/user/App/getNews [è¿è¡Œæ—¶é—´ï¼š0.052000s][åžåçŽ‡ï¼š19.23req/s] [å†…å­˜æ¶ˆè€—ï¼š1,297.30kb] [æ–‡ä»¶åŠ è½½ï¼š35]
[ info ] [ LANG ] E:\php\phpstudy\phpStudy\WWW\test\thinkphp\lang\zh-cn.php
[ info ] [ ROUTE ] array (
  'type' => 'module',
  'module' => 
  array (
    0 => 'user',
    1 => 'App',
    2 => 'getNews',
  ),
)
[ info ] [ HEADER ] array (
  'host' => 'www.test.com',
  'connection' => 'keep-alive',
  'content-length' => '19',
  'accept' => 'application/json, text/plain, */*',
  'origin' => 'http://www.test.com',
  'user-agent' => 'Mozilla/5.0 (Windows NT 6.1; Win64; x64) AppleWebKit/537.36 (KHTML, like Gecko) Chrome/58.0.3029.110 Safari/537.36',
  'content-type' => 'application/json;charset=UTF-8',
  'dnt' => '1',
  'referer' => 'http://www.test.com/',
  'accept-encoding' => 'gzip, deflate',
  'accept-language' => 'zh-CN,zh;q=0.8',
  'cookie' => 'pgv_pvi=2974618624; thinkphp_show_page_trace=0|0',
)
[ info ] [ PARAM ] array (
  'type' => 2,
  'page' => 1,
)
[ info ] [ RUN ] app\user\controller\App->getNews[ E:\php\phpstudy\phpStudy\WWW\test\application\user\controller\App.php ]
[ info ] [ LOG ] INIT File
[ log ] hello²âÊÔÈÕÖ¾ÐÅÏ¢

---------------------------------------------------------------
[ 2018-04-08T16:26:14+08:00 ] 127.0.0.1 127.0.0.1 POST /user/App/getNews
[ log ] www.test.com/user/App/getNews [è¿è¡Œæ—¶é—´ï¼š0.053000s][åžåçŽ‡ï¼š18.87req/s] [å†…å­˜æ¶ˆè€—ï¼š1,296.09kb] [æ–‡ä»¶åŠ è½½ï¼š35]
[ notice ] -----2

[ 2018-04-08T16:29:26+08:00 ] 127.0.0.1 127.0.0.1 POST /user/App/getNews
[ log ] www.test.com/user/App/getNews [è¿è¡Œæ—¶é—´ï¼š0.052000s][åžåçŽ‡ï¼š19.23req/s] [å†…å­˜æ¶ˆè€—ï¼š1,297.29kb] [æ–‡ä»¶åŠ è½½ï¼š35]
[ notice ] post data{"type":2,"page":1}

[ 2018-04-08T16:29:26+08:00 ] 127.0.0.1 127.0.0.1 POST /user/App/getNews
[ log ] www.test.com/user/App/getNews [è¿è¡Œæ—¶é—´ï¼š0.053000s][åžåçŽ‡ï¼š18.87req/s] [å†…å­˜æ¶ˆè€—ï¼š1,297.29kb] [æ–‡ä»¶åŠ è½½ï¼š35]
[ info ] [ LANG ] E:\php\phpstudy\phpStudy\WWW\test\thinkphp\lang\zh-cn.php
[ info ] [ ROUTE ] array (
  'type' => 'module',
  'module' => 
  array (
    0 => 'user',
    1 => 'App',
    2 => 'getNews',
  ),
)
[ info ] [ HEADER ] array (
  'host' => 'www.test.com',
  'connection' => 'keep-alive',
  'content-length' => '19',
  'accept' => 'application/json, text/plain, */*',
  'origin' => 'http://www.test.com',
  'user-agent' => 'Mozilla/5.0 (Windows NT 6.1; Win64; x64) AppleWebKit/537.36 (KHTML, like Gecko) Chrome/58.0.3029.110 Safari/537.36',
  'content-type' => 'application/json;charset=UTF-8',
  'dnt' => '1',
  'referer' => 'http://www.test.com/',
  'accept-encoding' => 'gzip, deflate',
  'accept-language' => 'zh-CN,zh;q=0.8',
  'cookie' => 'pgv_pvi=2974618624; thinkphp_show_page_trace=0|0',
)
[ info ] [ PARAM ] array (
  'type' => 2,
  'page' => 1,
)
[ info ] [ RUN ] app\user\controller\App->getNews[ E:\php\phpstudy\phpStudy\WWW\test\application\user\controller\App.php ]
[ info ] [ LOG ] INIT File
[ log ] hello²âÊÔÈÕÖ¾ÐÅÏ¢

---------------------------------------------------------------
[ 2018-04-08T16:29:26+08:00 ] 127.0.0.1 127.0.0.1 POST /user/App/getNews
[ log ] www.test.com/user/App/getNews [è¿è¡Œæ—¶é—´ï¼š0.055000s][åžåçŽ‡ï¼š18.18req/s] [å†…å­˜æ¶ˆè€—ï¼š1,296.07kb] [æ–‡ä»¶åŠ è½½ï¼š35]
[ notice ] -----2

[ 2018-04-08T16:29:30+08:00 ] 127.0.0.1 127.0.0.1 POST /user/App/getNews
[ log ] www.test.com/user/App/getNews [è¿è¡Œæ—¶é—´ï¼š0.046000s][åžåçŽ‡ï¼š21.74req/s] [å†…å­˜æ¶ˆè€—ï¼š1,297.29kb] [æ–‡ä»¶åŠ è½½ï¼š35]
[ notice ] post data{"type":2,"page":1}

[ 2018-04-08T16:29:30+08:00 ] 127.0.0.1 127.0.0.1 POST /user/App/getNews
[ log ] www.test.com/user/App/getNews [è¿è¡Œæ—¶é—´ï¼š0.047000s][åžåçŽ‡ï¼š21.28req/s] [å†…å­˜æ¶ˆè€—ï¼š1,297.29kb] [æ–‡ä»¶åŠ è½½ï¼š35]
[ info ] [ LANG ] E:\php\phpstudy\phpStudy\WWW\test\thinkphp\lang\zh-cn.php
[ info ] [ ROUTE ] array (
  'type' => 'module',
  'module' => 
  array (
    0 => 'user',
    1 => 'App',
    2 => 'getNews',
  ),
)
[ info ] [ HEADER ] array (
  'host' => 'www.test.com',
  'connection' => 'keep-alive',
  'content-length' => '19',
  'accept' => 'application/json, text/plain, */*',
  'origin' => 'http://www.test.com',
  'user-agent' => 'Mozilla/5.0 (Windows NT 6.1; Win64; x64) AppleWebKit/537.36 (KHTML, like Gecko) Chrome/58.0.3029.110 Safari/537.36',
  'content-type' => 'application/json;charset=UTF-8',
  'dnt' => '1',
  'referer' => 'http://www.test.com/',
  'accept-encoding' => 'gzip, deflate',
  'accept-language' => 'zh-CN,zh;q=0.8',
  'cookie' => 'pgv_pvi=2974618624; thinkphp_show_page_trace=0|0',
)
[ info ] [ PARAM ] array (
  'type' => 2,
  'page' => 1,
)
[ info ] [ RUN ] app\user\controller\App->getNews[ E:\php\phpstudy\phpStudy\WWW\test\application\user\controller\App.php ]
[ info ] [ LOG ] INIT File
[ log ] hello²âÊÔÈÕÖ¾ÐÅÏ¢

---------------------------------------------------------------
[ 2018-04-08T16:29:30+08:00 ] 127.0.0.1 127.0.0.1 POST /user/App/getNews
[ log ] www.test.com/user/App/getNews [è¿è¡Œæ—¶é—´ï¼š0.049000s][åžåçŽ‡ï¼š20.41req/s] [å†…å­˜æ¶ˆè€—ï¼š1,296.07kb] [æ–‡ä»¶åŠ è½½ï¼š35]
[ notice ] -----2

[ 2018-04-08T16:29:33+08:00 ] 127.0.0.1 127.0.0.1 POST /user/App/getNews
[ log ] www.test.com/user/App/getNews [è¿è¡Œæ—¶é—´ï¼š0.043000s][åžåçŽ‡ï¼š23.26req/s] [å†…å­˜æ¶ˆè€—ï¼š1,297.29kb] [æ–‡ä»¶åŠ è½½ï¼š35]
[ notice ] post data{"type":2,"page":1}

[ 2018-04-08T16:29:33+08:00 ] 127.0.0.1 127.0.0.1 POST /user/App/getNews
[ log ] www.test.com/user/App/getNews [è¿è¡Œæ—¶é—´ï¼š0.044000s][åžåçŽ‡ï¼š22.73req/s] [å†…å­˜æ¶ˆè€—ï¼š1,297.29kb] [æ–‡ä»¶åŠ è½½ï¼š35]
[ info ] [ LANG ] E:\php\phpstudy\phpStudy\WWW\test\thinkphp\lang\zh-cn.php
[ info ] [ ROUTE ] array (
  'type' => 'module',
  'module' => 
  array (
    0 => 'user',
    1 => 'App',
    2 => 'getNews',
  ),
)
[ info ] [ HEADER ] array (
  'host' => 'www.test.com',
  'connection' => 'keep-alive',
  'content-length' => '19',
  'accept' => 'application/json, text/plain, */*',
  'origin' => 'http://www.test.com',
  'user-agent' => 'Mozilla/5.0 (Windows NT 6.1; Win64; x64) AppleWebKit/537.36 (KHTML, like Gecko) Chrome/58.0.3029.110 Safari/537.36',
  'content-type' => 'application/json;charset=UTF-8',
  'dnt' => '1',
  'referer' => 'http://www.test.com/',
  'accept-encoding' => 'gzip, deflate',
  'accept-language' => 'zh-CN,zh;q=0.8',
  'cookie' => 'pgv_pvi=2974618624; thinkphp_show_page_trace=0|0',
)
[ info ] [ PARAM ] array (
  'type' => 2,
  'page' => 1,
)
[ info ] [ RUN ] app\user\controller\App->getNews[ E:\php\phpstudy\phpStudy\WWW\test\application\user\controller\App.php ]
[ info ] [ LOG ] INIT File
[ log ] hello²âÊÔÈÕÖ¾ÐÅÏ¢

---------------------------------------------------------------
[ 2018-04-08T16:29:33+08:00 ] 127.0.0.1 127.0.0.1 POST /user/App/getNews
[ log ] www.test.com/user/App/getNews [è¿è¡Œæ—¶é—´ï¼š0.045000s][åžåçŽ‡ï¼š22.22req/s] [å†…å­˜æ¶ˆè€—ï¼š1,296.07kb] [æ–‡ä»¶åŠ è½½ï¼š35]
[ notice ] -----2

[ 2018-04-08T16:29:35+08:00 ] 127.0.0.1 127.0.0.1 POST /user/App/getNews
[ log ] www.test.com/user/App/getNews [è¿è¡Œæ—¶é—´ï¼š0.046000s][åžåçŽ‡ï¼š21.74req/s] [å†…å­˜æ¶ˆè€—ï¼š1,297.29kb] [æ–‡ä»¶åŠ è½½ï¼š35]
[ notice ] post data{"type":2,"page":1}

[ 2018-04-08T16:29:35+08:00 ] 127.0.0.1 127.0.0.1 POST /user/App/getNews
[ log ] www.test.com/user/App/getNews [è¿è¡Œæ—¶é—´ï¼š0.047000s][åžåçŽ‡ï¼š21.28req/s] [å†…å­˜æ¶ˆè€—ï¼š1,297.29kb] [æ–‡ä»¶åŠ è½½ï¼š35]
[ info ] [ LANG ] E:\php\phpstudy\phpStudy\WWW\test\thinkphp\lang\zh-cn.php
[ info ] [ ROUTE ] array (
  'type' => 'module',
  'module' => 
  array (
    0 => 'user',
    1 => 'App',
    2 => 'getNews',
  ),
)
[ info ] [ HEADER ] array (
  'host' => 'www.test.com',
  'connection' => 'keep-alive',
  'content-length' => '19',
  'accept' => 'application/json, text/plain, */*',
  'origin' => 'http://www.test.com',
  'user-agent' => 'Mozilla/5.0 (Windows NT 6.1; Win64; x64) AppleWebKit/537.36 (KHTML, like Gecko) Chrome/58.0.3029.110 Safari/537.36',
  'content-type' => 'application/json;charset=UTF-8',
  'dnt' => '1',
  'referer' => 'http://www.test.com/',
  'accept-encoding' => 'gzip, deflate',
  'accept-language' => 'zh-CN,zh;q=0.8',
  'cookie' => 'pgv_pvi=2974618624; thinkphp_show_page_trace=0|0',
)
[ info ] [ PARAM ] array (
  'type' => 2,
  'page' => 1,
)
[ info ] [ RUN ] app\user\controller\App->getNews[ E:\php\phpstudy\phpStudy\WWW\test\application\user\controller\App.php ]
[ info ] [ LOG ] INIT File
[ log ] hello²âÊÔÈÕÖ¾ÐÅÏ¢

---------------------------------------------------------------
[ 2018-04-08T16:29:35+08:00 ] 127.0.0.1 127.0.0.1 POST /user/App/getNews
[ log ] www.test.com/user/App/getNews [è¿è¡Œæ—¶é—´ï¼š0.048000s][åžåçŽ‡ï¼š20.83req/s] [å†…å­˜æ¶ˆè€—ï¼š1,296.07kb] [æ–‡ä»¶åŠ è½½ï¼š35]
[ notice ] -----2

[ 2018-04-08T16:29:35+08:00 ] 127.0.0.1 127.0.0.1 POST /user/App/getNews
[ log ] www.test.com/user/App/getNews [è¿è¡Œæ—¶é—´ï¼š0.032000s][åžåçŽ‡ï¼š31.25req/s] [å†…å­˜æ¶ˆè€—ï¼š1,297.29kb] [æ–‡ä»¶åŠ è½½ï¼š35]
[ notice ] post data{"type":2,"page":1}

[ 2018-04-08T16:29:35+08:00 ] 127.0.0.1 127.0.0.1 POST /user/App/getNews
[ log ] www.test.com/user/App/getNews [è¿è¡Œæ—¶é—´ï¼š0.034000s][åžåçŽ‡ï¼š29.41req/s] [å†…å­˜æ¶ˆè€—ï¼š1,297.29kb] [æ–‡ä»¶åŠ è½½ï¼š35]
[ info ] [ LANG ] E:\php\phpstudy\phpStudy\WWW\test\thinkphp\lang\zh-cn.php
[ info ] [ ROUTE ] array (
  'type' => 'module',
  'module' => 
  array (
    0 => 'user',
    1 => 'App',
    2 => 'getNews',
  ),
)
[ info ] [ HEADER ] array (
  'host' => 'www.test.com',
  'connection' => 'keep-alive',
  'content-length' => '19',
  'accept' => 'application/json, text/plain, */*',
  'origin' => 'http://www.test.com',
  'user-agent' => 'Mozilla/5.0 (Windows NT 6.1; Win64; x64) AppleWebKit/537.36 (KHTML, like Gecko) Chrome/58.0.3029.110 Safari/537.36',
  'content-type' => 'application/json;charset=UTF-8',
  'dnt' => '1',
  'referer' => 'http://www.test.com/',
  'accept-encoding' => 'gzip, deflate',
  'accept-language' => 'zh-CN,zh;q=0.8',
  'cookie' => 'pgv_pvi=2974618624; thinkphp_show_page_trace=0|0',
)
[ info ] [ PARAM ] array (
  'type' => 2,
  'page' => 1,
)
[ info ] [ RUN ] app\user\controller\App->getNews[ E:\php\phpstudy\phpStudy\WWW\test\application\user\controller\App.php ]
[ info ] [ LOG ] INIT File
[ log ] hello²âÊÔÈÕÖ¾ÐÅÏ¢

---------------------------------------------------------------
[ 2018-04-08T16:29:35+08:00 ] 127.0.0.1 127.0.0.1 POST /user/App/getNews
[ log ] www.test.com/user/App/getNews [è¿è¡Œæ—¶é—´ï¼š0.049600s][åžåçŽ‡ï¼š20.16req/s] [å†…å­˜æ¶ˆè€—ï¼š1,296.07kb] [æ–‡ä»¶åŠ è½½ï¼š35]
[ notice ] -----2

[ 2018-04-08T16:29:41+08:00 ] 127.0.0.1 127.0.0.1 POST /user/App/getNews
[ log ] www.test.com/user/App/getNews [è¿è¡Œæ—¶é—´ï¼š0.033000s][åžåçŽ‡ï¼š30.30req/s] [å†…å­˜æ¶ˆè€—ï¼š1,297.29kb] [æ–‡ä»¶åŠ è½½ï¼š35]
[ notice ] post data{"type":2,"page":1}

[ 2018-04-08T16:29:41+08:00 ] 127.0.0.1 127.0.0.1 POST /user/App/getNews
[ log ] www.test.com/user/App/getNews [è¿è¡Œæ—¶é—´ï¼š0.034000s][åžåçŽ‡ï¼š29.41req/s] [å†…å­˜æ¶ˆè€—ï¼š1,297.29kb] [æ–‡ä»¶åŠ è½½ï¼š35]
[ info ] [ LANG ] E:\php\phpstudy\phpStudy\WWW\test\thinkphp\lang\zh-cn.php
[ info ] [ ROUTE ] array (
  'type' => 'module',
  'module' => 
  array (
    0 => 'user',
    1 => 'App',
    2 => 'getNews',
  ),
)
[ info ] [ HEADER ] array (
  'host' => 'www.test.com',
  'connection' => 'keep-alive',
  'content-length' => '19',
  'accept' => 'application/json, text/plain, */*',
  'origin' => 'http://www.test.com',
  'user-agent' => 'Mozilla/5.0 (Windows NT 6.1; Win64; x64) AppleWebKit/537.36 (KHTML, like Gecko) Chrome/58.0.3029.110 Safari/537.36',
  'content-type' => 'application/json;charset=UTF-8',
  'dnt' => '1',
  'referer' => 'http://www.test.com/',
  'accept-encoding' => 'gzip, deflate',
  'accept-language' => 'zh-CN,zh;q=0.8',
  'cookie' => 'pgv_pvi=2974618624; thinkphp_show_page_trace=0|0',
)
[ info ] [ PARAM ] array (
  'type' => 2,
  'page' => 1,
)
[ info ] [ RUN ] app\user\controller\App->getNews[ E:\php\phpstudy\phpStudy\WWW\test\application\user\controller\App.php ]
[ info ] [ LOG ] INIT File
[ log ] hello²âÊÔÈÕÖ¾ÐÅÏ¢

---------------------------------------------------------------
[ 2018-04-08T16:29:41+08:00 ] 127.0.0.1 127.0.0.1 POST /user/App/getNews
[ log ] www.test.com/user/App/getNews [è¿è¡Œæ—¶é—´ï¼š0.035000s][åžåçŽ‡ï¼š28.57req/s] [å†…å­˜æ¶ˆè€—ï¼š1,296.07kb] [æ–‡ä»¶åŠ è½½ï¼š35]
[ notice ] -----2

[ 2018-04-08T16:31:25+08:00 ] 127.0.0.1 127.0.0.1 POST /user/App/getNews
[ log ] www.test.com/user/App/getNews [è¿è¡Œæ—¶é—´ï¼š0.049000s][åžåçŽ‡ï¼š20.41req/s] [å†…å­˜æ¶ˆè€—ï¼š1,297.29kb] [æ–‡ä»¶åŠ è½½ï¼š35]
[ notice ] post data{"type":2,"page":1}

[ 2018-04-08T16:31:25+08:00 ] 127.0.0.1 127.0.0.1 POST /user/App/getNews
[ log ] www.test.com/user/App/getNews [è¿è¡Œæ—¶é—´ï¼š0.050000s][åžåçŽ‡ï¼š20.00req/s] [å†…å­˜æ¶ˆè€—ï¼š1,297.29kb] [æ–‡ä»¶åŠ è½½ï¼š35]
[ info ] [ LANG ] E:\php\phpstudy\phpStudy\WWW\test\thinkphp\lang\zh-cn.php
[ info ] [ ROUTE ] array (
  'type' => 'module',
  'module' => 
  array (
    0 => 'user',
    1 => 'App',
    2 => 'getNews',
  ),
)
[ info ] [ HEADER ] array (
  'host' => 'www.test.com',
  'connection' => 'keep-alive',
  'content-length' => '19',
  'accept' => 'application/json, text/plain, */*',
  'origin' => 'http://www.test.com',
  'user-agent' => 'Mozilla/5.0 (Windows NT 6.1; Win64; x64) AppleWebKit/537.36 (KHTML, like Gecko) Chrome/58.0.3029.110 Safari/537.36',
  'content-type' => 'application/json;charset=UTF-8',
  'dnt' => '1',
  'referer' => 'http://www.test.com/',
  'accept-encoding' => 'gzip, deflate',
  'accept-language' => 'zh-CN,zh;q=0.8',
  'cookie' => 'pgv_pvi=2974618624; thinkphp_show_page_trace=0|0',
)
[ info ] [ PARAM ] array (
  'type' => 2,
  'page' => 1,
)
[ info ] [ RUN ] app\user\controller\App->getNews[ E:\php\phpstudy\phpStudy\WWW\test\application\user\controller\App.php ]
[ info ] [ LOG ] INIT File
[ log ] hello²âÊÔÈÕÖ¾ÐÅÏ¢

---------------------------------------------------------------
[ 2018-04-08T16:31:25+08:00 ] 127.0.0.1 127.0.0.1 POST /user/App/getNews
[ log ] www.test.com/user/App/getNews [è¿è¡Œæ—¶é—´ï¼š0.051000s][åžåçŽ‡ï¼š19.61req/s] [å†…å­˜æ¶ˆè€—ï¼š1,296.07kb] [æ–‡ä»¶åŠ è½½ï¼š35]
[ notice ] -----2

