[ 2018-04-09T09:34:42+08:00 ] 127.0.0.1 127.0.0.1 POST /user/App/getNews
[ log ] www.test.com/user/App/getNews [è¿è¡Œæ—¶é—´ï¼š0.036997s][ååç‡ï¼š27.03req/s] [å†…å­˜æ¶ˆè€—ï¼š1,297.30kb] [æ–‡ä»¶åŠ è½½ï¼š35]
[ notice ] post data{"type":2,"page":1}

[ 2018-04-09T09:34:42+08:00 ] 127.0.0.1 127.0.0.1 POST /user/App/getNews
[ log ] www.test.com/user/App/getNews [è¿è¡Œæ—¶é—´ï¼š0.038996s][ååç‡ï¼š25.64req/s] [å†…å­˜æ¶ˆè€—ï¼š1,297.30kb] [æ–‡ä»¶åŠ è½½ï¼š35]
[ info ] [ LANG ] E:\php\phpstudy\phpStudy\WWW\test\thinkphp\lang\zh-cn.php
[ info ] [ ROUTE ] array (
  'type' => 'module',
  'module' => 
  array (
    0 => 'user',
    1 => 'App',
    2 => 'getNews',
  ),
)
[ info ] [ HEADER ] array (
  'host' => 'www.test.com',
  'connection' => 'keep-alive',
  'content-length' => '19',
  'accept' => 'application/json, text/plain, */*',
  'origin' => 'http://www.test.com',
  'user-agent' => 'Mozilla/5.0 (Windows NT 6.1; Win64; x64) AppleWebKit/537.36 (KHTML, like Gecko) Chrome/58.0.3029.110 Safari/537.36',
  'content-type' => 'application/json;charset=UTF-8',
  'dnt' => '1',
  'referer' => 'http://www.test.com/',
  'accept-encoding' => 'gzip, deflate',
  'accept-language' => 'zh-CN,zh;q=0.8',
  'cookie' => 'pgv_pvi=2974618624; thinkphp_show_page_trace=0|0',
)
[ info ] [ PARAM ] array (
  'type' => 2,
  'page' => 1,
)
[ info ] [ RUN ] app\user\controller\App->getNews[ E:\php\phpstudy\phpStudy\WWW\test\application\user\controller\App.php ]
[ info ] [ LOG ] INIT File
[ log ] hello²âÊÔÈÕÖ¾ĞÅÏ¢

---------------------------------------------------------------
[ 2018-04-09T09:34:42+08:00 ] 127.0.0.1 127.0.0.1 POST /user/App/getNews
[ log ] www.test.com/user/App/getNews [è¿è¡Œæ—¶é—´ï¼š0.040996s][ååç‡ï¼š24.39req/s] [å†…å­˜æ¶ˆè€—ï¼š1,296.09kb] [æ–‡ä»¶åŠ è½½ï¼š35]
[ notice ] -----2

[ 2018-04-09T09:42:57+08:00 ] 127.0.0.1 127.0.0.1 POST /user/App/getNews
[ log ] www.test.com/user/App/getNews [è¿è¡Œæ—¶é—´ï¼š0.048000s][ååç‡ï¼š20.83req/s] [å†…å­˜æ¶ˆè€—ï¼š1,297.30kb] [æ–‡ä»¶åŠ è½½ï¼š35]
[ notice ] post data{"type":2,"page":1}

[ 2018-04-09T09:42:57+08:00 ] 127.0.0.1 127.0.0.1 POST /user/App/getNews
[ log ] www.test.com/user/App/getNews [è¿è¡Œæ—¶é—´ï¼š0.050000s][ååç‡ï¼š20.00req/s] [å†…å­˜æ¶ˆè€—ï¼š1,297.30kb] [æ–‡ä»¶åŠ è½½ï¼š35]
[ info ] [ LANG ] E:\php\phpstudy\phpStudy\WWW\test\thinkphp\lang\zh-cn.php
[ info ] [ ROUTE ] array (
  'type' => 'module',
  'module' => 
  array (
    0 => 'user',
    1 => 'App',
    2 => 'getNews',
  ),
)
[ info ] [ HEADER ] array (
  'host' => 'www.test.com',
  'connection' => 'keep-alive',
  'content-length' => '19',
  'accept' => 'application/json, text/plain, */*',
  'origin' => 'http://www.test.com',
  'user-agent' => 'Mozilla/5.0 (Windows NT 6.1; Win64; x64) AppleWebKit/537.36 (KHTML, like Gecko) Chrome/58.0.3029.110 Safari/537.36',
  'content-type' => 'application/json;charset=UTF-8',
  'dnt' => '1',
  'referer' => 'http://www.test.com/',
  'accept-encoding' => 'gzip, deflate',
  'accept-language' => 'zh-CN,zh;q=0.8',
  'cookie' => 'pgv_pvi=2974618624; thinkphp_show_page_trace=0|0',
)
[ info ] [ PARAM ] array (
  'type' => 2,
  'page' => 1,
)
[ info ] [ RUN ] app\user\controller\App->getNews[ E:\php\phpstudy\phpStudy\WWW\test\application\user\controller\App.php ]
[ info ] [ LOG ] INIT File
[ log ] hello²âÊÔÈÕÖ¾ĞÅÏ¢

---------------------------------------------------------------
[ 2018-04-09T09:42:57+08:00 ] 127.0.0.1 127.0.0.1 POST /user/App/getNews
[ log ] www.test.com/user/App/getNews [è¿è¡Œæ—¶é—´ï¼š0.052000s][ååç‡ï¼š19.23req/s] [å†…å­˜æ¶ˆè€—ï¼š1,296.09kb] [æ–‡ä»¶åŠ è½½ï¼š35]
[ notice ] -----2

[ 2018-04-09T09:43:02+08:00 ] 127.0.0.1 127.0.0.1 POST /user/App/getNews
[ log ] www.test.com/user/App/getNews [è¿è¡Œæ—¶é—´ï¼š0.045000s][ååç‡ï¼š22.22req/s] [å†…å­˜æ¶ˆè€—ï¼š1,297.29kb] [æ–‡ä»¶åŠ è½½ï¼š35]
[ notice ] post data{"type":2,"page":1}

[ 2018-04-09T09:43:02+08:00 ] 127.0.0.1 127.0.0.1 POST /user/App/getNews
[ log ] www.test.com/user/App/getNews [è¿è¡Œæ—¶é—´ï¼š0.047000s][ååç‡ï¼š21.28req/s] [å†…å­˜æ¶ˆè€—ï¼š1,297.29kb] [æ–‡ä»¶åŠ è½½ï¼š35]
[ info ] [ LANG ] E:\php\phpstudy\phpStudy\WWW\test\thinkphp\lang\zh-cn.php
[ info ] [ ROUTE ] array (
  'type' => 'module',
  'module' => 
  array (
    0 => 'user',
    1 => 'App',
    2 => 'getNews',
  ),
)
[ info ] [ HEADER ] array (
  'host' => 'www.test.com',
  'connection' => 'keep-alive',
  'content-length' => '19',
  'accept' => 'application/json, text/plain, */*',
  'origin' => 'http://www.test.com',
  'user-agent' => 'Mozilla/5.0 (Windows NT 6.1; Win64; x64) AppleWebKit/537.36 (KHTML, like Gecko) Chrome/58.0.3029.110 Safari/537.36',
  'content-type' => 'application/json;charset=UTF-8',
  'dnt' => '1',
  'referer' => 'http://www.test.com/',
  'accept-encoding' => 'gzip, deflate',
  'accept-language' => 'zh-CN,zh;q=0.8',
  'cookie' => 'pgv_pvi=2974618624; thinkphp_show_page_trace=0|0',
)
[ info ] [ PARAM ] array (
  'type' => 2,
  'page' => 1,
)
[ info ] [ RUN ] app\user\controller\App->getNews[ E:\php\phpstudy\phpStudy\WWW\test\application\user\controller\App.php ]
[ info ] [ LOG ] INIT File
[ log ] hello²âÊÔÈÕÖ¾ĞÅÏ¢

---------------------------------------------------------------
[ 2018-04-09T09:43:02+08:00 ] 127.0.0.1 127.0.0.1 POST /user/App/getNews
[ log ] www.test.com/user/App/getNews [è¿è¡Œæ—¶é—´ï¼š0.048000s][ååç‡ï¼š20.83req/s] [å†…å­˜æ¶ˆè€—ï¼š1,296.07kb] [æ–‡ä»¶åŠ è½½ï¼š35]
[ notice ] -----2

[ 2018-04-09T09:47:58+08:00 ] 127.0.0.1 127.0.0.1 POST /user/App/getNews
[ log ] www.test.com/user/App/getNews [è¿è¡Œæ—¶é—´ï¼š0.059000s][ååç‡ï¼š16.95req/s] [å†…å­˜æ¶ˆè€—ï¼š1,297.29kb] [æ–‡ä»¶åŠ è½½ï¼š35]
[ notice ] post data{"type":2,"page":1}

[ 2018-04-09T09:47:58+08:00 ] 127.0.0.1 127.0.0.1 POST /user/App/getNews
[ log ] www.test.com/user/App/getNews [è¿è¡Œæ—¶é—´ï¼š0.060000s][ååç‡ï¼š16.67req/s] [å†…å­˜æ¶ˆè€—ï¼š1,297.29kb] [æ–‡ä»¶åŠ è½½ï¼š35]
[ info ] [ LANG ] E:\php\phpstudy\phpStudy\WWW\test\thinkphp\lang\zh-cn.php
[ info ] [ ROUTE ] array (
  'type' => 'module',
  'module' => 
  array (
    0 => 'user',
    1 => 'App',
    2 => 'getNews',
  ),
)
[ info ] [ HEADER ] array (
  'host' => 'www.test.com',
  'connection' => 'keep-alive',
  'content-length' => '19',
  'accept' => 'application/json, text/plain, */*',
  'origin' => 'http://www.test.com',
  'user-agent' => 'Mozilla/5.0 (Windows NT 6.1; Win64; x64) AppleWebKit/537.36 (KHTML, like Gecko) Chrome/58.0.3029.110 Safari/537.36',
  'content-type' => 'application/json;charset=UTF-8',
  'dnt' => '1',
  'referer' => 'http://www.test.com/',
  'accept-encoding' => 'gzip, deflate',
  'accept-language' => 'zh-CN,zh;q=0.8',
  'cookie' => 'pgv_pvi=2974618624; thinkphp_show_page_trace=0|0',
)
[ info ] [ PARAM ] array (
  'type' => 2,
  'page' => 1,
)
[ info ] [ RUN ] app\user\controller\App->getNews[ E:\php\phpstudy\phpStudy\WWW\test\application\user\controller\App.php ]
[ info ] [ LOG ] INIT File
[ log ] hello²âÊÔÈÕÖ¾ĞÅÏ¢

---------------------------------------------------------------
[ 2018-04-09T09:47:58+08:00 ] 127.0.0.1 127.0.0.1 POST /user/App/getNews
[ log ] www.test.com/user/App/getNews [è¿è¡Œæ—¶é—´ï¼š0.062000s][ååç‡ï¼š16.13req/s] [å†…å­˜æ¶ˆè€—ï¼š1,296.07kb] [æ–‡ä»¶åŠ è½½ï¼š35]
[ notice ] -----2

[ 2018-04-09T09:53:05+08:00 ] 127.0.0.1 127.0.0.1 POST /user/App/getNews
[ log ] www.test.com/user/App/getNews [è¿è¡Œæ—¶é—´ï¼š0.042000s][ååç‡ï¼š23.81req/s] [å†…å­˜æ¶ˆè€—ï¼š1,297.29kb] [æ–‡ä»¶åŠ è½½ï¼š35]
[ notice ] post data{"type":2,"page":1}

[ 2018-04-09T09:53:05+08:00 ] 127.0.0.1 127.0.0.1 POST /user/App/getNews
[ log ] www.test.com/user/App/getNews [è¿è¡Œæ—¶é—´ï¼š0.044000s][ååç‡ï¼š22.73req/s] [å†…å­˜æ¶ˆè€—ï¼š1,297.29kb] [æ–‡ä»¶åŠ è½½ï¼š35]
[ info ] [ LANG ] E:\php\phpstudy\phpStudy\WWW\test\thinkphp\lang\zh-cn.php
[ info ] [ ROUTE ] array (
  'type' => 'module',
  'module' => 
  array (
    0 => 'user',
    1 => 'App',
    2 => 'getNews',
  ),
)
[ info ] [ HEADER ] array (
  'host' => 'www.test.com',
  'connection' => 'keep-alive',
  'content-length' => '19',
  'accept' => 'application/json, text/plain, */*',
  'origin' => 'http://www.test.com',
  'user-agent' => 'Mozilla/5.0 (Windows NT 6.1; Win64; x64) AppleWebKit/537.36 (KHTML, like Gecko) Chrome/58.0.3029.110 Safari/537.36',
  'content-type' => 'application/json;charset=UTF-8',
  'dnt' => '1',
  'referer' => 'http://www.test.com/',
  'accept-encoding' => 'gzip, deflate',
  'accept-language' => 'zh-CN,zh;q=0.8',
  'cookie' => 'pgv_pvi=2974618624; thinkphp_show_page_trace=0|0',
)
[ info ] [ PARAM ] array (
  'type' => 2,
  'page' => 1,
)
[ info ] [ RUN ] app\user\controller\App->getNews[ E:\php\phpstudy\phpStudy\WWW\test\application\user\controller\App.php ]
[ info ] [ LOG ] INIT File
[ log ] hello²âÊÔÈÕÖ¾ĞÅÏ¢

---------------------------------------------------------------
[ 2018-04-09T09:53:05+08:00 ] 127.0.0.1 127.0.0.1 POST /user/App/getNews
[ log ] www.test.com/user/App/getNews [è¿è¡Œæ—¶é—´ï¼š0.045000s][ååç‡ï¼š22.22req/s] [å†…å­˜æ¶ˆè€—ï¼š1,296.07kb] [æ–‡ä»¶åŠ è½½ï¼š35]
[ notice ] -----2

[ 2018-04-09T09:58:35+08:00 ] 127.0.0.1 127.0.0.1 POST /user/App/getNews
[ log ] www.test.com/user/App/getNews [è¿è¡Œæ—¶é—´ï¼š0.047000s][ååç‡ï¼š21.28req/s] [å†…å­˜æ¶ˆè€—ï¼š1,297.29kb] [æ–‡ä»¶åŠ è½½ï¼š35]
[ notice ] post data{"type":2,"page":1}

[ 2018-04-09T09:58:35+08:00 ] 127.0.0.1 127.0.0.1 POST /user/App/getNews
[ log ] www.test.com/user/App/getNews [è¿è¡Œæ—¶é—´ï¼š0.049000s][ååç‡ï¼š20.41req/s] [å†…å­˜æ¶ˆè€—ï¼š1,297.29kb] [æ–‡ä»¶åŠ è½½ï¼š35]
[ info ] [ LANG ] E:\php\phpstudy\phpStudy\WWW\test\thinkphp\lang\zh-cn.php
[ info ] [ ROUTE ] array (
  'type' => 'module',
  'module' => 
  array (
    0 => 'user',
    1 => 'App',
    2 => 'getNews',
  ),
)
[ info ] [ HEADER ] array (
  'host' => 'www.test.com',
  'connection' => 'keep-alive',
  'content-length' => '19',
  'accept' => 'application/json, text/plain, */*',
  'origin' => 'http://www.test.com',
  'user-agent' => 'Mozilla/5.0 (Windows NT 6.1; Win64; x64) AppleWebKit/537.36 (KHTML, like Gecko) Chrome/58.0.3029.110 Safari/537.36',
  'content-type' => 'application/json;charset=UTF-8',
  'dnt' => '1',
  'referer' => 'http://www.test.com/',
  'accept-encoding' => 'gzip, deflate',
  'accept-language' => 'zh-CN,zh;q=0.8',
  'cookie' => 'pgv_pvi=2974618624; thinkphp_show_page_trace=0|0',
)
[ info ] [ PARAM ] array (
  'type' => 2,
  'page' => 1,
)
[ info ] [ RUN ] app\user\controller\App->getNews[ E:\php\phpstudy\phpStudy\WWW\test\application\user\controller\App.php ]
[ info ] [ LOG ] INIT File
[ log ] hello²âÊÔÈÕÖ¾ĞÅÏ¢

---------------------------------------------------------------
[ 2018-04-09T09:58:35+08:00 ] 127.0.0.1 127.0.0.1 POST /user/App/getNews
[ log ] www.test.com/user/App/getNews [è¿è¡Œæ—¶é—´ï¼š0.050000s][ååç‡ï¼š20.00req/s] [å†…å­˜æ¶ˆè€—ï¼š1,296.07kb] [æ–‡ä»¶åŠ è½½ï¼š35]
[ notice ] -----2

[ 2018-04-09T09:59:01+08:00 ] 127.0.0.1 127.0.0.1 POST /user/App/getNews
[ log ] www.test.com/user/App/getNews [è¿è¡Œæ—¶é—´ï¼š0.052000s][ååç‡ï¼š19.23req/s] [å†…å­˜æ¶ˆè€—ï¼š1,297.29kb] [æ–‡ä»¶åŠ è½½ï¼š35]
[ notice ] post data{"type":2,"page":1}

[ 2018-04-09T09:59:01+08:00 ] 127.0.0.1 127.0.0.1 POST /user/App/getNews
[ log ] www.test.com/user/App/getNews [è¿è¡Œæ—¶é—´ï¼š0.054000s][ååç‡ï¼š18.52req/s] [å†…å­˜æ¶ˆè€—ï¼š1,297.29kb] [æ–‡ä»¶åŠ è½½ï¼š35]
[ info ] [ LANG ] E:\php\phpstudy\phpStudy\WWW\test\thinkphp\lang\zh-cn.php
[ info ] [ ROUTE ] array (
  'type' => 'module',
  'module' => 
  array (
    0 => 'user',
    1 => 'App',
    2 => 'getNews',
  ),
)
[ info ] [ HEADER ] array (
  'host' => 'www.test.com',
  'connection' => 'keep-alive',
  'content-length' => '19',
  'accept' => 'application/json, text/plain, */*',
  'origin' => 'http://www.test.com',
  'user-agent' => 'Mozilla/5.0 (Windows NT 6.1; Win64; x64) AppleWebKit/537.36 (KHTML, like Gecko) Chrome/58.0.3029.110 Safari/537.36',
  'content-type' => 'application/json;charset=UTF-8',
  'dnt' => '1',
  'referer' => 'http://www.test.com/',
  'accept-encoding' => 'gzip, deflate',
  'accept-language' => 'zh-CN,zh;q=0.8',
  'cookie' => 'pgv_pvi=2974618624; thinkphp_show_page_trace=0|0',
)
[ info ] [ PARAM ] array (
  'type' => 2,
  'page' => 1,
)
[ info ] [ RUN ] app\user\controller\App->getNews[ E:\php\phpstudy\phpStudy\WWW\test\application\user\controller\App.php ]
[ info ] [ LOG ] INIT File
[ log ] hello²âÊÔÈÕÖ¾ĞÅÏ¢

---------------------------------------------------------------
[ 2018-04-09T09:59:01+08:00 ] 127.0.0.1 127.0.0.1 POST /user/App/getNews
[ log ] www.test.com/user/App/getNews [è¿è¡Œæ—¶é—´ï¼š0.055000s][ååç‡ï¼š18.18req/s] [å†…å­˜æ¶ˆè€—ï¼š1,296.07kb] [æ–‡ä»¶åŠ è½½ï¼š35]
[ notice ] -----2

[ 2018-04-09T09:59:04+08:00 ] 127.0.0.1 127.0.0.1 POST /user/App/getNews
[ log ] www.test.com/user/App/getNews [è¿è¡Œæ—¶é—´ï¼š0.051000s][ååç‡ï¼š19.61req/s] [å†…å­˜æ¶ˆè€—ï¼š1,297.29kb] [æ–‡ä»¶åŠ è½½ï¼š35]
[ notice ] post data{"type":2,"page":1}

[ 2018-04-09T09:59:04+08:00 ] 127.0.0.1 127.0.0.1 POST /user/App/getNews
[ log ] www.test.com/user/App/getNews [è¿è¡Œæ—¶é—´ï¼š0.053000s][ååç‡ï¼š18.87req/s] [å†…å­˜æ¶ˆè€—ï¼š1,297.29kb] [æ–‡ä»¶åŠ è½½ï¼š35]
[ info ] [ LANG ] E:\php\phpstudy\phpStudy\WWW\test\thinkphp\lang\zh-cn.php
[ info ] [ ROUTE ] array (
  'type' => 'module',
  'module' => 
  array (
    0 => 'user',
    1 => 'App',
    2 => 'getNews',
  ),
)
[ info ] [ HEADER ] array (
  'host' => 'www.test.com',
  'connection' => 'keep-alive',
  'content-length' => '19',
  'accept' => 'application/json, text/plain, */*',
  'origin' => 'http://www.test.com',
  'user-agent' => 'Mozilla/5.0 (Windows NT 6.1; Win64; x64) AppleWebKit/537.36 (KHTML, like Gecko) Chrome/58.0.3029.110 Safari/537.36',
  'content-type' => 'application/json;charset=UTF-8',
  'dnt' => '1',
  'referer' => 'http://www.test.com/',
  'accept-encoding' => 'gzip, deflate',
  'accept-language' => 'zh-CN,zh;q=0.8',
  'cookie' => 'pgv_pvi=2974618624; thinkphp_show_page_trace=0|0',
)
[ info ] [ PARAM ] array (
  'type' => 2,
  'page' => 1,
)
[ info ] [ RUN ] app\user\controller\App->getNews[ E:\php\phpstudy\phpStudy\WWW\test\application\user\controller\App.php ]
[ info ] [ LOG ] INIT File
[ log ] hello²âÊÔÈÕÖ¾ĞÅÏ¢

---------------------------------------------------------------
[ 2018-04-09T09:59:04+08:00 ] 127.0.0.1 127.0.0.1 POST /user/App/getNews
[ log ] www.test.com/user/App/getNews [è¿è¡Œæ—¶é—´ï¼š0.054000s][ååç‡ï¼š18.52req/s] [å†…å­˜æ¶ˆè€—ï¼š1,296.07kb] [æ–‡ä»¶åŠ è½½ï¼š35]
[ notice ] -----2

[ 2018-04-09T14:22:14+08:00 ] 127.0.0.1 127.0.0.1 POST /user/App/getNews
[ log ] www.test.com/user/App/getNews [è¿è¡Œæ—¶é—´ï¼š0.050000s][ååç‡ï¼š20.00req/s] [å†…å­˜æ¶ˆè€—ï¼š1,297.29kb] [æ–‡ä»¶åŠ è½½ï¼š35]
[ notice ] post data{"type":2,"page":1}

[ 2018-04-09T14:22:14+08:00 ] 127.0.0.1 127.0.0.1 POST /user/App/getNews
[ log ] www.test.com/user/App/getNews [è¿è¡Œæ—¶é—´ï¼š0.051000s][ååç‡ï¼š19.61req/s] [å†…å­˜æ¶ˆè€—ï¼š1,297.29kb] [æ–‡ä»¶åŠ è½½ï¼š35]
[ info ] [ LANG ] E:\php\phpstudy\phpStudy\WWW\test\thinkphp\lang\zh-cn.php
[ info ] [ ROUTE ] array (
  'type' => 'module',
  'module' => 
  array (
    0 => 'user',
    1 => 'App',
    2 => 'getNews',
  ),
)
[ info ] [ HEADER ] array (
  'host' => 'www.test.com',
  'connection' => 'keep-alive',
  'content-length' => '19',
  'accept' => 'application/json, text/plain, */*',
  'origin' => 'http://www.test.com',
  'user-agent' => 'Mozilla/5.0 (Windows NT 6.1; Win64; x64) AppleWebKit/537.36 (KHTML, like Gecko) Chrome/58.0.3029.110 Safari/537.36',
  'content-type' => 'application/json;charset=UTF-8',
  'dnt' => '1',
  'referer' => 'http://www.test.com/',
  'accept-encoding' => 'gzip, deflate',
  'accept-language' => 'zh-CN,zh;q=0.8',
  'cookie' => 'pgv_pvi=2974618624; thinkphp_show_page_trace=0|0',
)
[ info ] [ PARAM ] array (
  'type' => 2,
  'page' => 1,
)
[ info ] [ RUN ] app\user\controller\App->getNews[ E:\php\phpstudy\phpStudy\WWW\test\application\user\controller\App.php ]
[ info ] [ LOG ] INIT File
[ log ] hello²âÊÔÈÕÖ¾ĞÅÏ¢

---------------------------------------------------------------
[ 2018-04-09T14:22:14+08:00 ] 127.0.0.1 127.0.0.1 POST /user/App/getNews
[ log ] www.test.com/user/App/getNews [è¿è¡Œæ—¶é—´ï¼š0.052000s][ååç‡ï¼š19.23req/s] [å†…å­˜æ¶ˆè€—ï¼š1,296.07kb] [æ–‡ä»¶åŠ è½½ï¼š35]
[ notice ] -----2

[ 2018-04-09T14:27:11+08:00 ] 127.0.0.1 127.0.0.1 POST /user/App/getNews
[ log ] www.test.com/user/App/getNews [è¿è¡Œæ—¶é—´ï¼š0.050000s][ååç‡ï¼š20.00req/s] [å†…å­˜æ¶ˆè€—ï¼š1,297.30kb] [æ–‡ä»¶åŠ è½½ï¼š35]
[ notice ] post data{"type":2,"page":1}

[ 2018-04-09T14:27:11+08:00 ] 127.0.0.1 127.0.0.1 POST /user/App/getNews
[ log ] www.test.com/user/App/getNews [è¿è¡Œæ—¶é—´ï¼š0.051000s][ååç‡ï¼š19.61req/s] [å†…å­˜æ¶ˆè€—ï¼š1,297.30kb] [æ–‡ä»¶åŠ è½½ï¼š35]
[ info ] [ LANG ] E:\php\phpstudy\phpStudy\WWW\test\thinkphp\lang\zh-cn.php
[ info ] [ ROUTE ] array (
  'type' => 'module',
  'module' => 
  array (
    0 => 'user',
    1 => 'App',
    2 => 'getNews',
  ),
)
[ info ] [ HEADER ] array (
  'host' => 'www.test.com',
  'connection' => 'keep-alive',
  'content-length' => '19',
  'accept' => 'application/json, text/plain, */*',
  'origin' => 'http://www.test.com',
  'user-agent' => 'Mozilla/5.0 (Windows NT 6.1; Win64; x64) AppleWebKit/537.36 (KHTML, like Gecko) Chrome/58.0.3029.110 Safari/537.36',
  'content-type' => 'application/json;charset=UTF-8',
  'dnt' => '1',
  'referer' => 'http://www.test.com/',
  'accept-encoding' => 'gzip, deflate',
  'accept-language' => 'zh-CN,zh;q=0.8',
  'cookie' => 'pgv_pvi=2974618624; thinkphp_show_page_trace=0|0',
)
[ info ] [ PARAM ] array (
  'type' => 2,
  'page' => 1,
)
[ info ] [ RUN ] app\user\controller\App->getNews[ E:\php\phpstudy\phpStudy\WWW\test\application\user\controller\App.php ]
[ info ] [ LOG ] INIT File
[ log ] hello²âÊÔÈÕÖ¾ĞÅÏ¢

---------------------------------------------------------------
[ 2018-04-09T14:27:11+08:00 ] 127.0.0.1 127.0.0.1 POST /user/App/getNews
[ log ] www.test.com/user/App/getNews [è¿è¡Œæ—¶é—´ï¼š0.052000s][ååç‡ï¼š19.23req/s] [å†…å­˜æ¶ˆè€—ï¼š1,296.09kb] [æ–‡ä»¶åŠ è½½ï¼š35]
[ notice ] -----2

[ 2018-04-09T14:27:12+08:00 ] 127.0.0.1 127.0.0.1 POST /user/App/getNews
[ log ] www.test.com/user/App/getNews [è¿è¡Œæ—¶é—´ï¼š0.039000s][ååç‡ï¼š25.64req/s] [å†…å­˜æ¶ˆè€—ï¼š1,297.29kb] [æ–‡ä»¶åŠ è½½ï¼š35]
[ notice ] post data{"type":2,"page":1}

[ 2018-04-09T14:27:12+08:00 ] 127.0.0.1 127.0.0.1 POST /user/App/getNews
[ log ] www.test.com/user/App/getNews [è¿è¡Œæ—¶é—´ï¼š0.040000s][ååç‡ï¼š25.00req/s] [å†…å­˜æ¶ˆè€—ï¼š1,297.29kb] [æ–‡ä»¶åŠ è½½ï¼š35]
[ info ] [ LANG ] E:\php\phpstudy\phpStudy\WWW\test\thinkphp\lang\zh-cn.php
[ info ] [ ROUTE ] array (
  'type' => 'module',
  'module' => 
  array (
    0 => 'user',
    1 => 'App',
    2 => 'getNews',
  ),
)
[ info ] [ HEADER ] array (
  'host' => 'www.test.com',
  'connection' => 'keep-alive',
  'content-length' => '19',
  'accept' => 'application/json, text/plain, */*',
  'origin' => 'http://www.test.com',
  'user-agent' => 'Mozilla/5.0 (Windows NT 6.1; Win64; x64) AppleWebKit/537.36 (KHTML, like Gecko) Chrome/58.0.3029.110 Safari/537.36',
  'content-type' => 'application/json;charset=UTF-8',
  'dnt' => '1',
  'referer' => 'http://www.test.com/',
  'accept-encoding' => 'gzip, deflate',
  'accept-language' => 'zh-CN,zh;q=0.8',
  'cookie' => 'pgv_pvi=2974618624; thinkphp_show_page_trace=0|0',
)
[ info ] [ PARAM ] array (
  'type' => 2,
  'page' => 1,
)
[ info ] [ RUN ] app\user\controller\App->getNews[ E:\php\phpstudy\phpStudy\WWW\test\application\user\controller\App.php ]
[ info ] [ LOG ] INIT File
[ log ] hello²âÊÔÈÕÖ¾ĞÅÏ¢

---------------------------------------------------------------
[ 2018-04-09T14:27:12+08:00 ] 127.0.0.1 127.0.0.1 POST /user/App/getNews
[ log ] www.test.com/user/App/getNews [è¿è¡Œæ—¶é—´ï¼š0.042000s][ååç‡ï¼š23.81req/s] [å†…å­˜æ¶ˆè€—ï¼š1,296.07kb] [æ–‡ä»¶åŠ è½½ï¼š35]
[ notice ] -----2

