[ 2018-04-10T15:30:14+08:00 ] 127.0.0.1 127.0.0.1 OPTIONS /index.php/user/App/getNews
[ log ] www.test.com:18080/index.php/user/App/getNews [è¿è¡Œæ—¶é—´ï¼š0.093000s][ååç‡ï¼š10.75req/s] [å†…å­˜æ¶ˆè€—ï¼š1,296.43kb] [æ–‡ä»¶åŠ è½½ï¼š35]
[ notice ] post data

[ 2018-04-10T15:30:14+08:00 ] 127.0.0.1 127.0.0.1 OPTIONS /index.php/user/App/getNews
[ log ] www.test.com:18080/index.php/user/App/getNews [è¿è¡Œæ—¶é—´ï¼š0.095000s][ååç‡ï¼š10.53req/s] [å†…å­˜æ¶ˆè€—ï¼š1,296.45kb] [æ–‡ä»¶åŠ è½½ï¼š35]
[ info ] [ LANG ] E:\php\phpstudy\phpStudy\WWW\test\thinkphp\lang\zh-cn.php
[ info ] [ ROUTE ] array (
  'type' => 'module',
  'module' => 
  array (
    0 => 'user',
    1 => 'App',
    2 => 'getNews',
  ),
)
[ info ] [ HEADER ] array (
  'host' => 'www.test.com:18080',
  'connection' => 'keep-alive',
  'access-control-request-method' => 'POST',
  'origin' => 'http://localhost:8080',
  'user-agent' => 'Mozilla/5.0 (Windows NT 6.1; Win64; x64) AppleWebKit/537.36 (KHTML, like Gecko) Chrome/58.0.3029.110 Safari/537.36',
  'access-control-request-headers' => 'content-type',
  'accept' => '*/*',
  'dnt' => '1',
  'referer' => 'http://localhost:8080/',
  'accept-encoding' => 'gzip, deflate, sdch',
  'accept-language' => 'zh-CN,zh;q=0.8',
)
[ info ] [ PARAM ] array (
)
[ info ] [ RUN ] app\user\controller\App->getNews[ E:\php\phpstudy\phpStudy\WWW\test\application\user\controller\App.php ]
[ info ] [ LOG ] INIT File
[ log ] hello²âÊÔÈÕÖ¾ĞÅÏ¢

---------------------------------------------------------------
[ 2018-04-10T15:30:14+08:00 ] 127.0.0.1 127.0.0.1 OPTIONS /index.php/user/App/getNews
[ log ] www.test.com:18080/index.php/user/App/getNews [è¿è¡Œæ—¶é—´ï¼š0.096000s][ååç‡ï¼š10.42req/s] [å†…å­˜æ¶ˆè€—ï¼š1,295.07kb] [æ–‡ä»¶åŠ è½½ï¼š35]
[ notice ] -----

[ 2018-04-10T15:30:14+08:00 ] 127.0.0.1 127.0.0.1 OPTIONS /index.php/user/App/getNews
[ log ] www.test.com:18080/index.php/user/App/getNews [è¿è¡Œæ—¶é—´ï¼š0.097000s][ååç‡ï¼š10.31req/s] [å†…å­˜æ¶ˆè€—ï¼š1,295.08kb] [æ–‡ä»¶åŠ è½½ï¼š35]
[ notice ] go all type

