[ 2018-04-13T10:02:42+08:00 ] 127.0.0.1 127.0.0.1 POST /index.php/user/App/getNews
[ log ] www.test.com/index.php/user/App/getNews [运行时间：0.048204s][吞吐率：20.75req/s] [内存消耗：1,575.09kb] [文件加载：41]
[ notice ] post data{"type":2,"page":1}

[ 2018-04-13T10:02:42+08:00 ] 127.0.0.1 127.0.0.1 POST /index.php/user/App/getNews
[ log ] www.test.com/index.php/user/App/getNews [运行时间：0.048204s][吞吐率：20.75req/s] [内存消耗：1,574.83kb] [文件加载：41]
[ info ] [ LANG ] E:\php\phpstudy\phpStudy\WWW\test\thinkphp\lang\zh-cn.php
[ info ] [ ROUTE ] array (
  'type' => 'module',
  'module' => 
  array (
    0 => 'user',
    1 => 'App',
    2 => 'getNews',
  ),
)
[ info ] [ HEADER ] array (
  'host' => 'www.test.com',
  'connection' => 'keep-alive',
  'content-length' => '19',
  'accept' => 'application/json, text/plain, */*',
  'origin' => 'http://www.test.com',
  'user-agent' => 'Mozilla/5.0 (Windows NT 6.1; Win64; x64) AppleWebKit/537.36 (KHTML, like Gecko) Chrome/58.0.3029.110 Safari/537.36',
  'content-type' => 'application/json;charset=UTF-8',
  'dnt' => '1',
  'referer' => 'http://www.test.com/',
  'accept-encoding' => 'gzip, deflate',
  'accept-language' => 'zh-CN,zh;q=0.8',
  'cookie' => 'pgv_pvi=2974618624',
)
[ info ] [ PARAM ] array (
  'type' => 2,
  'page' => 1,
)
[ info ] [ RUN ] app\user\controller\App->getNews[ E:\php\phpstudy\phpStudy\WWW\test\application\user\controller\App.php ]
[ info ] [ LOG ] INIT File

---------------------------------------------------------------
[ 2018-04-13T10:02:42+08:00 ] 127.0.0.1 127.0.0.1 POST /index.php/user/App/getNews
[ log ] www.test.com/index.php/user/App/getNews [运行时间：0.048204s][吞吐率：20.75req/s] [内存消耗：1,573.91kb] [文件加载：41]
[ notice ] -----2

[ 2018-04-13T10:02:52+08:00 ] 127.0.0.1 127.0.0.1 POST /index.php/user/App/getNews
[ log ] www.test.com/index.php/user/App/getNews [运行时间：0.065006s][吞吐率：15.38req/s] [内存消耗：1,575.10kb] [文件加载：41]
[ notice ] post data{"type":2,"page":1}

[ 2018-04-13T10:02:52+08:00 ] 127.0.0.1 127.0.0.1 POST /index.php/user/App/getNews
[ log ] www.test.com/index.php/user/App/getNews [运行时间：0.065006s][吞吐率：15.38req/s] [内存消耗：1,574.83kb] [文件加载：41]
[ info ] [ LANG ] E:\php\phpstudy\phpStudy\WWW\test\thinkphp\lang\zh-cn.php
[ info ] [ ROUTE ] array (
  'type' => 'module',
  'module' => 
  array (
    0 => 'user',
    1 => 'App',
    2 => 'getNews',
  ),
)
[ info ] [ HEADER ] array (
  'host' => 'www.test.com',
  'connection' => 'keep-alive',
  'content-length' => '19',
  'accept' => 'application/json, text/plain, */*',
  'origin' => 'http://www.test.com',
  'user-agent' => 'Mozilla/5.0 (Windows NT 6.1; Win64; x64) AppleWebKit/537.36 (KHTML, like Gecko) Chrome/58.0.3029.110 Safari/537.36',
  'content-type' => 'application/json;charset=UTF-8',
  'dnt' => '1',
  'referer' => 'http://www.test.com/',
  'accept-encoding' => 'gzip, deflate',
  'accept-language' => 'zh-CN,zh;q=0.8',
  'cookie' => 'pgv_pvi=2974618624',
)
[ info ] [ PARAM ] array (
  'type' => 2,
  'page' => 1,
)
[ info ] [ RUN ] app\user\controller\App->getNews[ E:\php\phpstudy\phpStudy\WWW\test\application\user\controller\App.php ]
[ info ] [ LOG ] INIT File

---------------------------------------------------------------
[ 2018-04-13T10:02:52+08:00 ] 127.0.0.1 127.0.0.1 POST /index.php/user/App/getNews
[ log ] www.test.com/index.php/user/App/getNews [运行时间：0.066006s][吞吐率：15.15req/s] [内存消耗：1,573.91kb] [文件加载：41]
[ notice ] -----2

[ 2018-04-13T10:02:57+08:00 ] 127.0.0.1 127.0.0.1 POST /index.php/user/App/getNews
[ log ] www.test.com/index.php/user/App/getNews [运行时间：0.031003s][吞吐率：32.25req/s] [内存消耗：1,575.16kb] [文件加载：41]
[ notice ] post data{"type":2,"page":1}

[ 2018-04-13T10:02:57+08:00 ] 127.0.0.1 127.0.0.1 POST /index.php/user/App/getNews
[ log ] www.test.com/index.php/user/App/getNews [运行时间：0.032003s][吞吐率：31.25req/s] [内存消耗：1,574.88kb] [文件加载：41]
[ info ] [ LANG ] E:\php\phpstudy\phpStudy\WWW\test\thinkphp\lang\zh-cn.php
[ info ] [ ROUTE ] array (
  'type' => 'module',
  'module' => 
  array (
    0 => 'user',
    1 => 'App',
    2 => 'getNews',
  ),
)
[ info ] [ HEADER ] array (
  'host' => 'www.test.com',
  'connection' => 'keep-alive',
  'content-length' => '19',
  'accept' => 'application/json, text/plain, */*',
  'origin' => 'http://www.test.com',
  'user-agent' => 'Mozilla/5.0 (Windows NT 6.1; Win64; x64) AppleWebKit/537.36 (KHTML, like Gecko) Chrome/58.0.3029.110 Safari/537.36',
  'content-type' => 'application/json;charset=UTF-8',
  'dnt' => '1',
  'referer' => 'http://www.test.com/',
  'accept-encoding' => 'gzip, deflate',
  'accept-language' => 'zh-CN,zh;q=0.8',
  'cookie' => 'pgv_pvi=2974618624',
)
[ info ] [ PARAM ] array (
  'type' => 2,
  'page' => 1,
)
[ info ] [ RUN ] app\user\controller\App->getNews[ E:\php\phpstudy\phpStudy\WWW\test\application\user\controller\App.php ]
[ info ] [ LOG ] INIT File

---------------------------------------------------------------
[ 2018-04-13T10:02:57+08:00 ] 127.0.0.1 127.0.0.1 POST /index.php/user/App/getNews
[ log ] www.test.com/index.php/user/App/getNews [运行时间：0.032003s][吞吐率：31.25req/s] [内存消耗：1,573.97kb] [文件加载：41]
[ notice ] -----2

[ 2018-04-13T10:23:21+08:00 ] 127.0.0.1 127.0.0.1 POST /index.php/user/App/getNews
[ log ] www.test.com/index.php/user/App/getNews [运行时间：0.039000s][吞吐率：25.64req/s] [内存消耗：1,575.13kb] [文件加载：41]
[ notice ] post data{"type":2,"page":1}

[ 2018-04-13T10:23:21+08:00 ] 127.0.0.1 127.0.0.1 POST /index.php/user/App/getNews
[ log ] www.test.com/index.php/user/App/getNews [运行时间：0.039000s][吞吐率：25.64req/s] [内存消耗：1,574.86kb] [文件加载：41]
[ info ] [ LANG ] E:\php\phpstudy\phpStudy\WWW\test\thinkphp\lang\zh-cn.php
[ info ] [ ROUTE ] array (
  'type' => 'module',
  'module' => 
  array (
    0 => 'user',
    1 => 'App',
    2 => 'getNews',
  ),
)
[ info ] [ HEADER ] array (
  'host' => 'www.test.com',
  'connection' => 'keep-alive',
  'content-length' => '19',
  'accept' => 'application/json, text/plain, */*',
  'origin' => 'http://www.test.com',
  'user-agent' => 'Mozilla/5.0 (Windows NT 6.1; Win64; x64) AppleWebKit/537.36 (KHTML, like Gecko) Chrome/58.0.3029.110 Safari/537.36',
  'content-type' => 'application/json;charset=UTF-8',
  'dnt' => '1',
  'referer' => 'http://www.test.com/?XDEBUG_SESSION_START=14976',
  'accept-encoding' => 'gzip, deflate',
  'accept-language' => 'zh-CN,zh;q=0.8',
  'cookie' => 'pgv_pvi=2974618624',
)
[ info ] [ PARAM ] array (
  'type' => 2,
  'page' => 1,
)
[ info ] [ RUN ] app\user\controller\App->getNews[ E:\php\phpstudy\phpStudy\WWW\test\application\user\controller\App.php ]
[ info ] [ LOG ] INIT File

---------------------------------------------------------------
[ 2018-04-13T10:23:21+08:00 ] 127.0.0.1 127.0.0.1 POST /index.php/user/App/getNews
[ log ] www.test.com/index.php/user/App/getNews [运行时间：0.040000s][吞吐率：25.00req/s] [内存消耗：1,573.91kb] [文件加载：41]
[ notice ] -----2

[ 2018-04-13T10:23:35+08:00 ] 127.0.0.1 127.0.0.1 POST /index.php/user/App/getNews
[ log ] www.test.com/index.php/user/App/getNews [运行时间：0.038000s][吞吐率：26.32req/s] [内存消耗：1,575.13kb] [文件加载：41]
[ notice ] post data{"type":2,"page":1}

[ 2018-04-13T10:23:35+08:00 ] 127.0.0.1 127.0.0.1 POST /index.php/user/App/getNews
[ log ] www.test.com/index.php/user/App/getNews [运行时间：0.039000s][吞吐率：25.64req/s] [内存消耗：1,574.86kb] [文件加载：41]
[ info ] [ LANG ] E:\php\phpstudy\phpStudy\WWW\test\thinkphp\lang\zh-cn.php
[ info ] [ ROUTE ] array (
  'type' => 'module',
  'module' => 
  array (
    0 => 'user',
    1 => 'App',
    2 => 'getNews',
  ),
)
[ info ] [ HEADER ] array (
  'host' => 'www.test.com',
  'connection' => 'keep-alive',
  'content-length' => '19',
  'accept' => 'application/json, text/plain, */*',
  'origin' => 'http://www.test.com',
  'user-agent' => 'Mozilla/5.0 (Windows NT 6.1; Win64; x64) AppleWebKit/537.36 (KHTML, like Gecko) Chrome/58.0.3029.110 Safari/537.36',
  'content-type' => 'application/json;charset=UTF-8',
  'dnt' => '1',
  'referer' => 'http://www.test.com/?XDEBUG_SESSION_START=17688',
  'accept-encoding' => 'gzip, deflate',
  'accept-language' => 'zh-CN,zh;q=0.8',
  'cookie' => 'pgv_pvi=2974618624',
)
[ info ] [ PARAM ] array (
  'type' => 2,
  'page' => 1,
)
[ info ] [ RUN ] app\user\controller\App->getNews[ E:\php\phpstudy\phpStudy\WWW\test\application\user\controller\App.php ]
[ info ] [ LOG ] INIT File

---------------------------------------------------------------
[ 2018-04-13T10:23:35+08:00 ] 127.0.0.1 127.0.0.1 POST /index.php/user/App/getNews
[ log ] www.test.com/index.php/user/App/getNews [运行时间：0.040000s][吞吐率：25.00req/s] [内存消耗：1,573.91kb] [文件加载：41]
[ notice ] -----2

[ 2018-04-13T10:23:38+08:00 ] 127.0.0.1 127.0.0.1 POST /index.php/user/App/getNews
[ log ] www.test.com/index.php/user/App/getNews [运行时间：0.040000s][吞吐率：25.00req/s] [内存消耗：1,575.13kb] [文件加载：41]
[ notice ] post data{"type":2,"page":1}

[ 2018-04-13T10:23:38+08:00 ] 127.0.0.1 127.0.0.1 POST /index.php/user/App/getNews
[ log ] www.test.com/index.php/user/App/getNews [运行时间：0.040000s][吞吐率：25.00req/s] [内存消耗：1,574.86kb] [文件加载：41]
[ info ] [ LANG ] E:\php\phpstudy\phpStudy\WWW\test\thinkphp\lang\zh-cn.php
[ info ] [ ROUTE ] array (
  'type' => 'module',
  'module' => 
  array (
    0 => 'user',
    1 => 'App',
    2 => 'getNews',
  ),
)
[ info ] [ HEADER ] array (
  'host' => 'www.test.com',
  'connection' => 'keep-alive',
  'content-length' => '19',
  'accept' => 'application/json, text/plain, */*',
  'origin' => 'http://www.test.com',
  'user-agent' => 'Mozilla/5.0 (Windows NT 6.1; Win64; x64) AppleWebKit/537.36 (KHTML, like Gecko) Chrome/58.0.3029.110 Safari/537.36',
  'content-type' => 'application/json;charset=UTF-8',
  'dnt' => '1',
  'referer' => 'http://www.test.com/?XDEBUG_SESSION_START=17688',
  'accept-encoding' => 'gzip, deflate',
  'accept-language' => 'zh-CN,zh;q=0.8',
  'cookie' => 'pgv_pvi=2974618624',
)
[ info ] [ PARAM ] array (
  'type' => 2,
  'page' => 1,
)
[ info ] [ RUN ] app\user\controller\App->getNews[ E:\php\phpstudy\phpStudy\WWW\test\application\user\controller\App.php ]
[ info ] [ LOG ] INIT File

---------------------------------------------------------------
[ 2018-04-13T10:23:38+08:00 ] 127.0.0.1 127.0.0.1 POST /index.php/user/App/getNews
[ log ] www.test.com/index.php/user/App/getNews [运行时间：0.041000s][吞吐率：24.39req/s] [内存消耗：1,573.91kb] [文件加载：41]
[ notice ] -----2

[ 2018-04-13T10:40:30+08:00 ] 127.0.0.1 127.0.0.1 POST /index.php/user/App/getNews
[ log ] www.test.com/index.php/user/App/getNews [运行时间：0.042000s][吞吐率：23.81req/s] [内存消耗：1,575.13kb] [文件加载：41]
[ notice ] post data{"type":2,"page":1}

[ 2018-04-13T10:40:30+08:00 ] 127.0.0.1 127.0.0.1 POST /index.php/user/App/getNews
[ log ] www.test.com/index.php/user/App/getNews [运行时间：0.043000s][吞吐率：23.26req/s] [内存消耗：1,574.86kb] [文件加载：41]
[ info ] [ LANG ] E:\php\phpstudy\phpStudy\WWW\test\thinkphp\lang\zh-cn.php
[ info ] [ ROUTE ] array (
  'type' => 'module',
  'module' => 
  array (
    0 => 'user',
    1 => 'App',
    2 => 'getNews',
  ),
)
[ info ] [ HEADER ] array (
  'host' => 'www.test.com',
  'connection' => 'keep-alive',
  'content-length' => '19',
  'accept' => 'application/json, text/plain, */*',
  'origin' => 'http://www.test.com',
  'user-agent' => 'Mozilla/5.0 (Windows NT 6.1; Win64; x64) AppleWebKit/537.36 (KHTML, like Gecko) Chrome/58.0.3029.110 Safari/537.36',
  'content-type' => 'application/json;charset=UTF-8',
  'dnt' => '1',
  'referer' => 'http://www.test.com/?XDEBUG_SESSION_START=17647',
  'accept-encoding' => 'gzip, deflate',
  'accept-language' => 'zh-CN,zh;q=0.8',
  'cookie' => 'pgv_pvi=2974618624',
)
[ info ] [ PARAM ] array (
  'type' => 2,
  'page' => 1,
)
[ info ] [ RUN ] app\user\controller\App->getNews[ E:\php\phpstudy\phpStudy\WWW\test\application\user\controller\App.php ]
[ info ] [ LOG ] INIT File

---------------------------------------------------------------
[ 2018-04-13T10:40:30+08:00 ] 127.0.0.1 127.0.0.1 POST /index.php/user/App/getNews
[ log ] www.test.com/index.php/user/App/getNews [运行时间：0.043000s][吞吐率：23.26req/s] [内存消耗：1,573.91kb] [文件加载：41]
[ notice ] -----2

[ 2018-04-13T10:40:32+08:00 ] 127.0.0.1 127.0.0.1 POST /index.php/user/App/getNews
[ log ] www.test.com/index.php/user/App/getNews [运行时间：0.044000s][吞吐率：22.73req/s] [内存消耗：1,575.13kb] [文件加载：41]
[ notice ] post data{"type":2,"page":1}

[ 2018-04-13T10:40:32+08:00 ] 127.0.0.1 127.0.0.1 POST /index.php/user/App/getNews
[ log ] www.test.com/index.php/user/App/getNews [运行时间：0.044000s][吞吐率：22.73req/s] [内存消耗：1,574.86kb] [文件加载：41]
[ info ] [ LANG ] E:\php\phpstudy\phpStudy\WWW\test\thinkphp\lang\zh-cn.php
[ info ] [ ROUTE ] array (
  'type' => 'module',
  'module' => 
  array (
    0 => 'user',
    1 => 'App',
    2 => 'getNews',
  ),
)
[ info ] [ HEADER ] array (
  'host' => 'www.test.com',
  'connection' => 'keep-alive',
  'content-length' => '19',
  'accept' => 'application/json, text/plain, */*',
  'origin' => 'http://www.test.com',
  'user-agent' => 'Mozilla/5.0 (Windows NT 6.1; Win64; x64) AppleWebKit/537.36 (KHTML, like Gecko) Chrome/58.0.3029.110 Safari/537.36',
  'content-type' => 'application/json;charset=UTF-8',
  'dnt' => '1',
  'referer' => 'http://www.test.com/?XDEBUG_SESSION_START=17647',
  'accept-encoding' => 'gzip, deflate',
  'accept-language' => 'zh-CN,zh;q=0.8',
  'cookie' => 'pgv_pvi=2974618624',
)
[ info ] [ PARAM ] array (
  'type' => 2,
  'page' => 1,
)
[ info ] [ RUN ] app\user\controller\App->getNews[ E:\php\phpstudy\phpStudy\WWW\test\application\user\controller\App.php ]
[ info ] [ LOG ] INIT File

---------------------------------------------------------------
[ 2018-04-13T10:40:32+08:00 ] 127.0.0.1 127.0.0.1 POST /index.php/user/App/getNews
[ log ] www.test.com/index.php/user/App/getNews [运行时间：0.045000s][吞吐率：22.22req/s] [内存消耗：1,573.91kb] [文件加载：41]
[ notice ] -----2

[ 2018-04-13T10:40:44+08:00 ] 127.0.0.1 127.0.0.1 POST /index.php/user/App/getNews
[ log ] www.test.com/index.php/user/App/getNews [运行时间：0.047000s][吞吐率：21.28req/s] [内存消耗：1,575.13kb] [文件加载：41]
[ notice ] post data{"type":2,"page":1}

[ 2018-04-13T10:40:44+08:00 ] 127.0.0.1 127.0.0.1 POST /index.php/user/App/getNews
[ log ] www.test.com/index.php/user/App/getNews [运行时间：0.048000s][吞吐率：20.83req/s] [内存消耗：1,574.86kb] [文件加载：41]
[ info ] [ LANG ] E:\php\phpstudy\phpStudy\WWW\test\thinkphp\lang\zh-cn.php
[ info ] [ ROUTE ] array (
  'type' => 'module',
  'module' => 
  array (
    0 => 'user',
    1 => 'App',
    2 => 'getNews',
  ),
)
[ info ] [ HEADER ] array (
  'host' => 'www.test.com',
  'connection' => 'keep-alive',
  'content-length' => '19',
  'accept' => 'application/json, text/plain, */*',
  'origin' => 'http://www.test.com',
  'user-agent' => 'Mozilla/5.0 (Windows NT 6.1; Win64; x64) AppleWebKit/537.36 (KHTML, like Gecko) Chrome/58.0.3029.110 Safari/537.36',
  'content-type' => 'application/json;charset=UTF-8',
  'dnt' => '1',
  'referer' => 'http://www.test.com/?XDEBUG_SESSION_START=17647',
  'accept-encoding' => 'gzip, deflate',
  'accept-language' => 'zh-CN,zh;q=0.8',
  'cookie' => 'pgv_pvi=2974618624',
)
[ info ] [ PARAM ] array (
  'type' => 2,
  'page' => 1,
)
[ info ] [ RUN ] app\user\controller\App->getNews[ E:\php\phpstudy\phpStudy\WWW\test\application\user\controller\App.php ]
[ info ] [ LOG ] INIT File

---------------------------------------------------------------
[ 2018-04-13T10:40:44+08:00 ] 127.0.0.1 127.0.0.1 POST /index.php/user/App/getNews
[ log ] www.test.com/index.php/user/App/getNews [运行时间：0.048000s][吞吐率：20.83req/s] [内存消耗：1,573.91kb] [文件加载：41]
[ notice ] -----2

[ 2018-04-13T10:41:09+08:00 ] 127.0.0.1 127.0.0.1 POST /index.php/user/App/getNews
[ log ] www.test.com/index.php/user/App/getNews [运行时间：0.046000s][吞吐率：21.74req/s] [内存消耗：1,575.13kb] [文件加载：41]
[ notice ] post data{"type":2,"page":1}

[ 2018-04-13T10:41:09+08:00 ] 127.0.0.1 127.0.0.1 POST /index.php/user/App/getNews
[ log ] www.test.com/index.php/user/App/getNews [运行时间：0.046000s][吞吐率：21.74req/s] [内存消耗：1,574.86kb] [文件加载：41]
[ info ] [ LANG ] E:\php\phpstudy\phpStudy\WWW\test\thinkphp\lang\zh-cn.php
[ info ] [ ROUTE ] array (
  'type' => 'module',
  'module' => 
  array (
    0 => 'user',
    1 => 'App',
    2 => 'getNews',
  ),
)
[ info ] [ HEADER ] array (
  'host' => 'www.test.com',
  'connection' => 'keep-alive',
  'content-length' => '19',
  'accept' => 'application/json, text/plain, */*',
  'origin' => 'http://www.test.com',
  'user-agent' => 'Mozilla/5.0 (Windows NT 6.1; Win64; x64) AppleWebKit/537.36 (KHTML, like Gecko) Chrome/58.0.3029.110 Safari/537.36',
  'content-type' => 'application/json;charset=UTF-8',
  'dnt' => '1',
  'referer' => 'http://www.test.com/?XDEBUG_SESSION_START=17647',
  'accept-encoding' => 'gzip, deflate',
  'accept-language' => 'zh-CN,zh;q=0.8',
  'cookie' => 'pgv_pvi=2974618624',
)
[ info ] [ PARAM ] array (
  'type' => 2,
  'page' => 1,
)
[ info ] [ RUN ] app\user\controller\App->getNews[ E:\php\phpstudy\phpStudy\WWW\test\application\user\controller\App.php ]
[ info ] [ LOG ] INIT File

---------------------------------------------------------------
[ 2018-04-13T10:41:09+08:00 ] 127.0.0.1 127.0.0.1 POST /index.php/user/App/getNews
[ log ] www.test.com/index.php/user/App/getNews [运行时间：0.047000s][吞吐率：21.28req/s] [内存消耗：1,573.91kb] [文件加载：41]
[ notice ] -----2

[ 2018-04-13T10:41:19+08:00 ] 127.0.0.1 127.0.0.1 POST /index.php/user/App/getNews
[ log ] www.test.com/index.php/user/App/getNews [运行时间：0.032000s][吞吐率：31.25req/s] [内存消耗：1,575.13kb] [文件加载：41]
[ notice ] post data{"type":2,"page":1}

[ 2018-04-13T10:41:19+08:00 ] 127.0.0.1 127.0.0.1 POST /index.php/user/App/getNews
[ log ] www.test.com/index.php/user/App/getNews [运行时间：0.033000s][吞吐率：30.30req/s] [内存消耗：1,574.86kb] [文件加载：41]
[ info ] [ LANG ] E:\php\phpstudy\phpStudy\WWW\test\thinkphp\lang\zh-cn.php
[ info ] [ ROUTE ] array (
  'type' => 'module',
  'module' => 
  array (
    0 => 'user',
    1 => 'App',
    2 => 'getNews',
  ),
)
[ info ] [ HEADER ] array (
  'host' => 'www.test.com',
  'connection' => 'keep-alive',
  'content-length' => '19',
  'accept' => 'application/json, text/plain, */*',
  'origin' => 'http://www.test.com',
  'user-agent' => 'Mozilla/5.0 (Windows NT 6.1; Win64; x64) AppleWebKit/537.36 (KHTML, like Gecko) Chrome/58.0.3029.110 Safari/537.36',
  'content-type' => 'application/json;charset=UTF-8',
  'dnt' => '1',
  'referer' => 'http://www.test.com/?XDEBUG_SESSION_START=13479',
  'accept-encoding' => 'gzip, deflate',
  'accept-language' => 'zh-CN,zh;q=0.8',
  'cookie' => 'pgv_pvi=2974618624',
)
[ info ] [ PARAM ] array (
  'type' => 2,
  'page' => 1,
)
[ info ] [ RUN ] app\user\controller\App->getNews[ E:\php\phpstudy\phpStudy\WWW\test\application\user\controller\App.php ]
[ info ] [ LOG ] INIT File

---------------------------------------------------------------
[ 2018-04-13T10:41:19+08:00 ] 127.0.0.1 127.0.0.1 POST /index.php/user/App/getNews
[ log ] www.test.com/index.php/user/App/getNews [运行时间：0.033000s][吞吐率：30.30req/s] [内存消耗：1,573.91kb] [文件加载：41]
[ notice ] -----2

[ 2018-04-13T10:41:21+08:00 ] 127.0.0.1 127.0.0.1 POST /index.php/user/App/getNews
[ log ] www.test.com/index.php/user/App/getNews [运行时间：0.041000s][吞吐率：24.39req/s] [内存消耗：1,575.13kb] [文件加载：41]
[ notice ] post data{"type":2,"page":1}

[ 2018-04-13T10:41:21+08:00 ] 127.0.0.1 127.0.0.1 POST /index.php/user/App/getNews
[ log ] www.test.com/index.php/user/App/getNews [运行时间：0.041000s][吞吐率：24.39req/s] [内存消耗：1,574.86kb] [文件加载：41]
[ info ] [ LANG ] E:\php\phpstudy\phpStudy\WWW\test\thinkphp\lang\zh-cn.php
[ info ] [ ROUTE ] array (
  'type' => 'module',
  'module' => 
  array (
    0 => 'user',
    1 => 'App',
    2 => 'getNews',
  ),
)
[ info ] [ HEADER ] array (
  'host' => 'www.test.com',
  'connection' => 'keep-alive',
  'content-length' => '19',
  'accept' => 'application/json, text/plain, */*',
  'origin' => 'http://www.test.com',
  'user-agent' => 'Mozilla/5.0 (Windows NT 6.1; Win64; x64) AppleWebKit/537.36 (KHTML, like Gecko) Chrome/58.0.3029.110 Safari/537.36',
  'content-type' => 'application/json;charset=UTF-8',
  'dnt' => '1',
  'referer' => 'http://www.test.com/?XDEBUG_SESSION_START=13479',
  'accept-encoding' => 'gzip, deflate',
  'accept-language' => 'zh-CN,zh;q=0.8',
  'cookie' => 'pgv_pvi=2974618624',
)
[ info ] [ PARAM ] array (
  'type' => 2,
  'page' => 1,
)
[ info ] [ RUN ] app\user\controller\App->getNews[ E:\php\phpstudy\phpStudy\WWW\test\application\user\controller\App.php ]
[ info ] [ LOG ] INIT File

---------------------------------------------------------------
[ 2018-04-13T10:41:21+08:00 ] 127.0.0.1 127.0.0.1 POST /index.php/user/App/getNews
[ log ] www.test.com/index.php/user/App/getNews [运行时间：0.042000s][吞吐率：23.81req/s] [内存消耗：1,573.91kb] [文件加载：41]
[ notice ] -----2

[ 2018-04-13T10:43:28+08:00 ] 127.0.0.1 127.0.0.1 POST /index.php/user/App/getNews
[ log ] www.test.com/index.php/user/App/getNews [运行时间：0.039000s][吞吐率：25.64req/s] [内存消耗：1,575.16kb] [文件加载：41]
[ notice ] post data{"type":2,"page":1}

[ 2018-04-13T10:43:28+08:00 ] 127.0.0.1 127.0.0.1 POST /index.php/user/App/getNews
[ log ] www.test.com/index.php/user/App/getNews [运行时间：0.040000s][吞吐率：25.00req/s] [内存消耗：1,574.88kb] [文件加载：41]
[ info ] [ LANG ] E:\php\phpstudy\phpStudy\WWW\test\thinkphp\lang\zh-cn.php
[ info ] [ ROUTE ] array (
  'type' => 'module',
  'module' => 
  array (
    0 => 'user',
    1 => 'App',
    2 => 'getNews',
  ),
)
[ info ] [ HEADER ] array (
  'host' => 'www.test.com',
  'connection' => 'keep-alive',
  'content-length' => '19',
  'accept' => 'application/json, text/plain, */*',
  'origin' => 'http://www.test.com',
  'user-agent' => 'Mozilla/5.0 (Windows NT 6.1; Win64; x64) AppleWebKit/537.36 (KHTML, like Gecko) Chrome/58.0.3029.110 Safari/537.36',
  'content-type' => 'application/json;charset=UTF-8',
  'dnt' => '1',
  'referer' => 'http://www.test.com/',
  'accept-encoding' => 'gzip, deflate',
  'accept-language' => 'zh-CN,zh;q=0.8',
  'cookie' => 'pgv_pvi=2974618624',
)
[ info ] [ PARAM ] array (
  'type' => 2,
  'page' => 1,
)
[ info ] [ RUN ] app\user\controller\App->getNews[ E:\php\phpstudy\phpStudy\WWW\test\application\user\controller\App.php ]
[ info ] [ LOG ] INIT File

---------------------------------------------------------------
[ 2018-04-13T10:43:28+08:00 ] 127.0.0.1 127.0.0.1 POST /index.php/user/App/getNews
[ log ] www.test.com/index.php/user/App/getNews [运行时间：0.041000s][吞吐率：24.39req/s] [内存消耗：1,573.97kb] [文件加载：41]
[ notice ] -----2

[ 2018-04-13T11:01:40+08:00 ] 127.0.0.1 127.0.0.1 POST /index.php/user/App/getNews
[ log ] www.test.com/index.php/user/App/getNews [运行时间：0.048000s][吞吐率：20.83req/s] [内存消耗：1,575.13kb] [文件加载：41]
[ notice ] post data{"type":2,"page":1}

[ 2018-04-13T11:01:40+08:00 ] 127.0.0.1 127.0.0.1 POST /index.php/user/App/getNews
[ log ] www.test.com/index.php/user/App/getNews [运行时间：0.049000s][吞吐率：20.41req/s] [内存消耗：1,574.86kb] [文件加载：41]
[ info ] [ LANG ] E:\php\phpstudy\phpStudy\WWW\test\thinkphp\lang\zh-cn.php
[ info ] [ ROUTE ] array (
  'type' => 'module',
  'module' => 
  array (
    0 => 'user',
    1 => 'App',
    2 => 'getNews',
  ),
)
[ info ] [ HEADER ] array (
  'host' => 'www.test.com',
  'connection' => 'keep-alive',
  'content-length' => '19',
  'accept' => 'application/json, text/plain, */*',
  'origin' => 'http://www.test.com',
  'user-agent' => 'Mozilla/5.0 (Windows NT 6.1; Win64; x64) AppleWebKit/537.36 (KHTML, like Gecko) Chrome/58.0.3029.110 Safari/537.36',
  'content-type' => 'application/json;charset=UTF-8',
  'dnt' => '1',
  'referer' => 'http://www.test.com/?XDEBUG_SESSION_START=14062',
  'accept-encoding' => 'gzip, deflate',
  'accept-language' => 'zh-CN,zh;q=0.8',
  'cookie' => 'pgv_pvi=2974618624',
)
[ info ] [ PARAM ] array (
  'type' => 2,
  'page' => 1,
)
[ info ] [ RUN ] app\user\controller\App->getNews[ E:\php\phpstudy\phpStudy\WWW\test\application\user\controller\App.php ]
[ info ] [ LOG ] INIT File

---------------------------------------------------------------
[ 2018-04-13T11:01:40+08:00 ] 127.0.0.1 127.0.0.1 POST /index.php/user/App/getNews
[ log ] www.test.com/index.php/user/App/getNews [运行时间：0.049000s][吞吐率：20.41req/s] [内存消耗：1,573.91kb] [文件加载：41]
[ notice ] -----2

[ 2018-04-13T11:01:42+08:00 ] 127.0.0.1 127.0.0.1 POST /index.php/user/App/getNews
[ log ] www.test.com/index.php/user/App/getNews [运行时间：0.045000s][吞吐率：22.22req/s] [内存消耗：1,575.13kb] [文件加载：41]
[ notice ] post data{"type":2,"page":1}

[ 2018-04-13T11:01:42+08:00 ] 127.0.0.1 127.0.0.1 POST /index.php/user/App/getNews
[ log ] www.test.com/index.php/user/App/getNews [运行时间：0.046000s][吞吐率：21.74req/s] [内存消耗：1,574.86kb] [文件加载：41]
[ info ] [ LANG ] E:\php\phpstudy\phpStudy\WWW\test\thinkphp\lang\zh-cn.php
[ info ] [ ROUTE ] array (
  'type' => 'module',
  'module' => 
  array (
    0 => 'user',
    1 => 'App',
    2 => 'getNews',
  ),
)
[ info ] [ HEADER ] array (
  'host' => 'www.test.com',
  'connection' => 'keep-alive',
  'content-length' => '19',
  'accept' => 'application/json, text/plain, */*',
  'origin' => 'http://www.test.com',
  'user-agent' => 'Mozilla/5.0 (Windows NT 6.1; Win64; x64) AppleWebKit/537.36 (KHTML, like Gecko) Chrome/58.0.3029.110 Safari/537.36',
  'content-type' => 'application/json;charset=UTF-8',
  'dnt' => '1',
  'referer' => 'http://www.test.com/?XDEBUG_SESSION_START=14062',
  'accept-encoding' => 'gzip, deflate',
  'accept-language' => 'zh-CN,zh;q=0.8',
  'cookie' => 'pgv_pvi=2974618624',
)
[ info ] [ PARAM ] array (
  'type' => 2,
  'page' => 1,
)
[ info ] [ RUN ] app\user\controller\App->getNews[ E:\php\phpstudy\phpStudy\WWW\test\application\user\controller\App.php ]
[ info ] [ LOG ] INIT File

---------------------------------------------------------------
[ 2018-04-13T11:01:42+08:00 ] 127.0.0.1 127.0.0.1 POST /index.php/user/App/getNews
[ log ] www.test.com/index.php/user/App/getNews [运行时间：0.047000s][吞吐率：21.28req/s] [内存消耗：1,573.91kb] [文件加载：41]
[ notice ] -----2

[ 2018-04-13T11:02:05+08:00 ] 127.0.0.1 127.0.0.1 POST /index.php/user/App/getNews
[ log ] www.test.com/index.php/user/App/getNews [运行时间：0.044000s][吞吐率：22.73req/s] [内存消耗：1,575.13kb] [文件加载：41]
[ notice ] post data{"type":2,"page":1}

[ 2018-04-13T11:02:05+08:00 ] 127.0.0.1 127.0.0.1 POST /index.php/user/App/getNews
[ log ] www.test.com/index.php/user/App/getNews [运行时间：0.045000s][吞吐率：22.22req/s] [内存消耗：1,574.86kb] [文件加载：41]
[ info ] [ LANG ] E:\php\phpstudy\phpStudy\WWW\test\thinkphp\lang\zh-cn.php
[ info ] [ ROUTE ] array (
  'type' => 'module',
  'module' => 
  array (
    0 => 'user',
    1 => 'App',
    2 => 'getNews',
  ),
)
[ info ] [ HEADER ] array (
  'host' => 'www.test.com',
  'connection' => 'keep-alive',
  'content-length' => '19',
  'accept' => 'application/json, text/plain, */*',
  'origin' => 'http://www.test.com',
  'user-agent' => 'Mozilla/5.0 (Windows NT 6.1; Win64; x64) AppleWebKit/537.36 (KHTML, like Gecko) Chrome/58.0.3029.110 Safari/537.36',
  'content-type' => 'application/json;charset=UTF-8',
  'dnt' => '1',
  'referer' => 'http://www.test.com/?XDEBUG_SESSION_START=17855',
  'accept-encoding' => 'gzip, deflate',
  'accept-language' => 'zh-CN,zh;q=0.8',
  'cookie' => 'pgv_pvi=2974618624',
)
[ info ] [ PARAM ] array (
  'type' => 2,
  'page' => 1,
)
[ info ] [ RUN ] app\user\controller\App->getNews[ E:\php\phpstudy\phpStudy\WWW\test\application\user\controller\App.php ]
[ info ] [ LOG ] INIT File

---------------------------------------------------------------
[ 2018-04-13T11:02:05+08:00 ] 127.0.0.1 127.0.0.1 POST /index.php/user/App/getNews
[ log ] www.test.com/index.php/user/App/getNews [运行时间：0.045000s][吞吐率：22.22req/s] [内存消耗：1,573.91kb] [文件加载：41]
[ notice ] -----2

[ 2018-04-13T11:08:26+08:00 ] 127.0.0.1 127.0.0.1 POST /index.php/user/App/getNews
[ log ] www.test.com/index.php/user/App/getNews [运行时间：0.051000s][吞吐率：19.61req/s] [内存消耗：1,798.02kb] [文件加载：41]
[ notice ] post data{"type":2,"page":1}

[ 2018-04-13T11:08:26+08:00 ] 127.0.0.1 127.0.0.1 POST /index.php/user/App/getNews
[ log ] www.test.com/index.php/user/App/getNews [运行时间：0.052000s][吞吐率：19.23req/s] [内存消耗：1,797.74kb] [文件加载：41]
[ info ] [ LANG ] E:\php\phpstudy\phpStudy\WWW\test\thinkphp\lang\zh-cn.php
[ info ] [ ROUTE ] array (
  'type' => 'module',
  'module' => 
  array (
    0 => 'user',
    1 => 'App',
    2 => 'getNews',
  ),
)
[ info ] [ HEADER ] array (
  'host' => 'www.test.com',
  'connection' => 'keep-alive',
  'content-length' => '19',
  'accept' => 'application/json, text/plain, */*',
  'origin' => 'http://www.test.com',
  'user-agent' => 'Mozilla/5.0 (Windows NT 6.1; Win64; x64) AppleWebKit/537.36 (KHTML, like Gecko) Chrome/58.0.3029.110 Safari/537.36',
  'content-type' => 'application/json;charset=UTF-8',
  'dnt' => '1',
  'referer' => 'http://www.test.com/?XDEBUG_SESSION_START=13239',
  'accept-encoding' => 'gzip, deflate',
  'accept-language' => 'zh-CN,zh;q=0.8',
  'cookie' => 'pgv_pvi=2974618624',
)
[ info ] [ PARAM ] array (
  'type' => 2,
  'page' => 1,
)
[ info ] [ RUN ] app\user\controller\App->getNews[ E:\php\phpstudy\phpStudy\WWW\test\application\user\controller\App.php ]
[ info ] [ LOG ] INIT File

---------------------------------------------------------------
[ 2018-04-13T11:08:26+08:00 ] 127.0.0.1 127.0.0.1 POST /index.php/user/App/getNews
[ log ] www.test.com/index.php/user/App/getNews [运行时间：0.053000s][吞吐率：18.87req/s] [内存消耗：1,796.80kb] [文件加载：41]
[ notice ] -----2

[ 2018-04-13T11:08:28+08:00 ] 127.0.0.1 127.0.0.1 POST /index.php/user/App/getNews
[ log ] www.test.com/index.php/user/App/getNews [运行时间：0.038000s][吞吐率：26.32req/s] [内存消耗：1,798.02kb] [文件加载：41]
[ notice ] post data{"type":2,"page":1}

[ 2018-04-13T11:08:28+08:00 ] 127.0.0.1 127.0.0.1 POST /index.php/user/App/getNews
[ log ] www.test.com/index.php/user/App/getNews [运行时间：0.039000s][吞吐率：25.64req/s] [内存消耗：1,797.74kb] [文件加载：41]
[ info ] [ LANG ] E:\php\phpstudy\phpStudy\WWW\test\thinkphp\lang\zh-cn.php
[ info ] [ ROUTE ] array (
  'type' => 'module',
  'module' => 
  array (
    0 => 'user',
    1 => 'App',
    2 => 'getNews',
  ),
)
[ info ] [ HEADER ] array (
  'host' => 'www.test.com',
  'connection' => 'keep-alive',
  'content-length' => '19',
  'accept' => 'application/json, text/plain, */*',
  'origin' => 'http://www.test.com',
  'user-agent' => 'Mozilla/5.0 (Windows NT 6.1; Win64; x64) AppleWebKit/537.36 (KHTML, like Gecko) Chrome/58.0.3029.110 Safari/537.36',
  'content-type' => 'application/json;charset=UTF-8',
  'dnt' => '1',
  'referer' => 'http://www.test.com/?XDEBUG_SESSION_START=13239',
  'accept-encoding' => 'gzip, deflate',
  'accept-language' => 'zh-CN,zh;q=0.8',
  'cookie' => 'pgv_pvi=2974618624',
)
[ info ] [ PARAM ] array (
  'type' => 2,
  'page' => 1,
)
[ info ] [ RUN ] app\user\controller\App->getNews[ E:\php\phpstudy\phpStudy\WWW\test\application\user\controller\App.php ]
[ info ] [ LOG ] INIT File

---------------------------------------------------------------
[ 2018-04-13T11:08:28+08:00 ] 127.0.0.1 127.0.0.1 POST /index.php/user/App/getNews
[ log ] www.test.com/index.php/user/App/getNews [运行时间：0.040000s][吞吐率：25.00req/s] [内存消耗：1,796.80kb] [文件加载：41]
[ notice ] -----2

[ 2018-04-13T11:10:54+08:00 ] 127.0.0.1 127.0.0.1 POST /index.php/user/App/getNews
[ log ] www.test.com/index.php/user/App/getNews [运行时间：0.050000s][吞吐率：20.00req/s] [内存消耗：1,798.02kb] [文件加载：41]
[ notice ] post data{"type":2,"page":1}

[ 2018-04-13T11:10:54+08:00 ] 127.0.0.1 127.0.0.1 POST /index.php/user/App/getNews
[ log ] www.test.com/index.php/user/App/getNews [运行时间：0.051000s][吞吐率：19.61req/s] [内存消耗：1,797.74kb] [文件加载：41]
[ info ] [ LANG ] E:\php\phpstudy\phpStudy\WWW\test\thinkphp\lang\zh-cn.php
[ info ] [ ROUTE ] array (
  'type' => 'module',
  'module' => 
  array (
    0 => 'user',
    1 => 'App',
    2 => 'getNews',
  ),
)
[ info ] [ HEADER ] array (
  'host' => 'www.test.com',
  'connection' => 'keep-alive',
  'content-length' => '19',
  'accept' => 'application/json, text/plain, */*',
  'origin' => 'http://www.test.com',
  'user-agent' => 'Mozilla/5.0 (Windows NT 6.1; Win64; x64) AppleWebKit/537.36 (KHTML, like Gecko) Chrome/58.0.3029.110 Safari/537.36',
  'content-type' => 'application/json;charset=UTF-8',
  'dnt' => '1',
  'referer' => 'http://www.test.com/?XDEBUG_SESSION_START=14850',
  'accept-encoding' => 'gzip, deflate',
  'accept-language' => 'zh-CN,zh;q=0.8',
  'cookie' => 'pgv_pvi=2974618624',
)
[ info ] [ PARAM ] array (
  'type' => 2,
  'page' => 1,
)
[ info ] [ RUN ] app\user\controller\App->getNews[ E:\php\phpstudy\phpStudy\WWW\test\application\user\controller\App.php ]
[ info ] [ LOG ] INIT File

---------------------------------------------------------------
[ 2018-04-13T11:10:54+08:00 ] 127.0.0.1 127.0.0.1 POST /index.php/user/App/getNews
[ log ] www.test.com/index.php/user/App/getNews [运行时间：0.052000s][吞吐率：19.23req/s] [内存消耗：1,796.80kb] [文件加载：41]
[ notice ] -----2

[ 2018-04-13T11:10:56+08:00 ] 127.0.0.1 127.0.0.1 POST /index.php/user/App/getNews
[ log ] www.test.com/index.php/user/App/getNews [运行时间：0.047000s][吞吐率：21.28req/s] [内存消耗：1,798.02kb] [文件加载：41]
[ notice ] post data{"type":2,"page":1}

[ 2018-04-13T11:10:56+08:00 ] 127.0.0.1 127.0.0.1 POST /index.php/user/App/getNews
[ log ] www.test.com/index.php/user/App/getNews [运行时间：0.048000s][吞吐率：20.83req/s] [内存消耗：1,797.74kb] [文件加载：41]
[ info ] [ LANG ] E:\php\phpstudy\phpStudy\WWW\test\thinkphp\lang\zh-cn.php
[ info ] [ ROUTE ] array (
  'type' => 'module',
  'module' => 
  array (
    0 => 'user',
    1 => 'App',
    2 => 'getNews',
  ),
)
[ info ] [ HEADER ] array (
  'host' => 'www.test.com',
  'connection' => 'keep-alive',
  'content-length' => '19',
  'accept' => 'application/json, text/plain, */*',
  'origin' => 'http://www.test.com',
  'user-agent' => 'Mozilla/5.0 (Windows NT 6.1; Win64; x64) AppleWebKit/537.36 (KHTML, like Gecko) Chrome/58.0.3029.110 Safari/537.36',
  'content-type' => 'application/json;charset=UTF-8',
  'dnt' => '1',
  'referer' => 'http://www.test.com/?XDEBUG_SESSION_START=14850',
  'accept-encoding' => 'gzip, deflate',
  'accept-language' => 'zh-CN,zh;q=0.8',
  'cookie' => 'pgv_pvi=2974618624',
)
[ info ] [ PARAM ] array (
  'type' => 2,
  'page' => 1,
)
[ info ] [ RUN ] app\user\controller\App->getNews[ E:\php\phpstudy\phpStudy\WWW\test\application\user\controller\App.php ]
[ info ] [ LOG ] INIT File

---------------------------------------------------------------
[ 2018-04-13T11:10:56+08:00 ] 127.0.0.1 127.0.0.1 POST /index.php/user/App/getNews
[ log ] www.test.com/index.php/user/App/getNews [运行时间：0.049000s][吞吐率：20.41req/s] [内存消耗：1,796.80kb] [文件加载：41]
[ notice ] -----2

[ 2018-04-13T13:42:03+08:00 ] 127.0.0.1 127.0.0.1 POST /index.php/user/App/getNews
[ log ] www.test.com/index.php/user/App/getNews [运行时间：0.049000s][吞吐率：20.41req/s] [内存消耗：1,798.02kb] [文件加载：41]
[ notice ] post data{"type":2,"page":1}

[ 2018-04-13T13:42:03+08:00 ] 127.0.0.1 127.0.0.1 POST /index.php/user/App/getNews
[ log ] www.test.com/index.php/user/App/getNews [运行时间：0.050000s][吞吐率：20.00req/s] [内存消耗：1,797.74kb] [文件加载：41]
[ info ] [ LANG ] E:\php\phpstudy\phpStudy\WWW\test\thinkphp\lang\zh-cn.php
[ info ] [ ROUTE ] array (
  'type' => 'module',
  'module' => 
  array (
    0 => 'user',
    1 => 'App',
    2 => 'getNews',
  ),
)
[ info ] [ HEADER ] array (
  'host' => 'www.test.com',
  'connection' => 'keep-alive',
  'content-length' => '19',
  'accept' => 'application/json, text/plain, */*',
  'origin' => 'http://www.test.com',
  'user-agent' => 'Mozilla/5.0 (Windows NT 6.1; Win64; x64) AppleWebKit/537.36 (KHTML, like Gecko) Chrome/58.0.3029.110 Safari/537.36',
  'content-type' => 'application/json;charset=UTF-8',
  'dnt' => '1',
  'referer' => 'http://www.test.com/?XDEBUG_SESSION_START=19954',
  'accept-encoding' => 'gzip, deflate',
  'accept-language' => 'zh-CN,zh;q=0.8',
  'cookie' => 'pgv_pvi=2974618624',
)
[ info ] [ PARAM ] array (
  'type' => 2,
  'page' => 1,
)
[ info ] [ RUN ] app\user\controller\App->getNews[ E:\php\phpstudy\phpStudy\WWW\test\application\user\controller\App.php ]
[ info ] [ LOG ] INIT File

---------------------------------------------------------------
[ 2018-04-13T13:42:03+08:00 ] 127.0.0.1 127.0.0.1 POST /index.php/user/App/getNews
[ log ] www.test.com/index.php/user/App/getNews [运行时间：0.051000s][吞吐率：19.61req/s] [内存消耗：1,796.80kb] [文件加载：41]
[ notice ] -----2

[ 2018-04-13T13:42:05+08:00 ] 127.0.0.1 127.0.0.1 POST /index.php/user/App/getNews
[ log ] www.test.com/index.php/user/App/getNews [运行时间：0.057000s][吞吐率：17.54req/s] [内存消耗：1,798.02kb] [文件加载：41]
[ notice ] post data{"type":2,"page":1}

[ 2018-04-13T13:42:05+08:00 ] 127.0.0.1 127.0.0.1 POST /index.php/user/App/getNews
[ log ] www.test.com/index.php/user/App/getNews [运行时间：0.058000s][吞吐率：17.24req/s] [内存消耗：1,797.74kb] [文件加载：41]
[ info ] [ LANG ] E:\php\phpstudy\phpStudy\WWW\test\thinkphp\lang\zh-cn.php
[ info ] [ ROUTE ] array (
  'type' => 'module',
  'module' => 
  array (
    0 => 'user',
    1 => 'App',
    2 => 'getNews',
  ),
)
[ info ] [ HEADER ] array (
  'host' => 'www.test.com',
  'connection' => 'keep-alive',
  'content-length' => '19',
  'accept' => 'application/json, text/plain, */*',
  'origin' => 'http://www.test.com',
  'user-agent' => 'Mozilla/5.0 (Windows NT 6.1; Win64; x64) AppleWebKit/537.36 (KHTML, like Gecko) Chrome/58.0.3029.110 Safari/537.36',
  'content-type' => 'application/json;charset=UTF-8',
  'dnt' => '1',
  'referer' => 'http://www.test.com/?XDEBUG_SESSION_START=19954',
  'accept-encoding' => 'gzip, deflate',
  'accept-language' => 'zh-CN,zh;q=0.8',
  'cookie' => 'pgv_pvi=2974618624',
)
[ info ] [ PARAM ] array (
  'type' => 2,
  'page' => 1,
)
[ info ] [ RUN ] app\user\controller\App->getNews[ E:\php\phpstudy\phpStudy\WWW\test\application\user\controller\App.php ]
[ info ] [ LOG ] INIT File

---------------------------------------------------------------
[ 2018-04-13T13:42:05+08:00 ] 127.0.0.1 127.0.0.1 POST /index.php/user/App/getNews
[ log ] www.test.com/index.php/user/App/getNews [运行时间：0.059000s][吞吐率：16.95req/s] [内存消耗：1,796.80kb] [文件加载：41]
[ notice ] -----2

[ 2018-04-13T13:43:07+08:00 ] 127.0.0.1 127.0.0.1 POST /index.php/user/App/getNews
[ log ] www.test.com/index.php/user/App/getNews [运行时间：0.047000s][吞吐率：21.28req/s] [内存消耗：1,797.42kb] [文件加载：41]
[ notice ] post data{"type":2,"page":1}

[ 2018-04-13T13:43:07+08:00 ] 127.0.0.1 127.0.0.1 POST /index.php/user/App/getNews
[ log ] www.test.com/index.php/user/App/getNews [运行时间：0.048000s][吞吐率：20.83req/s] [内存消耗：1,797.15kb] [文件加载：41]
[ info ] [ LANG ] E:\php\phpstudy\phpStudy\WWW\test\thinkphp\lang\zh-cn.php
[ info ] [ ROUTE ] array (
  'type' => 'module',
  'module' => 
  array (
    0 => 'user',
    1 => 'App',
    2 => 'getNews',
  ),
)
[ info ] [ HEADER ] array (
  'cache-control' => 'no-cache',
  'postman-token' => 'c49e63e2-dae0-4faf-a296-b9f1e77cde1d',
  'content-type' => 'application/json',
  'user-agent' => 'PostmanRuntime/3.0.9',
  'accept' => '*/*',
  'host' => 'www.test.com',
  'accept-encoding' => 'gzip, deflate',
  'content-length' => '19',
  'connection' => 'keep-alive',
)
[ info ] [ PARAM ] array (
  'type' => 2,
  'page' => 1,
)
[ info ] [ RUN ] app\user\controller\App->getNews[ E:\php\phpstudy\phpStudy\WWW\test\application\user\controller\App.php ]
[ info ] [ LOG ] INIT File

---------------------------------------------------------------
[ 2018-04-13T13:43:07+08:00 ] 127.0.0.1 127.0.0.1 POST /index.php/user/App/getNews
[ log ] www.test.com/index.php/user/App/getNews [运行时间：0.049000s][吞吐率：20.41req/s] [内存消耗：1,796.43kb] [文件加载：41]
[ notice ] -----2

[ 2018-04-13T13:43:18+08:00 ] 127.0.0.1 127.0.0.1 POST /index.php/user/App/getNews
[ log ] www.test.com:80/index.php/user/App/getNews [运行时间：0.038000s][吞吐率：26.32req/s] [内存消耗：1,797.40kb] [文件加载：41]
[ notice ] post data{"type":2,"page":1}

[ 2018-04-13T13:43:18+08:00 ] 127.0.0.1 127.0.0.1 POST /index.php/user/App/getNews
[ log ] www.test.com:80/index.php/user/App/getNews [运行时间：0.040000s][吞吐率：25.00req/s] [内存消耗：1,797.13kb] [文件加载：41]
[ info ] [ LANG ] E:\php\phpstudy\phpStudy\WWW\test\thinkphp\lang\zh-cn.php
[ info ] [ ROUTE ] array (
  'type' => 'module',
  'module' => 
  array (
    0 => 'user',
    1 => 'App',
    2 => 'getNews',
  ),
)
[ info ] [ HEADER ] array (
  'cache-control' => 'no-cache',
  'postman-token' => 'f64381e1-7fc5-4a5c-9d3d-1efb46d1533e',
  'content-type' => 'application/json',
  'user-agent' => 'PostmanRuntime/3.0.9',
  'accept' => '*/*',
  'host' => 'www.test.com:80',
  'accept-encoding' => 'gzip, deflate',
  'content-length' => '19',
  'connection' => 'keep-alive',
)
[ info ] [ PARAM ] array (
  'type' => 2,
  'page' => 1,
)
[ info ] [ RUN ] app\user\controller\App->getNews[ E:\php\phpstudy\phpStudy\WWW\test\application\user\controller\App.php ]
[ info ] [ LOG ] INIT File

---------------------------------------------------------------
[ 2018-04-13T13:43:18+08:00 ] 127.0.0.1 127.0.0.1 POST /index.php/user/App/getNews
[ log ] www.test.com:80/index.php/user/App/getNews [运行时间：0.042000s][吞吐率：23.81req/s] [内存消耗：1,796.41kb] [文件加载：41]
[ notice ] -----2

[ 2018-04-13T13:43:39+08:00 ] 127.0.0.1 127.0.0.1 POST /index.php/user/App/getNews
[ log ] www.test.com:80/index.php/user/App/getNews [运行时间：0.040000s][吞吐率：25.00req/s] [内存消耗：1,797.40kb] [文件加载：41]
[ notice ] post data{"type":2,"page":1}

[ 2018-04-13T13:43:39+08:00 ] 127.0.0.1 127.0.0.1 POST /index.php/user/App/getNews
[ log ] www.test.com:80/index.php/user/App/getNews [运行时间：0.041000s][吞吐率：24.39req/s] [内存消耗：1,797.13kb] [文件加载：41]
[ info ] [ LANG ] E:\php\phpstudy\phpStudy\WWW\test\thinkphp\lang\zh-cn.php
[ info ] [ ROUTE ] array (
  'type' => 'module',
  'module' => 
  array (
    0 => 'user',
    1 => 'App',
    2 => 'getNews',
  ),
)
[ info ] [ HEADER ] array (
  'cache-control' => 'no-cache',
  'postman-token' => 'd695c833-b4f5-401a-823d-6323537229d3',
  'content-type' => 'application/json',
  'user-agent' => 'PostmanRuntime/3.0.9',
  'accept' => '*/*',
  'host' => 'www.test.com:80',
  'accept-encoding' => 'gzip, deflate',
  'content-length' => '19',
  'connection' => 'keep-alive',
)
[ info ] [ PARAM ] array (
  'type' => 2,
  'page' => 1,
)
[ info ] [ RUN ] app\user\controller\App->getNews[ E:\php\phpstudy\phpStudy\WWW\test\application\user\controller\App.php ]
[ info ] [ LOG ] INIT File

---------------------------------------------------------------
[ 2018-04-13T13:43:39+08:00 ] 127.0.0.1 127.0.0.1 POST /index.php/user/App/getNews
[ log ] www.test.com:80/index.php/user/App/getNews [运行时间：0.042000s][吞吐率：23.81req/s] [内存消耗：1,796.41kb] [文件加载：41]
[ notice ] -----2

[ 2018-04-13T13:43:46+08:00 ] 127.0.0.1 127.0.0.1 POST /index.php/user/App/getNews
[ log ] www.test.com/index.php/user/App/getNews [运行时间：0.043000s][吞吐率：23.26req/s] [内存消耗：1,798.02kb] [文件加载：41]
[ notice ] post data{"type":2,"page":1}

[ 2018-04-13T13:43:46+08:00 ] 127.0.0.1 127.0.0.1 POST /index.php/user/App/getNews
[ log ] www.test.com/index.php/user/App/getNews [运行时间：0.044000s][吞吐率：22.73req/s] [内存消耗：1,797.74kb] [文件加载：41]
[ info ] [ LANG ] E:\php\phpstudy\phpStudy\WWW\test\thinkphp\lang\zh-cn.php
[ info ] [ ROUTE ] array (
  'type' => 'module',
  'module' => 
  array (
    0 => 'user',
    1 => 'App',
    2 => 'getNews',
  ),
)
[ info ] [ HEADER ] array (
  'host' => 'www.test.com',
  'connection' => 'keep-alive',
  'content-length' => '19',
  'accept' => 'application/json, text/plain, */*',
  'origin' => 'http://www.test.com',
  'user-agent' => 'Mozilla/5.0 (Windows NT 6.1; Win64; x64) AppleWebKit/537.36 (KHTML, like Gecko) Chrome/58.0.3029.110 Safari/537.36',
  'content-type' => 'application/json;charset=UTF-8',
  'dnt' => '1',
  'referer' => 'http://www.test.com/?XDEBUG_SESSION_START=15776',
  'accept-encoding' => 'gzip, deflate',
  'accept-language' => 'zh-CN,zh;q=0.8',
  'cookie' => 'pgv_pvi=2974618624',
)
[ info ] [ PARAM ] array (
  'type' => 2,
  'page' => 1,
)
[ info ] [ RUN ] app\user\controller\App->getNews[ E:\php\phpstudy\phpStudy\WWW\test\application\user\controller\App.php ]
[ info ] [ LOG ] INIT File

---------------------------------------------------------------
[ 2018-04-13T13:43:46+08:00 ] 127.0.0.1 127.0.0.1 POST /index.php/user/App/getNews
[ log ] www.test.com/index.php/user/App/getNews [运行时间：0.045000s][吞吐率：22.22req/s] [内存消耗：1,796.80kb] [文件加载：41]
[ notice ] -----2

[ 2018-04-13T13:43:49+08:00 ] 127.0.0.1 127.0.0.1 POST /index.php/user/App/getNews
[ log ] www.test.com/index.php/user/App/getNews [运行时间：0.050000s][吞吐率：20.00req/s] [内存消耗：1,798.02kb] [文件加载：41]
[ notice ] post data{"type":2,"page":1}

[ 2018-04-13T13:43:49+08:00 ] 127.0.0.1 127.0.0.1 POST /index.php/user/App/getNews
[ log ] www.test.com/index.php/user/App/getNews [运行时间：0.051000s][吞吐率：19.61req/s] [内存消耗：1,797.74kb] [文件加载：41]
[ info ] [ LANG ] E:\php\phpstudy\phpStudy\WWW\test\thinkphp\lang\zh-cn.php
[ info ] [ ROUTE ] array (
  'type' => 'module',
  'module' => 
  array (
    0 => 'user',
    1 => 'App',
    2 => 'getNews',
  ),
)
[ info ] [ HEADER ] array (
  'host' => 'www.test.com',
  'connection' => 'keep-alive',
  'content-length' => '19',
  'accept' => 'application/json, text/plain, */*',
  'origin' => 'http://www.test.com',
  'user-agent' => 'Mozilla/5.0 (Windows NT 6.1; Win64; x64) AppleWebKit/537.36 (KHTML, like Gecko) Chrome/58.0.3029.110 Safari/537.36',
  'content-type' => 'application/json;charset=UTF-8',
  'dnt' => '1',
  'referer' => 'http://www.test.com/?XDEBUG_SESSION_START=15776',
  'accept-encoding' => 'gzip, deflate',
  'accept-language' => 'zh-CN,zh;q=0.8',
  'cookie' => 'pgv_pvi=2974618624',
)
[ info ] [ PARAM ] array (
  'type' => 2,
  'page' => 1,
)
[ info ] [ RUN ] app\user\controller\App->getNews[ E:\php\phpstudy\phpStudy\WWW\test\application\user\controller\App.php ]
[ info ] [ LOG ] INIT File

---------------------------------------------------------------
[ 2018-04-13T13:43:49+08:00 ] 127.0.0.1 127.0.0.1 POST /index.php/user/App/getNews
[ log ] www.test.com/index.php/user/App/getNews [运行时间：0.052000s][吞吐率：19.23req/s] [内存消耗：1,796.80kb] [文件加载：41]
[ notice ] -----2

[ 2018-04-13T13:44:21+08:00 ] 127.0.0.1 127.0.0.1 POST /index.php/user/App/getNews
[ log ] www.test.com:80/index.php/user/App/getNews [运行时间：0.035000s][吞吐率：28.57req/s] [内存消耗：1,797.40kb] [文件加载：41]
[ notice ] post data{"type":2,"page":1}

[ 2018-04-13T13:44:21+08:00 ] 127.0.0.1 127.0.0.1 POST /index.php/user/App/getNews
[ log ] www.test.com:80/index.php/user/App/getNews [运行时间：0.036000s][吞吐率：27.78req/s] [内存消耗：1,797.13kb] [文件加载：41]
[ info ] [ LANG ] E:\php\phpstudy\phpStudy\WWW\test\thinkphp\lang\zh-cn.php
[ info ] [ ROUTE ] array (
  'type' => 'module',
  'module' => 
  array (
    0 => 'user',
    1 => 'App',
    2 => 'getNews',
  ),
)
[ info ] [ HEADER ] array (
  'cache-control' => 'no-cache',
  'postman-token' => '0c929e25-e5cf-4435-9e8c-f61fae837501',
  'content-type' => 'application/json',
  'user-agent' => 'PostmanRuntime/3.0.9',
  'accept' => '*/*',
  'host' => 'www.test.com:80',
  'accept-encoding' => 'gzip, deflate',
  'content-length' => '19',
  'connection' => 'keep-alive',
)
[ info ] [ PARAM ] array (
  'type' => 2,
  'page' => 1,
)
[ info ] [ RUN ] app\user\controller\App->getNews[ E:\php\phpstudy\phpStudy\WWW\test\application\user\controller\App.php ]
[ info ] [ LOG ] INIT File

---------------------------------------------------------------
[ 2018-04-13T13:44:21+08:00 ] 127.0.0.1 127.0.0.1 POST /index.php/user/App/getNews
[ log ] www.test.com:80/index.php/user/App/getNews [运行时间：0.037000s][吞吐率：27.03req/s] [内存消耗：1,796.41kb] [文件加载：41]
[ notice ] -----2

[ 2018-04-13T13:54:07+08:00 ] 127.0.0.1 127.0.0.1 POST /index.php/user/App/getNews
[ log ] www.test.com/index.php/user/App/getNews [运行时间：0.047000s][吞吐率：21.28req/s] [内存消耗：1,798.02kb] [文件加载：41]
[ notice ] post data{"type":2,"page":1}

[ 2018-04-13T13:54:07+08:00 ] 127.0.0.1 127.0.0.1 POST /index.php/user/App/getNews
[ log ] www.test.com/index.php/user/App/getNews [运行时间：0.048000s][吞吐率：20.83req/s] [内存消耗：1,797.74kb] [文件加载：41]
[ info ] [ LANG ] E:\php\phpstudy\phpStudy\WWW\test\thinkphp\lang\zh-cn.php
[ info ] [ ROUTE ] array (
  'type' => 'module',
  'module' => 
  array (
    0 => 'user',
    1 => 'App',
    2 => 'getNews',
  ),
)
[ info ] [ HEADER ] array (
  'host' => 'www.test.com',
  'connection' => 'keep-alive',
  'content-length' => '19',
  'accept' => 'application/json, text/plain, */*',
  'origin' => 'http://www.test.com',
  'user-agent' => 'Mozilla/5.0 (Windows NT 6.1; Win64; x64) AppleWebKit/537.36 (KHTML, like Gecko) Chrome/58.0.3029.110 Safari/537.36',
  'content-type' => 'application/json;charset=UTF-8',
  'dnt' => '1',
  'referer' => 'http://www.test.com/?XDEBUG_SESSION_START=12669',
  'accept-encoding' => 'gzip, deflate',
  'accept-language' => 'zh-CN,zh;q=0.8',
  'cookie' => 'pgv_pvi=2974618624',
)
[ info ] [ PARAM ] array (
  'type' => 2,
  'page' => 1,
)
[ info ] [ RUN ] app\user\controller\App->getNews[ E:\php\phpstudy\phpStudy\WWW\test\application\user\controller\App.php ]
[ info ] [ LOG ] INIT File

---------------------------------------------------------------
[ 2018-04-13T13:54:07+08:00 ] 127.0.0.1 127.0.0.1 POST /index.php/user/App/getNews
[ log ] www.test.com/index.php/user/App/getNews [运行时间：0.049000s][吞吐率：20.41req/s] [内存消耗：1,796.80kb] [文件加载：41]
[ notice ] -----2

[ 2018-04-13T13:54:24+08:00 ] 127.0.0.1 127.0.0.1 POST /index.php/user/App/getNews
[ log ] www.test.com/index.php/user/App/getNews [运行时间：0.050000s][吞吐率：20.00req/s] [内存消耗：1,798.02kb] [文件加载：41]
[ notice ] post data{"type":2,"page":1}

[ 2018-04-13T13:54:24+08:00 ] 127.0.0.1 127.0.0.1 POST /index.php/user/App/getNews
[ log ] www.test.com/index.php/user/App/getNews [运行时间：0.051000s][吞吐率：19.61req/s] [内存消耗：1,797.74kb] [文件加载：41]
[ info ] [ LANG ] E:\php\phpstudy\phpStudy\WWW\test\thinkphp\lang\zh-cn.php
[ info ] [ ROUTE ] array (
  'type' => 'module',
  'module' => 
  array (
    0 => 'user',
    1 => 'App',
    2 => 'getNews',
  ),
)
[ info ] [ HEADER ] array (
  'host' => 'www.test.com',
  'connection' => 'keep-alive',
  'content-length' => '19',
  'accept' => 'application/json, text/plain, */*',
  'origin' => 'http://www.test.com',
  'user-agent' => 'Mozilla/5.0 (Windows NT 6.1; Win64; x64) AppleWebKit/537.36 (KHTML, like Gecko) Chrome/58.0.3029.110 Safari/537.36',
  'content-type' => 'application/json;charset=UTF-8',
  'dnt' => '1',
  'referer' => 'http://www.test.com/?XDEBUG_SESSION_START=12669',
  'accept-encoding' => 'gzip, deflate',
  'accept-language' => 'zh-CN,zh;q=0.8',
  'cookie' => 'pgv_pvi=2974618624',
)
[ info ] [ PARAM ] array (
  'type' => 2,
  'page' => 1,
)
[ info ] [ RUN ] app\user\controller\App->getNews[ E:\php\phpstudy\phpStudy\WWW\test\application\user\controller\App.php ]
[ info ] [ LOG ] INIT File

---------------------------------------------------------------
[ 2018-04-13T13:54:24+08:00 ] 127.0.0.1 127.0.0.1 POST /index.php/user/App/getNews
[ log ] www.test.com/index.php/user/App/getNews [运行时间：0.052000s][吞吐率：19.23req/s] [内存消耗：1,796.80kb] [文件加载：41]
[ notice ] -----2

[ 2018-04-13T13:57:29+08:00 ] 127.0.0.1 127.0.0.1 POST /index.php/user/App/getNews
[ log ] www.test.com/index.php/user/App/getNews [运行时间：0.052000s][吞吐率：19.23req/s] [内存消耗：1,798.02kb] [文件加载：41]
[ notice ] post data{"type":2,"page":1}

[ 2018-04-13T13:57:29+08:00 ] 127.0.0.1 127.0.0.1 POST /index.php/user/App/getNews
[ log ] www.test.com/index.php/user/App/getNews [运行时间：0.053000s][吞吐率：18.87req/s] [内存消耗：1,797.74kb] [文件加载：41]
[ info ] [ LANG ] E:\php\phpstudy\phpStudy\WWW\test\thinkphp\lang\zh-cn.php
[ info ] [ ROUTE ] array (
  'type' => 'module',
  'module' => 
  array (
    0 => 'user',
    1 => 'App',
    2 => 'getNews',
  ),
)
[ info ] [ HEADER ] array (
  'host' => 'www.test.com',
  'connection' => 'keep-alive',
  'content-length' => '19',
  'accept' => 'application/json, text/plain, */*',
  'origin' => 'http://www.test.com',
  'user-agent' => 'Mozilla/5.0 (Windows NT 6.1; Win64; x64) AppleWebKit/537.36 (KHTML, like Gecko) Chrome/58.0.3029.110 Safari/537.36',
  'content-type' => 'application/json;charset=UTF-8',
  'dnt' => '1',
  'referer' => 'http://www.test.com/?XDEBUG_SESSION_START=19477',
  'accept-encoding' => 'gzip, deflate',
  'accept-language' => 'zh-CN,zh;q=0.8',
  'cookie' => 'pgv_pvi=2974618624',
)
[ info ] [ PARAM ] array (
  'type' => 2,
  'page' => 1,
)
[ info ] [ RUN ] app\user\controller\App->getNews[ E:\php\phpstudy\phpStudy\WWW\test\application\user\controller\App.php ]
[ info ] [ LOG ] INIT File

---------------------------------------------------------------
[ 2018-04-13T13:57:29+08:00 ] 127.0.0.1 127.0.0.1 POST /index.php/user/App/getNews
[ log ] www.test.com/index.php/user/App/getNews [运行时间：0.054000s][吞吐率：18.52req/s] [内存消耗：1,796.80kb] [文件加载：41]
[ notice ] -----2

[ 2018-04-13T13:57:31+08:00 ] 127.0.0.1 127.0.0.1 POST /index.php/user/App/getNews
[ log ] www.test.com/index.php/user/App/getNews [运行时间：0.049000s][吞吐率：20.41req/s] [内存消耗：1,798.02kb] [文件加载：41]
[ notice ] post data{"type":2,"page":1}

[ 2018-04-13T13:57:31+08:00 ] 127.0.0.1 127.0.0.1 POST /index.php/user/App/getNews
[ log ] www.test.com/index.php/user/App/getNews [运行时间：0.050000s][吞吐率：20.00req/s] [内存消耗：1,797.74kb] [文件加载：41]
[ info ] [ LANG ] E:\php\phpstudy\phpStudy\WWW\test\thinkphp\lang\zh-cn.php
[ info ] [ ROUTE ] array (
  'type' => 'module',
  'module' => 
  array (
    0 => 'user',
    1 => 'App',
    2 => 'getNews',
  ),
)
[ info ] [ HEADER ] array (
  'host' => 'www.test.com',
  'connection' => 'keep-alive',
  'content-length' => '19',
  'accept' => 'application/json, text/plain, */*',
  'origin' => 'http://www.test.com',
  'user-agent' => 'Mozilla/5.0 (Windows NT 6.1; Win64; x64) AppleWebKit/537.36 (KHTML, like Gecko) Chrome/58.0.3029.110 Safari/537.36',
  'content-type' => 'application/json;charset=UTF-8',
  'dnt' => '1',
  'referer' => 'http://www.test.com/?XDEBUG_SESSION_START=19477',
  'accept-encoding' => 'gzip, deflate',
  'accept-language' => 'zh-CN,zh;q=0.8',
  'cookie' => 'pgv_pvi=2974618624',
)
[ info ] [ PARAM ] array (
  'type' => 2,
  'page' => 1,
)
[ info ] [ RUN ] app\user\controller\App->getNews[ E:\php\phpstudy\phpStudy\WWW\test\application\user\controller\App.php ]
[ info ] [ LOG ] INIT File

---------------------------------------------------------------
[ 2018-04-13T13:57:31+08:00 ] 127.0.0.1 127.0.0.1 POST /index.php/user/App/getNews
[ log ] www.test.com/index.php/user/App/getNews [运行时间：0.051000s][吞吐率：19.61req/s] [内存消耗：1,796.80kb] [文件加载：41]
[ notice ] -----2

[ 2018-04-13T14:03:27+08:00 ] 127.0.0.1 127.0.0.1 POST /index.php/user/App/getNews
[ log ] www.test.com/index.php/user/App/getNews [运行时间：0.051000s][吞吐率：19.61req/s] [内存消耗：1,798.02kb] [文件加载：41]
[ notice ] post data{"type":2,"page":1}

[ 2018-04-13T14:03:27+08:00 ] 127.0.0.1 127.0.0.1 POST /index.php/user/App/getNews
[ log ] www.test.com/index.php/user/App/getNews [运行时间：0.052000s][吞吐率：19.23req/s] [内存消耗：1,797.74kb] [文件加载：41]
[ info ] [ LANG ] E:\php\phpstudy\phpStudy\WWW\test\thinkphp\lang\zh-cn.php
[ info ] [ ROUTE ] array (
  'type' => 'module',
  'module' => 
  array (
    0 => 'user',
    1 => 'App',
    2 => 'getNews',
  ),
)
[ info ] [ HEADER ] array (
  'host' => 'www.test.com',
  'connection' => 'keep-alive',
  'content-length' => '19',
  'accept' => 'application/json, text/plain, */*',
  'origin' => 'http://www.test.com',
  'user-agent' => 'Mozilla/5.0 (Windows NT 6.1; Win64; x64) AppleWebKit/537.36 (KHTML, like Gecko) Chrome/58.0.3029.110 Safari/537.36',
  'content-type' => 'application/json;charset=UTF-8',
  'dnt' => '1',
  'referer' => 'http://www.test.com/?XDEBUG_SESSION_START=11578',
  'accept-encoding' => 'gzip, deflate',
  'accept-language' => 'zh-CN,zh;q=0.8',
  'cookie' => 'pgv_pvi=2974618624',
)
[ info ] [ PARAM ] array (
  'type' => 2,
  'page' => 1,
)
[ info ] [ RUN ] app\user\controller\App->getNews[ E:\php\phpstudy\phpStudy\WWW\test\application\user\controller\App.php ]
[ info ] [ LOG ] INIT File

---------------------------------------------------------------
[ 2018-04-13T14:03:27+08:00 ] 127.0.0.1 127.0.0.1 POST /index.php/user/App/getNews
[ log ] www.test.com/index.php/user/App/getNews [运行时间：0.053000s][吞吐率：18.87req/s] [内存消耗：1,796.80kb] [文件加载：41]
[ notice ] -----2

[ 2018-04-13T14:03:30+08:00 ] 127.0.0.1 127.0.0.1 POST /index.php/user/App/getNews
[ log ] www.test.com/index.php/user/App/getNews [运行时间：0.052000s][吞吐率：19.23req/s] [内存消耗：1,798.02kb] [文件加载：41]
[ notice ] post data{"type":2,"page":1}

[ 2018-04-13T14:03:30+08:00 ] 127.0.0.1 127.0.0.1 POST /index.php/user/App/getNews
[ log ] www.test.com/index.php/user/App/getNews [运行时间：0.053000s][吞吐率：18.87req/s] [内存消耗：1,797.74kb] [文件加载：41]
[ info ] [ LANG ] E:\php\phpstudy\phpStudy\WWW\test\thinkphp\lang\zh-cn.php
[ info ] [ ROUTE ] array (
  'type' => 'module',
  'module' => 
  array (
    0 => 'user',
    1 => 'App',
    2 => 'getNews',
  ),
)
[ info ] [ HEADER ] array (
  'host' => 'www.test.com',
  'connection' => 'keep-alive',
  'content-length' => '19',
  'accept' => 'application/json, text/plain, */*',
  'origin' => 'http://www.test.com',
  'user-agent' => 'Mozilla/5.0 (Windows NT 6.1; Win64; x64) AppleWebKit/537.36 (KHTML, like Gecko) Chrome/58.0.3029.110 Safari/537.36',
  'content-type' => 'application/json;charset=UTF-8',
  'dnt' => '1',
  'referer' => 'http://www.test.com/?XDEBUG_SESSION_START=11578',
  'accept-encoding' => 'gzip, deflate',
  'accept-language' => 'zh-CN,zh;q=0.8',
  'cookie' => 'pgv_pvi=2974618624',
)
[ info ] [ PARAM ] array (
  'type' => 2,
  'page' => 1,
)
[ info ] [ RUN ] app\user\controller\App->getNews[ E:\php\phpstudy\phpStudy\WWW\test\application\user\controller\App.php ]
[ info ] [ LOG ] INIT File

---------------------------------------------------------------
[ 2018-04-13T14:03:30+08:00 ] 127.0.0.1 127.0.0.1 POST /index.php/user/App/getNews
[ log ] www.test.com/index.php/user/App/getNews [运行时间：0.054000s][吞吐率：18.52req/s] [内存消耗：1,796.80kb] [文件加载：41]
[ notice ] -----2

[ 2018-04-13T14:10:13+08:00 ] 127.0.0.1 127.0.0.1 POST /index.php/user/App/getNews
[ log ] www.test.com/index.php/user/App/getNews [运行时间：0.051000s][吞吐率：19.61req/s] [内存消耗：1,797.91kb] [文件加载：41]
[ notice ] post data{"type":2,"page":1}

[ 2018-04-13T14:10:13+08:00 ] 127.0.0.1 127.0.0.1 POST /index.php/user/App/getNews
[ log ] www.test.com/index.php/user/App/getNews [运行时间：0.052000s][吞吐率：19.23req/s] [内存消耗：1,797.63kb] [文件加载：41]
[ info ] [ LANG ] E:\php\phpstudy\phpStudy\WWW\test\thinkphp\lang\zh-cn.php
[ info ] [ ROUTE ] array (
  'type' => 'module',
  'module' => 
  array (
    0 => 'user',
    1 => 'App',
    2 => 'getNews',
  ),
)
[ info ] [ HEADER ] array (
  'host' => 'www.test.com',
  'connection' => 'keep-alive',
  'content-length' => '19',
  'accept' => 'application/json, text/plain, */*',
  'origin' => 'http://www.test.com',
  'user-agent' => 'Mozilla/5.0 (Windows NT 6.1; Win64; x64) AppleWebKit/537.36 (KHTML, like Gecko) Chrome/58.0.3029.110 Safari/537.36',
  'content-type' => 'application/json;charset=UTF-8',
  'dnt' => '1',
  'referer' => 'http://www.test.com/',
  'accept-encoding' => 'gzip, deflate',
  'accept-language' => 'zh-CN,zh;q=0.8',
  'cookie' => 'pgv_pvi=2974618624',
)
[ info ] [ PARAM ] array (
  'type' => 2,
  'page' => 1,
)
[ info ] [ RUN ] app\user\controller\App->getNews[ E:\php\phpstudy\phpStudy\WWW\test\application\user\controller\App.php ]
[ info ] [ LOG ] INIT File

---------------------------------------------------------------
[ 2018-04-13T14:10:13+08:00 ] 127.0.0.1 127.0.0.1 POST /index.php/user/App/getNews
[ log ] www.test.com/index.php/user/App/getNews [运行时间：0.053000s][吞吐率：18.87req/s] [内存消耗：1,796.72kb] [文件加载：41]
[ notice ] -----2

[ 2018-04-13T14:10:21+08:00 ] 127.0.0.1 127.0.0.1 POST /index.php/user/App/getNews
[ log ] www.test.com/index.php/user/App/getNews [运行时间：0.049000s][吞吐率：20.41req/s] [内存消耗：1,798.02kb] [文件加载：41]
[ notice ] post data{"type":2,"page":1}

[ 2018-04-13T14:10:21+08:00 ] 127.0.0.1 127.0.0.1 POST /index.php/user/App/getNews
[ log ] www.test.com/index.php/user/App/getNews [运行时间：0.050000s][吞吐率：20.00req/s] [内存消耗：1,797.74kb] [文件加载：41]
[ info ] [ LANG ] E:\php\phpstudy\phpStudy\WWW\test\thinkphp\lang\zh-cn.php
[ info ] [ ROUTE ] array (
  'type' => 'module',
  'module' => 
  array (
    0 => 'user',
    1 => 'App',
    2 => 'getNews',
  ),
)
[ info ] [ HEADER ] array (
  'host' => 'www.test.com',
  'connection' => 'keep-alive',
  'content-length' => '19',
  'accept' => 'application/json, text/plain, */*',
  'origin' => 'http://www.test.com',
  'user-agent' => 'Mozilla/5.0 (Windows NT 6.1; Win64; x64) AppleWebKit/537.36 (KHTML, like Gecko) Chrome/58.0.3029.110 Safari/537.36',
  'content-type' => 'application/json;charset=UTF-8',
  'dnt' => '1',
  'referer' => 'http://www.test.com/?XDEBUG_SESSION_START=18464',
  'accept-encoding' => 'gzip, deflate',
  'accept-language' => 'zh-CN,zh;q=0.8',
  'cookie' => 'pgv_pvi=2974618624',
)
[ info ] [ PARAM ] array (
  'type' => 2,
  'page' => 1,
)
[ info ] [ RUN ] app\user\controller\App->getNews[ E:\php\phpstudy\phpStudy\WWW\test\application\user\controller\App.php ]
[ info ] [ LOG ] INIT File

---------------------------------------------------------------
[ 2018-04-13T14:10:21+08:00 ] 127.0.0.1 127.0.0.1 POST /index.php/user/App/getNews
[ log ] www.test.com/index.php/user/App/getNews [运行时间：0.051000s][吞吐率：19.61req/s] [内存消耗：1,796.80kb] [文件加载：41]
[ notice ] -----2

[ 2018-04-13T14:10:23+08:00 ] 127.0.0.1 127.0.0.1 POST /index.php/user/App/getNews
[ log ] www.test.com/index.php/user/App/getNews [运行时间：0.045000s][吞吐率：22.22req/s] [内存消耗：1,798.02kb] [文件加载：41]
[ notice ] post data{"type":2,"page":1}

[ 2018-04-13T14:10:23+08:00 ] 127.0.0.1 127.0.0.1 POST /index.php/user/App/getNews
[ log ] www.test.com/index.php/user/App/getNews [运行时间：0.047000s][吞吐率：21.28req/s] [内存消耗：1,797.74kb] [文件加载：41]
[ info ] [ LANG ] E:\php\phpstudy\phpStudy\WWW\test\thinkphp\lang\zh-cn.php
[ info ] [ ROUTE ] array (
  'type' => 'module',
  'module' => 
  array (
    0 => 'user',
    1 => 'App',
    2 => 'getNews',
  ),
)
[ info ] [ HEADER ] array (
  'host' => 'www.test.com',
  'connection' => 'keep-alive',
  'content-length' => '19',
  'accept' => 'application/json, text/plain, */*',
  'origin' => 'http://www.test.com',
  'user-agent' => 'Mozilla/5.0 (Windows NT 6.1; Win64; x64) AppleWebKit/537.36 (KHTML, like Gecko) Chrome/58.0.3029.110 Safari/537.36',
  'content-type' => 'application/json;charset=UTF-8',
  'dnt' => '1',
  'referer' => 'http://www.test.com/?XDEBUG_SESSION_START=18464',
  'accept-encoding' => 'gzip, deflate',
  'accept-language' => 'zh-CN,zh;q=0.8',
  'cookie' => 'pgv_pvi=2974618624',
)
[ info ] [ PARAM ] array (
  'type' => 2,
  'page' => 1,
)
[ info ] [ RUN ] app\user\controller\App->getNews[ E:\php\phpstudy\phpStudy\WWW\test\application\user\controller\App.php ]
[ info ] [ LOG ] INIT File

---------------------------------------------------------------
[ 2018-04-13T14:10:23+08:00 ] 127.0.0.1 127.0.0.1 POST /index.php/user/App/getNews
[ log ] www.test.com/index.php/user/App/getNews [运行时间：0.048000s][吞吐率：20.83req/s] [内存消耗：1,796.80kb] [文件加载：41]
[ notice ] -----2

[ 2018-04-13T14:10:54+08:00 ] 127.0.0.1 127.0.0.1 POST /index.php/user/App/getNews
[ log ] www.test.com/index.php/user/App/getNews [运行时间：0.050000s][吞吐率：20.00req/s] [内存消耗：1,798.02kb] [文件加载：41]
[ notice ] post data{"type":2,"page":1}

[ 2018-04-13T14:10:54+08:00 ] 127.0.0.1 127.0.0.1 POST /index.php/user/App/getNews
[ log ] www.test.com/index.php/user/App/getNews [运行时间：0.051000s][吞吐率：19.61req/s] [内存消耗：1,797.74kb] [文件加载：41]
[ info ] [ LANG ] E:\php\phpstudy\phpStudy\WWW\test\thinkphp\lang\zh-cn.php
[ info ] [ ROUTE ] array (
  'type' => 'module',
  'module' => 
  array (
    0 => 'user',
    1 => 'App',
    2 => 'getNews',
  ),
)
[ info ] [ HEADER ] array (
  'host' => 'www.test.com',
  'connection' => 'keep-alive',
  'content-length' => '19',
  'accept' => 'application/json, text/plain, */*',
  'origin' => 'http://www.test.com',
  'user-agent' => 'Mozilla/5.0 (Windows NT 6.1; Win64; x64) AppleWebKit/537.36 (KHTML, like Gecko) Chrome/58.0.3029.110 Safari/537.36',
  'content-type' => 'application/json;charset=UTF-8',
  'dnt' => '1',
  'referer' => 'http://www.test.com/?XDEBUG_SESSION_START=18350',
  'accept-encoding' => 'gzip, deflate',
  'accept-language' => 'zh-CN,zh;q=0.8',
  'cookie' => 'pgv_pvi=2974618624',
)
[ info ] [ PARAM ] array (
  'type' => 2,
  'page' => 1,
)
[ info ] [ RUN ] app\user\controller\App->getNews[ E:\php\phpstudy\phpStudy\WWW\test\application\user\controller\App.php ]
[ info ] [ LOG ] INIT File

---------------------------------------------------------------
[ 2018-04-13T14:10:54+08:00 ] 127.0.0.1 127.0.0.1 POST /index.php/user/App/getNews
[ log ] www.test.com/index.php/user/App/getNews [运行时间：0.052000s][吞吐率：19.23req/s] [内存消耗：1,796.80kb] [文件加载：41]
[ notice ] -----2

[ 2018-04-13T14:10:56+08:00 ] 127.0.0.1 127.0.0.1 POST /index.php/user/App/getNews
[ log ] www.test.com/index.php/user/App/getNews [运行时间：0.070000s][吞吐率：14.29req/s] [内存消耗：1,798.02kb] [文件加载：41]
[ notice ] post data{"type":2,"page":1}

[ 2018-04-13T14:10:56+08:00 ] 127.0.0.1 127.0.0.1 POST /index.php/user/App/getNews
[ log ] www.test.com/index.php/user/App/getNews [运行时间：0.072000s][吞吐率：13.89req/s] [内存消耗：1,797.74kb] [文件加载：41]
[ info ] [ LANG ] E:\php\phpstudy\phpStudy\WWW\test\thinkphp\lang\zh-cn.php
[ info ] [ ROUTE ] array (
  'type' => 'module',
  'module' => 
  array (
    0 => 'user',
    1 => 'App',
    2 => 'getNews',
  ),
)
[ info ] [ HEADER ] array (
  'host' => 'www.test.com',
  'connection' => 'keep-alive',
  'content-length' => '19',
  'accept' => 'application/json, text/plain, */*',
  'origin' => 'http://www.test.com',
  'user-agent' => 'Mozilla/5.0 (Windows NT 6.1; Win64; x64) AppleWebKit/537.36 (KHTML, like Gecko) Chrome/58.0.3029.110 Safari/537.36',
  'content-type' => 'application/json;charset=UTF-8',
  'dnt' => '1',
  'referer' => 'http://www.test.com/?XDEBUG_SESSION_START=18350',
  'accept-encoding' => 'gzip, deflate',
  'accept-language' => 'zh-CN,zh;q=0.8',
  'cookie' => 'pgv_pvi=2974618624',
)
[ info ] [ PARAM ] array (
  'type' => 2,
  'page' => 1,
)
[ info ] [ RUN ] app\user\controller\App->getNews[ E:\php\phpstudy\phpStudy\WWW\test\application\user\controller\App.php ]
[ info ] [ LOG ] INIT File

---------------------------------------------------------------
[ 2018-04-13T14:10:56+08:00 ] 127.0.0.1 127.0.0.1 POST /index.php/user/App/getNews
[ log ] www.test.com/index.php/user/App/getNews [运行时间：0.074000s][吞吐率：13.51req/s] [内存消耗：1,796.80kb] [文件加载：41]
[ notice ] -----2

[ 2018-04-13T14:18:00+08:00 ] 127.0.0.1 127.0.0.1 POST /index.php/user/App/getNews
[ log ] www.test.com/index.php/user/App/getNews [运行时间：0.054000s][吞吐率：18.52req/s] [内存消耗：1,798.02kb] [文件加载：41]
[ notice ] post data{"type":2,"page":1}

[ 2018-04-13T14:18:00+08:00 ] 127.0.0.1 127.0.0.1 POST /index.php/user/App/getNews
[ log ] www.test.com/index.php/user/App/getNews [运行时间：0.055000s][吞吐率：18.18req/s] [内存消耗：1,797.74kb] [文件加载：41]
[ info ] [ LANG ] E:\php\phpstudy\phpStudy\WWW\test\thinkphp\lang\zh-cn.php
[ info ] [ ROUTE ] array (
  'type' => 'module',
  'module' => 
  array (
    0 => 'user',
    1 => 'App',
    2 => 'getNews',
  ),
)
[ info ] [ HEADER ] array (
  'host' => 'www.test.com',
  'connection' => 'keep-alive',
  'content-length' => '19',
  'accept' => 'application/json, text/plain, */*',
  'origin' => 'http://www.test.com',
  'user-agent' => 'Mozilla/5.0 (Windows NT 6.1; Win64; x64) AppleWebKit/537.36 (KHTML, like Gecko) Chrome/58.0.3029.110 Safari/537.36',
  'content-type' => 'application/json;charset=UTF-8',
  'dnt' => '1',
  'referer' => 'http://www.test.com/?XDEBUG_SESSION_START=19632',
  'accept-encoding' => 'gzip, deflate',
  'accept-language' => 'zh-CN,zh;q=0.8',
  'cookie' => 'pgv_pvi=2974618624',
)
[ info ] [ PARAM ] array (
  'type' => 2,
  'page' => 1,
)
[ info ] [ RUN ] app\user\controller\App->getNews[ E:\php\phpstudy\phpStudy\WWW\test\application\user\controller\App.php ]
[ info ] [ LOG ] INIT File

---------------------------------------------------------------
[ 2018-04-13T14:18:00+08:00 ] 127.0.0.1 127.0.0.1 POST /index.php/user/App/getNews
[ log ] www.test.com/index.php/user/App/getNews [运行时间：0.055000s][吞吐率：18.18req/s] [内存消耗：1,796.80kb] [文件加载：41]
[ notice ] -----2

[ 2018-04-13T14:18:04+08:00 ] 127.0.0.1 127.0.0.1 POST /index.php/user/App/getNews
[ log ] www.test.com/index.php/user/App/getNews [运行时间：0.047000s][吞吐率：21.28req/s] [内存消耗：1,798.02kb] [文件加载：41]
[ notice ] post data{"type":2,"page":1}

[ 2018-04-13T14:18:04+08:00 ] 127.0.0.1 127.0.0.1 POST /index.php/user/App/getNews
[ log ] www.test.com/index.php/user/App/getNews [运行时间：0.048000s][吞吐率：20.83req/s] [内存消耗：1,797.74kb] [文件加载：41]
[ info ] [ LANG ] E:\php\phpstudy\phpStudy\WWW\test\thinkphp\lang\zh-cn.php
[ info ] [ ROUTE ] array (
  'type' => 'module',
  'module' => 
  array (
    0 => 'user',
    1 => 'App',
    2 => 'getNews',
  ),
)
[ info ] [ HEADER ] array (
  'host' => 'www.test.com',
  'connection' => 'keep-alive',
  'content-length' => '19',
  'accept' => 'application/json, text/plain, */*',
  'origin' => 'http://www.test.com',
  'user-agent' => 'Mozilla/5.0 (Windows NT 6.1; Win64; x64) AppleWebKit/537.36 (KHTML, like Gecko) Chrome/58.0.3029.110 Safari/537.36',
  'content-type' => 'application/json;charset=UTF-8',
  'dnt' => '1',
  'referer' => 'http://www.test.com/?XDEBUG_SESSION_START=19632',
  'accept-encoding' => 'gzip, deflate',
  'accept-language' => 'zh-CN,zh;q=0.8',
  'cookie' => 'pgv_pvi=2974618624',
)
[ info ] [ PARAM ] array (
  'type' => 2,
  'page' => 1,
)
[ info ] [ RUN ] app\user\controller\App->getNews[ E:\php\phpstudy\phpStudy\WWW\test\application\user\controller\App.php ]
[ info ] [ LOG ] INIT File

---------------------------------------------------------------
[ 2018-04-13T14:18:04+08:00 ] 127.0.0.1 127.0.0.1 POST /index.php/user/App/getNews
[ log ] www.test.com/index.php/user/App/getNews [运行时间：0.049000s][吞吐率：20.41req/s] [内存消耗：1,796.80kb] [文件加载：41]
[ notice ] -----2

[ 2018-04-13T14:18:57+08:00 ] 127.0.0.1 127.0.0.1 POST /index.php/user/App/getNews
[ log ] www.test.com/index.php/user/App/getNews [运行时间：0.051000s][吞吐率：19.61req/s] [内存消耗：1,798.02kb] [文件加载：41]
[ notice ] post data{"type":2,"page":1}

[ 2018-04-13T14:18:57+08:00 ] 127.0.0.1 127.0.0.1 POST /index.php/user/App/getNews
[ log ] www.test.com/index.php/user/App/getNews [运行时间：0.053000s][吞吐率：18.87req/s] [内存消耗：1,797.74kb] [文件加载：41]
[ info ] [ LANG ] E:\php\phpstudy\phpStudy\WWW\test\thinkphp\lang\zh-cn.php
[ info ] [ ROUTE ] array (
  'type' => 'module',
  'module' => 
  array (
    0 => 'user',
    1 => 'App',
    2 => 'getNews',
  ),
)
[ info ] [ HEADER ] array (
  'host' => 'www.test.com',
  'connection' => 'keep-alive',
  'content-length' => '19',
  'accept' => 'application/json, text/plain, */*',
  'origin' => 'http://www.test.com',
  'user-agent' => 'Mozilla/5.0 (Windows NT 6.1; Win64; x64) AppleWebKit/537.36 (KHTML, like Gecko) Chrome/58.0.3029.110 Safari/537.36',
  'content-type' => 'application/json;charset=UTF-8',
  'dnt' => '1',
  'referer' => 'http://www.test.com/?XDEBUG_SESSION_START=19632',
  'accept-encoding' => 'gzip, deflate',
  'accept-language' => 'zh-CN,zh;q=0.8',
  'cookie' => 'pgv_pvi=2974618624',
)
[ info ] [ PARAM ] array (
  'type' => 2,
  'page' => 1,
)
[ info ] [ RUN ] app\user\controller\App->getNews[ E:\php\phpstudy\phpStudy\WWW\test\application\user\controller\App.php ]
[ info ] [ LOG ] INIT File

---------------------------------------------------------------
[ 2018-04-13T14:18:57+08:00 ] 127.0.0.1 127.0.0.1 POST /index.php/user/App/getNews
[ log ] www.test.com/index.php/user/App/getNews [运行时间：0.054000s][吞吐率：18.52req/s] [内存消耗：1,796.80kb] [文件加载：41]
[ notice ] -----2

[ 2018-04-13T14:19:27+08:00 ] 127.0.0.1 127.0.0.1 POST /index.php/user/App/getNews
[ log ] www.test.com/index.php/user/App/getNews [运行时间：0.052000s][吞吐率：19.23req/s] [内存消耗：1,798.02kb] [文件加载：41]
[ notice ] post data{"type":2,"page":1}

[ 2018-04-13T14:19:27+08:00 ] 127.0.0.1 127.0.0.1 POST /index.php/user/App/getNews
[ log ] www.test.com/index.php/user/App/getNews [运行时间：0.054000s][吞吐率：18.52req/s] [内存消耗：1,797.74kb] [文件加载：41]
[ info ] [ LANG ] E:\php\phpstudy\phpStudy\WWW\test\thinkphp\lang\zh-cn.php
[ info ] [ ROUTE ] array (
  'type' => 'module',
  'module' => 
  array (
    0 => 'user',
    1 => 'App',
    2 => 'getNews',
  ),
)
[ info ] [ HEADER ] array (
  'host' => 'www.test.com',
  'connection' => 'keep-alive',
  'content-length' => '19',
  'accept' => 'application/json, text/plain, */*',
  'origin' => 'http://www.test.com',
  'user-agent' => 'Mozilla/5.0 (Windows NT 6.1; Win64; x64) AppleWebKit/537.36 (KHTML, like Gecko) Chrome/58.0.3029.110 Safari/537.36',
  'content-type' => 'application/json;charset=UTF-8',
  'dnt' => '1',
  'referer' => 'http://www.test.com/?XDEBUG_SESSION_START=11182',
  'accept-encoding' => 'gzip, deflate',
  'accept-language' => 'zh-CN,zh;q=0.8',
  'cookie' => 'pgv_pvi=2974618624',
)
[ info ] [ PARAM ] array (
  'type' => 2,
  'page' => 1,
)
[ info ] [ RUN ] app\user\controller\App->getNews[ E:\php\phpstudy\phpStudy\WWW\test\application\user\controller\App.php ]
[ info ] [ LOG ] INIT File

---------------------------------------------------------------
[ 2018-04-13T14:19:27+08:00 ] 127.0.0.1 127.0.0.1 POST /index.php/user/App/getNews
[ log ] www.test.com/index.php/user/App/getNews [运行时间：0.055000s][吞吐率：18.18req/s] [内存消耗：1,796.80kb] [文件加载：41]
[ notice ] -----2

[ 2018-04-13T14:19:29+08:00 ] 127.0.0.1 127.0.0.1 POST /index.php/user/App/getNews
[ log ] www.test.com/index.php/user/App/getNews [运行时间：0.050000s][吞吐率：20.00req/s] [内存消耗：1,798.02kb] [文件加载：41]
[ notice ] post data{"type":2,"page":1}

[ 2018-04-13T14:19:29+08:00 ] 127.0.0.1 127.0.0.1 POST /index.php/user/App/getNews
[ log ] www.test.com/index.php/user/App/getNews [运行时间：0.051000s][吞吐率：19.61req/s] [内存消耗：1,797.74kb] [文件加载：41]
[ info ] [ LANG ] E:\php\phpstudy\phpStudy\WWW\test\thinkphp\lang\zh-cn.php
[ info ] [ ROUTE ] array (
  'type' => 'module',
  'module' => 
  array (
    0 => 'user',
    1 => 'App',
    2 => 'getNews',
  ),
)
[ info ] [ HEADER ] array (
  'host' => 'www.test.com',
  'connection' => 'keep-alive',
  'content-length' => '19',
  'accept' => 'application/json, text/plain, */*',
  'origin' => 'http://www.test.com',
  'user-agent' => 'Mozilla/5.0 (Windows NT 6.1; Win64; x64) AppleWebKit/537.36 (KHTML, like Gecko) Chrome/58.0.3029.110 Safari/537.36',
  'content-type' => 'application/json;charset=UTF-8',
  'dnt' => '1',
  'referer' => 'http://www.test.com/?XDEBUG_SESSION_START=11182',
  'accept-encoding' => 'gzip, deflate',
  'accept-language' => 'zh-CN,zh;q=0.8',
  'cookie' => 'pgv_pvi=2974618624',
)
[ info ] [ PARAM ] array (
  'type' => 2,
  'page' => 1,
)
[ info ] [ RUN ] app\user\controller\App->getNews[ E:\php\phpstudy\phpStudy\WWW\test\application\user\controller\App.php ]
[ info ] [ LOG ] INIT File

---------------------------------------------------------------
[ 2018-04-13T14:19:29+08:00 ] 127.0.0.1 127.0.0.1 POST /index.php/user/App/getNews
[ log ] www.test.com/index.php/user/App/getNews [运行时间：0.052000s][吞吐率：19.23req/s] [内存消耗：1,796.80kb] [文件加载：41]
[ notice ] -----2

[ 2018-04-13T14:19:42+08:00 ] 127.0.0.1 127.0.0.1 POST /index.php/user/App/getNews
[ log ] www.test.com/index.php/user/App/getNews [运行时间：0.047000s][吞吐率：21.28req/s] [内存消耗：1,797.91kb] [文件加载：41]
[ notice ] post data{"type":2,"page":1}

[ 2018-04-13T14:19:42+08:00 ] 127.0.0.1 127.0.0.1 POST /index.php/user/App/getNews
[ log ] www.test.com/index.php/user/App/getNews [运行时间：0.048000s][吞吐率：20.83req/s] [内存消耗：1,797.63kb] [文件加载：41]
[ info ] [ LANG ] E:\php\phpstudy\phpStudy\WWW\test\thinkphp\lang\zh-cn.php
[ info ] [ ROUTE ] array (
  'type' => 'module',
  'module' => 
  array (
    0 => 'user',
    1 => 'App',
    2 => 'getNews',
  ),
)
[ info ] [ HEADER ] array (
  'host' => 'www.test.com',
  'connection' => 'keep-alive',
  'content-length' => '19',
  'accept' => 'application/json, text/plain, */*',
  'origin' => 'http://www.test.com',
  'user-agent' => 'Mozilla/5.0 (Windows NT 6.1; Win64; x64) AppleWebKit/537.36 (KHTML, like Gecko) Chrome/58.0.3029.110 Safari/537.36',
  'content-type' => 'application/json;charset=UTF-8',
  'dnt' => '1',
  'referer' => 'http://www.test.com/',
  'accept-encoding' => 'gzip, deflate',
  'accept-language' => 'zh-CN,zh;q=0.8',
  'cookie' => 'pgv_pvi=2974618624',
)
[ info ] [ PARAM ] array (
  'type' => 2,
  'page' => 1,
)
[ info ] [ RUN ] app\user\controller\App->getNews[ E:\php\phpstudy\phpStudy\WWW\test\application\user\controller\App.php ]
[ info ] [ LOG ] INIT File

---------------------------------------------------------------
[ 2018-04-13T14:19:42+08:00 ] 127.0.0.1 127.0.0.1 POST /index.php/user/App/getNews
[ log ] www.test.com/index.php/user/App/getNews [运行时间：0.049000s][吞吐率：20.41req/s] [内存消耗：1,796.72kb] [文件加载：41]
[ notice ] -----2

[ 2018-04-13T14:19:44+08:00 ] 127.0.0.1 127.0.0.1 POST /index.php/user/App/getNews
[ log ] www.test.com/index.php/user/App/getNews [运行时间：0.046000s][吞吐率：21.74req/s] [内存消耗：1,797.91kb] [文件加载：41]
[ notice ] post data{"type":2,"page":1}

[ 2018-04-13T14:19:44+08:00 ] 127.0.0.1 127.0.0.1 POST /index.php/user/App/getNews
[ log ] www.test.com/index.php/user/App/getNews [运行时间：0.047000s][吞吐率：21.28req/s] [内存消耗：1,797.64kb] [文件加载：41]
[ info ] [ LANG ] E:\php\phpstudy\phpStudy\WWW\test\thinkphp\lang\zh-cn.php
[ info ] [ ROUTE ] array (
  'type' => 'module',
  'module' => 
  array (
    0 => 'user',
    1 => 'App',
    2 => 'getNews',
  ),
)
[ info ] [ HEADER ] array (
  'host' => 'www.test.com',
  'connection' => 'keep-alive',
  'content-length' => '19',
  'accept' => 'application/json, text/plain, */*',
  'origin' => 'http://www.test.com',
  'user-agent' => 'Mozilla/5.0 (Windows NT 6.1; Win64; x64) AppleWebKit/537.36 (KHTML, like Gecko) Chrome/58.0.3029.110 Safari/537.36',
  'content-type' => 'application/json;charset=UTF-8',
  'dnt' => '1',
  'referer' => 'http://www.test.com/',
  'accept-encoding' => 'gzip, deflate',
  'accept-language' => 'zh-CN,zh;q=0.8',
  'cookie' => 'pgv_pvi=2974618624',
)
[ info ] [ PARAM ] array (
  'type' => 2,
  'page' => 1,
)
[ info ] [ RUN ] app\user\controller\App->getNews[ E:\php\phpstudy\phpStudy\WWW\test\application\user\controller\App.php ]
[ info ] [ LOG ] INIT File

---------------------------------------------------------------
[ 2018-04-13T14:19:44+08:00 ] 127.0.0.1 127.0.0.1 POST /index.php/user/App/getNews
[ log ] www.test.com/index.php/user/App/getNews [运行时间：0.048000s][吞吐率：20.83req/s] [内存消耗：1,796.73kb] [文件加载：41]
[ notice ] -----2

[ 2018-04-13T14:23:17+08:00 ] 127.0.0.1 127.0.0.1 POST /index.php/user/App/getNews
[ log ] www.test.com/index.php/user/App/getNews [运行时间：0.048033s][吞吐率：20.82req/s] [内存消耗：1,797.91kb] [文件加载：41]
[ notice ] post data{"type":2,"page":1}

[ 2018-04-13T14:23:17+08:00 ] 127.0.0.1 127.0.0.1 POST /index.php/user/App/getNews
[ log ] www.test.com/index.php/user/App/getNews [运行时间：0.049034s][吞吐率：20.39req/s] [内存消耗：1,797.64kb] [文件加载：41]
[ info ] [ LANG ] E:\php\phpstudy\phpStudy\WWW\test\thinkphp\lang\zh-cn.php
[ info ] [ ROUTE ] array (
  'type' => 'module',
  'module' => 
  array (
    0 => 'user',
    1 => 'App',
    2 => 'getNews',
  ),
)
[ info ] [ HEADER ] array (
  'host' => 'www.test.com',
  'connection' => 'keep-alive',
  'content-length' => '19',
  'accept' => 'application/json, text/plain, */*',
  'origin' => 'http://www.test.com',
  'user-agent' => 'Mozilla/5.0 (Windows NT 6.1; Win64; x64) AppleWebKit/537.36 (KHTML, like Gecko) Chrome/58.0.3029.110 Safari/537.36',
  'content-type' => 'application/json;charset=UTF-8',
  'dnt' => '1',
  'referer' => 'http://www.test.com/',
  'accept-encoding' => 'gzip, deflate',
  'accept-language' => 'zh-CN,zh;q=0.8',
  'cookie' => 'pgv_pvi=2974618624',
)
[ info ] [ PARAM ] array (
  'type' => 2,
  'page' => 1,
)
[ info ] [ RUN ] app\user\controller\App->getNews[ E:\php\phpstudy\phpStudy\WWW\test\application\user\controller\App.php ]
[ info ] [ LOG ] INIT File

---------------------------------------------------------------
[ 2018-04-13T14:23:17+08:00 ] 127.0.0.1 127.0.0.1 POST /index.php/user/App/getNews
[ log ] www.test.com/index.php/user/App/getNews [运行时间：0.050035s][吞吐率：19.99req/s] [内存消耗：1,796.73kb] [文件加载：41]
[ notice ] -----2

[ 2018-04-13T14:25:15+08:00 ] 127.0.0.1 127.0.0.1 POST /index.php/user/App/getNews
[ log ] www.test.com/index.php/user/App/getNews [运行时间：0.038027s][吞吐率：26.30req/s] [内存消耗：1,797.91kb] [文件加载：41]
[ notice ] post data{"type":2,"page":1}

[ 2018-04-13T14:25:15+08:00 ] 127.0.0.1 127.0.0.1 POST /index.php/user/App/getNews
[ log ] www.test.com/index.php/user/App/getNews [运行时间：0.039027s][吞吐率：25.62req/s] [内存消耗：1,797.64kb] [文件加载：41]
[ info ] [ LANG ] E:\php\phpstudy\phpStudy\WWW\test\thinkphp\lang\zh-cn.php
[ info ] [ ROUTE ] array (
  'type' => 'module',
  'module' => 
  array (
    0 => 'user',
    1 => 'App',
    2 => 'getNews',
  ),
)
[ info ] [ HEADER ] array (
  'host' => 'www.test.com',
  'connection' => 'keep-alive',
  'content-length' => '19',
  'accept' => 'application/json, text/plain, */*',
  'origin' => 'http://www.test.com',
  'user-agent' => 'Mozilla/5.0 (Windows NT 6.1; Win64; x64) AppleWebKit/537.36 (KHTML, like Gecko) Chrome/58.0.3029.110 Safari/537.36',
  'content-type' => 'application/json;charset=UTF-8',
  'dnt' => '1',
  'referer' => 'http://www.test.com/',
  'accept-encoding' => 'gzip, deflate',
  'accept-language' => 'zh-CN,zh;q=0.8',
  'cookie' => 'pgv_pvi=2974618624',
)
[ info ] [ PARAM ] array (
  'type' => 2,
  'page' => 1,
)
[ info ] [ RUN ] app\user\controller\App->getNews[ E:\php\phpstudy\phpStudy\WWW\test\application\user\controller\App.php ]
[ info ] [ LOG ] INIT File

---------------------------------------------------------------
[ 2018-04-13T14:25:15+08:00 ] 127.0.0.1 127.0.0.1 POST /index.php/user/App/getNews
[ log ] www.test.com/index.php/user/App/getNews [运行时间：0.040028s][吞吐率：24.98req/s] [内存消耗：1,796.73kb] [文件加载：41]
[ notice ] -----2

[ 2018-04-13T14:25:20+08:00 ] 127.0.0.1 127.0.0.1 POST /index.php/user/App/getNews
[ log ] www.test.com/index.php/user/App/getNews [运行时间：0.070049s][吞吐率：14.28req/s] [内存消耗：1,797.91kb] [文件加载：41]
[ notice ] post data{"type":2,"page":1}

[ 2018-04-13T14:25:20+08:00 ] 127.0.0.1 127.0.0.1 POST /index.php/user/App/getNews
[ log ] www.test.com/index.php/user/App/getNews [运行时间：0.071050s][吞吐率：14.07req/s] [内存消耗：1,797.64kb] [文件加载：41]
[ info ] [ LANG ] E:\php\phpstudy\phpStudy\WWW\test\thinkphp\lang\zh-cn.php
[ info ] [ ROUTE ] array (
  'type' => 'module',
  'module' => 
  array (
    0 => 'user',
    1 => 'App',
    2 => 'getNews',
  ),
)
[ info ] [ HEADER ] array (
  'host' => 'www.test.com',
  'connection' => 'keep-alive',
  'content-length' => '19',
  'accept' => 'application/json, text/plain, */*',
  'origin' => 'http://www.test.com',
  'user-agent' => 'Mozilla/5.0 (Windows NT 6.1; Win64; x64) AppleWebKit/537.36 (KHTML, like Gecko) Chrome/58.0.3029.110 Safari/537.36',
  'content-type' => 'application/json;charset=UTF-8',
  'dnt' => '1',
  'referer' => 'http://www.test.com/',
  'accept-encoding' => 'gzip, deflate',
  'accept-language' => 'zh-CN,zh;q=0.8',
  'cookie' => 'pgv_pvi=2974618624',
)
[ info ] [ PARAM ] array (
  'type' => 2,
  'page' => 1,
)
[ info ] [ RUN ] app\user\controller\App->getNews[ E:\php\phpstudy\phpStudy\WWW\test\application\user\controller\App.php ]
[ info ] [ LOG ] INIT File

---------------------------------------------------------------
[ 2018-04-13T14:25:20+08:00 ] 127.0.0.1 127.0.0.1 POST /index.php/user/App/getNews
[ log ] www.test.com/index.php/user/App/getNews [运行时间：0.072051s][吞吐率：13.88req/s] [内存消耗：1,796.73kb] [文件加载：41]
[ notice ] -----2

[ 2018-04-13T14:25:28+08:00 ] 127.0.0.1 127.0.0.1 POST /index.php/user/App/getNews
[ log ] www.test.com/index.php/user/App/getNews [运行时间：0.051036s][吞吐率：19.59req/s] [内存消耗：1,798.02kb] [文件加载：41]
[ notice ] post data{"type":2,"page":1}

[ 2018-04-13T14:25:28+08:00 ] 127.0.0.1 127.0.0.1 POST /index.php/user/App/getNews
[ log ] www.test.com/index.php/user/App/getNews [运行时间：0.052037s][吞吐率：19.22req/s] [内存消耗：1,797.74kb] [文件加载：41]
[ info ] [ LANG ] E:\php\phpstudy\phpStudy\WWW\test\thinkphp\lang\zh-cn.php
[ info ] [ ROUTE ] array (
  'type' => 'module',
  'module' => 
  array (
    0 => 'user',
    1 => 'App',
    2 => 'getNews',
  ),
)
[ info ] [ HEADER ] array (
  'host' => 'www.test.com',
  'connection' => 'keep-alive',
  'content-length' => '19',
  'accept' => 'application/json, text/plain, */*',
  'origin' => 'http://www.test.com',
  'user-agent' => 'Mozilla/5.0 (Windows NT 6.1; Win64; x64) AppleWebKit/537.36 (KHTML, like Gecko) Chrome/58.0.3029.110 Safari/537.36',
  'content-type' => 'application/json;charset=UTF-8',
  'dnt' => '1',
  'referer' => 'http://www.test.com/?XDEBUG_SESSION_START=15735',
  'accept-encoding' => 'gzip, deflate',
  'accept-language' => 'zh-CN,zh;q=0.8',
  'cookie' => 'pgv_pvi=2974618624',
)
[ info ] [ PARAM ] array (
  'type' => 2,
  'page' => 1,
)
[ info ] [ RUN ] app\user\controller\App->getNews[ E:\php\phpstudy\phpStudy\WWW\test\application\user\controller\App.php ]
[ info ] [ LOG ] INIT File

---------------------------------------------------------------
[ 2018-04-13T14:25:28+08:00 ] 127.0.0.1 127.0.0.1 POST /index.php/user/App/getNews
[ log ] www.test.com/index.php/user/App/getNews [运行时间：0.053037s][吞吐率：18.85req/s] [内存消耗：1,796.80kb] [文件加载：41]
[ notice ] -----2

[ 2018-04-13T14:25:30+08:00 ] 127.0.0.1 127.0.0.1 POST /index.php/user/App/getNews
[ log ] www.test.com/index.php/user/App/getNews [运行时间：0.053037s][吞吐率：18.85req/s] [内存消耗：1,798.02kb] [文件加载：41]
[ notice ] post data{"type":2,"page":1}

[ 2018-04-13T14:25:30+08:00 ] 127.0.0.1 127.0.0.1 POST /index.php/user/App/getNews
[ log ] www.test.com/index.php/user/App/getNews [运行时间：0.054038s][吞吐率：18.51req/s] [内存消耗：1,797.74kb] [文件加载：41]
[ info ] [ LANG ] E:\php\phpstudy\phpStudy\WWW\test\thinkphp\lang\zh-cn.php
[ info ] [ ROUTE ] array (
  'type' => 'module',
  'module' => 
  array (
    0 => 'user',
    1 => 'App',
    2 => 'getNews',
  ),
)
[ info ] [ HEADER ] array (
  'host' => 'www.test.com',
  'connection' => 'keep-alive',
  'content-length' => '19',
  'accept' => 'application/json, text/plain, */*',
  'origin' => 'http://www.test.com',
  'user-agent' => 'Mozilla/5.0 (Windows NT 6.1; Win64; x64) AppleWebKit/537.36 (KHTML, like Gecko) Chrome/58.0.3029.110 Safari/537.36',
  'content-type' => 'application/json;charset=UTF-8',
  'dnt' => '1',
  'referer' => 'http://www.test.com/?XDEBUG_SESSION_START=15735',
  'accept-encoding' => 'gzip, deflate',
  'accept-language' => 'zh-CN,zh;q=0.8',
  'cookie' => 'pgv_pvi=2974618624',
)
[ info ] [ PARAM ] array (
  'type' => 2,
  'page' => 1,
)
[ info ] [ RUN ] app\user\controller\App->getNews[ E:\php\phpstudy\phpStudy\WWW\test\application\user\controller\App.php ]
[ info ] [ LOG ] INIT File

---------------------------------------------------------------
[ 2018-04-13T14:25:30+08:00 ] 127.0.0.1 127.0.0.1 POST /index.php/user/App/getNews
[ log ] www.test.com/index.php/user/App/getNews [运行时间：0.055039s][吞吐率：18.17req/s] [内存消耗：1,796.80kb] [文件加载：41]
[ notice ] -----2

[ 2018-04-13T14:33:58+08:00 ] 127.0.0.1 127.0.0.1 POST /index.php/user/App/getNews
[ log ] www.test.com/index.php/user/App/getNews [运行时间：0.050005s][吞吐率：20.00req/s] [内存消耗：1,798.02kb] [文件加载：41]
[ notice ] post data{"type":2,"page":1}

[ 2018-04-13T14:33:58+08:00 ] 127.0.0.1 127.0.0.1 POST /index.php/user/App/getNews
[ log ] www.test.com/index.php/user/App/getNews [运行时间：0.051005s][吞吐率：19.61req/s] [内存消耗：1,797.74kb] [文件加载：41]
[ info ] [ LANG ] E:\php\phpstudy\phpStudy\WWW\test\thinkphp\lang\zh-cn.php
[ info ] [ ROUTE ] array (
  'type' => 'module',
  'module' => 
  array (
    0 => 'user',
    1 => 'App',
    2 => 'getNews',
  ),
)
[ info ] [ HEADER ] array (
  'host' => 'www.test.com',
  'connection' => 'keep-alive',
  'content-length' => '19',
  'accept' => 'application/json, text/plain, */*',
  'origin' => 'http://www.test.com',
  'user-agent' => 'Mozilla/5.0 (Windows NT 6.1; Win64; x64) AppleWebKit/537.36 (KHTML, like Gecko) Chrome/58.0.3029.110 Safari/537.36',
  'content-type' => 'application/json;charset=UTF-8',
  'dnt' => '1',
  'referer' => 'http://www.test.com/?XDEBUG_SESSION_START=18961',
  'accept-encoding' => 'gzip, deflate',
  'accept-language' => 'zh-CN,zh;q=0.8',
  'cookie' => 'pgv_pvi=2974618624',
)
[ info ] [ PARAM ] array (
  'type' => 2,
  'page' => 1,
)
[ info ] [ RUN ] app\user\controller\App->getNews[ E:\php\phpstudy\phpStudy\WWW\test\application\user\controller\App.php ]
[ info ] [ LOG ] INIT File

---------------------------------------------------------------
[ 2018-04-13T14:33:58+08:00 ] 127.0.0.1 127.0.0.1 POST /index.php/user/App/getNews
[ log ] www.test.com/index.php/user/App/getNews [运行时间：0.052005s][吞吐率：19.23req/s] [内存消耗：1,796.80kb] [文件加载：41]
[ notice ] -----2

[ 2018-04-13T14:34:00+08:00 ] 127.0.0.1 127.0.0.1 POST /index.php/user/App/getNews
[ log ] www.test.com/index.php/user/App/getNews [运行时间：0.061006s][吞吐率：16.39req/s] [内存消耗：1,798.02kb] [文件加载：41]
[ notice ] post data{"type":2,"page":1}

[ 2018-04-13T14:34:00+08:00 ] 127.0.0.1 127.0.0.1 POST /index.php/user/App/getNews
[ log ] www.test.com/index.php/user/App/getNews [运行时间：0.062006s][吞吐率：16.13req/s] [内存消耗：1,797.74kb] [文件加载：41]
[ info ] [ LANG ] E:\php\phpstudy\phpStudy\WWW\test\thinkphp\lang\zh-cn.php
[ info ] [ ROUTE ] array (
  'type' => 'module',
  'module' => 
  array (
    0 => 'user',
    1 => 'App',
    2 => 'getNews',
  ),
)
[ info ] [ HEADER ] array (
  'host' => 'www.test.com',
  'connection' => 'keep-alive',
  'content-length' => '19',
  'accept' => 'application/json, text/plain, */*',
  'origin' => 'http://www.test.com',
  'user-agent' => 'Mozilla/5.0 (Windows NT 6.1; Win64; x64) AppleWebKit/537.36 (KHTML, like Gecko) Chrome/58.0.3029.110 Safari/537.36',
  'content-type' => 'application/json;charset=UTF-8',
  'dnt' => '1',
  'referer' => 'http://www.test.com/?XDEBUG_SESSION_START=18961',
  'accept-encoding' => 'gzip, deflate',
  'accept-language' => 'zh-CN,zh;q=0.8',
  'cookie' => 'pgv_pvi=2974618624',
)
[ info ] [ PARAM ] array (
  'type' => 2,
  'page' => 1,
)
[ info ] [ RUN ] app\user\controller\App->getNews[ E:\php\phpstudy\phpStudy\WWW\test\application\user\controller\App.php ]
[ info ] [ LOG ] INIT File

---------------------------------------------------------------
[ 2018-04-13T14:34:00+08:00 ] 127.0.0.1 127.0.0.1 POST /index.php/user/App/getNews
[ log ] www.test.com/index.php/user/App/getNews [运行时间：0.063006s][吞吐率：15.87req/s] [内存消耗：1,796.80kb] [文件加载：41]
[ notice ] -----2

[ 2018-04-13T14:34:53+08:00 ] 127.0.0.1 127.0.0.1 POST /index.php/user/App/getNews
[ log ] www.test.com/index.php/user/App/getNews [运行时间：15.555556s][吞吐率：0.06req/s] [内存消耗：1,800.53kb] [文件加载：41]
[ notice ] post data{"type":2,"page":1}

[ 2018-04-13T14:34:54+08:00 ] 127.0.0.1 127.0.0.1 POST /index.php/user/App/getNews
[ log ] www.test.com/index.php/user/App/getNews [运行时间：16.312631s][吞吐率：0.06req/s] [内存消耗：1,800.25kb] [文件加载：41]
[ info ] [ LANG ] E:\php\phpstudy\phpStudy\WWW\test\thinkphp\lang\zh-cn.php
[ info ] [ ROUTE ] array (
  'type' => 'module',
  'module' => 
  array (
    0 => 'user',
    1 => 'App',
    2 => 'getNews',
  ),
)
[ info ] [ HEADER ] array (
  'host' => 'www.test.com',
  'connection' => 'keep-alive',
  'content-length' => '19',
  'accept' => 'application/json, text/plain, */*',
  'origin' => 'http://www.test.com',
  'user-agent' => 'Mozilla/5.0 (Windows NT 6.1; Win64; x64) AppleWebKit/537.36 (KHTML, like Gecko) Chrome/58.0.3029.110 Safari/537.36',
  'content-type' => 'application/json;charset=UTF-8',
  'dnt' => '1',
  'referer' => 'http://www.test.com/?XDEBUG_SESSION_START=16014',
  'accept-encoding' => 'gzip, deflate',
  'accept-language' => 'zh-CN,zh;q=0.8',
  'cookie' => 'pgv_pvi=2974618624',
)
[ info ] [ PARAM ] array (
  'type' => 2,
  'page' => 1,
)
[ info ] [ RUN ] app\user\controller\App->getNews[ E:\php\phpstudy\phpStudy\WWW\test\application\user\controller\App.php ]
[ info ] [ LOG ] INIT File

---------------------------------------------------------------
[ 2018-04-13T14:34:56+08:00 ] 127.0.0.1 127.0.0.1 POST /index.php/user/App/getNews
[ log ] www.test.com/index.php/user/App/getNews [运行时间：19.016902s][吞吐率：0.05req/s] [内存消耗：1,799.30kb] [文件加载：41]
[ notice ] -----2

[ 2018-04-13T14:35:11+08:00 ] 127.0.0.1 127.0.0.1 POST /index.php/user/App/getNews
[ log ] www.test.com:80/index.php/user/App/getNews [运行时间：10.974097s][吞吐率：0.09req/s] [内存消耗：1,799.86kb] [文件加载：41]
[ notice ] post data{"type":2,"page":1}

[ 2018-04-13T14:35:12+08:00 ] 127.0.0.1 127.0.0.1 POST /index.php/user/App/getNews
[ log ] www.test.com:80/index.php/user/App/getNews [运行时间：12.158215s][吞吐率：0.08req/s] [内存消耗：1,799.58kb] [文件加载：41]
[ info ] [ LANG ] E:\php\phpstudy\phpStudy\WWW\test\thinkphp\lang\zh-cn.php
[ info ] [ ROUTE ] array (
  'type' => 'module',
  'module' => 
  array (
    0 => 'user',
    1 => 'App',
    2 => 'getNews',
  ),
)
[ info ] [ HEADER ] array (
  'cache-control' => 'no-cache',
  'postman-token' => 'e417abd9-2353-47a6-8572-7a6397880ec1',
  'content-type' => 'application/json',
  'user-agent' => 'PostmanRuntime/3.0.9',
  'accept' => '*/*',
  'host' => 'www.test.com:80',
  'accept-encoding' => 'gzip, deflate',
  'content-length' => '19',
  'connection' => 'keep-alive',
)
[ info ] [ PARAM ] array (
  'type' => 2,
  'page' => 1,
)
[ info ] [ RUN ] app\user\controller\App->getNews[ E:\php\phpstudy\phpStudy\WWW\test\application\user\controller\App.php ]
[ info ] [ LOG ] INIT File

---------------------------------------------------------------
[ 2018-04-13T17:58:09+08:00 ] 127.0.0.1 127.0.0.1 POST /index.php/user/App/getNews
[ log ] www.test.com/index.php/user/App/getNews [运行时间：24.757000s][吞吐率：0.04req/s] [内存消耗：1,818.08kb] [文件加载：41]
[ notice ] post data{"type":2,"page":1}

[ 2018-04-13T17:58:09+08:00 ] 127.0.0.1 127.0.0.1 POST /index.php/user/App/getNews
[ log ] www.test.com/index.php/user/App/getNews [运行时间：24.760000s][吞吐率：0.04req/s] [内存消耗：1,817.80kb] [文件加载：41]
[ info ] [ LANG ] E:\php\phpstudy\phpStudy\WWW\test\thinkphp\lang\zh-cn.php
[ info ] [ ROUTE ] array (
  'type' => 'module',
  'module' => 
  array (
    0 => 'user',
    1 => 'App',
    2 => 'getNews',
  ),
)
[ info ] [ HEADER ] array (
  'host' => 'www.test.com',
  'connection' => 'keep-alive',
  'content-length' => '19',
  'accept' => 'application/json, text/plain, */*',
  'origin' => 'http://www.test.com',
  'user-agent' => 'Mozilla/5.0 (Windows NT 6.1; Win64; x64) AppleWebKit/537.36 (KHTML, like Gecko) Chrome/58.0.3029.110 Safari/537.36',
  'content-type' => 'application/json;charset=UTF-8',
  'dnt' => '1',
  'referer' => 'http://www.test.com/',
  'accept-encoding' => 'gzip, deflate',
  'accept-language' => 'zh-CN,zh;q=0.8',
  'cookie' => 'pgv_pvi=2974618624',
)
[ info ] [ PARAM ] array (
  'type' => 2,
  'page' => 1,
)
[ info ] [ RUN ] app\user\controller\App->getNews[ E:\php\phpstudy\phpStudy\WWW\test\application\user\controller\App.php ]
[ info ] [ LOG ] INIT File

---------------------------------------------------------------
[ 2018-04-13T17:58:09+08:00 ] 127.0.0.1 127.0.0.1 POST /index.php/user/App/getNews
[ log ] www.test.com/index.php/user/App/getNews [运行时间：24.762000s][吞吐率：0.04req/s] [内存消耗：1,816.89kb] [文件加载：41]
[ notice ] -----2

[ 2018-04-13T18:11:35+08:00 ] 127.0.0.1 127.0.0.1 POST /index.php/user/App/getNews
[ log ] www.test.com/index.php/user/App/getNews [运行时间：13.788000s][吞吐率：0.07req/s] [内存消耗：1,818.07kb] [文件加载：41]
[ notice ] post data{"type":2,"page":1}

[ 2018-04-13T18:11:35+08:00 ] 127.0.0.1 127.0.0.1 POST /index.php/user/App/getNews
[ log ] www.test.com/index.php/user/App/getNews [运行时间：13.790000s][吞吐率：0.07req/s] [内存消耗：1,817.80kb] [文件加载：41]
[ info ] [ LANG ] E:\php\phpstudy\phpStudy\WWW\test\thinkphp\lang\zh-cn.php
[ info ] [ ROUTE ] array (
  'type' => 'module',
  'module' => 
  array (
    0 => 'user',
    1 => 'App',
    2 => 'getNews',
  ),
)
[ info ] [ HEADER ] array (
  'host' => 'www.test.com',
  'connection' => 'keep-alive',
  'content-length' => '19',
  'accept' => 'application/json, text/plain, */*',
  'origin' => 'http://www.test.com',
  'user-agent' => 'Mozilla/5.0 (Windows NT 6.1; Win64; x64) AppleWebKit/537.36 (KHTML, like Gecko) Chrome/58.0.3029.110 Safari/537.36',
  'content-type' => 'application/json;charset=UTF-8',
  'dnt' => '1',
  'referer' => 'http://www.test.com/',
  'accept-encoding' => 'gzip, deflate',
  'accept-language' => 'zh-CN,zh;q=0.8',
  'cookie' => 'pgv_pvi=2974618624',
)
[ info ] [ PARAM ] array (
  'type' => 2,
  'page' => 1,
)
[ info ] [ RUN ] app\user\controller\App->getNews[ E:\php\phpstudy\phpStudy\WWW\test\application\user\controller\App.php ]
[ info ] [ LOG ] INIT File

---------------------------------------------------------------
[ 2018-04-13T18:11:35+08:00 ] 127.0.0.1 127.0.0.1 POST /index.php/user/App/getNews
[ log ] www.test.com/index.php/user/App/getNews [运行时间：13.792000s][吞吐率：0.07req/s] [内存消耗：1,816.88kb] [文件加载：41]
[ notice ] -----2

