[ 2018-04-15T10:25:43+08:00 ] 127.0.0.1 127.0.0.1 POST /index.php/user/App/getNews
[ log ] www.test.com/index.php/user/App/getNews [运行时间：0.026000s][吞吐率：38.46req/s] [内存消耗：1,797.09kb] [文件加载：41]
[ notice ] post data{"type":2,"page":1}

[ 2018-04-15T10:25:43+08:00 ] 127.0.0.1 127.0.0.1 POST /index.php/user/App/getNews
[ log ] www.test.com/index.php/user/App/getNews [运行时间：0.028000s][吞吐率：35.71req/s] [内存消耗：1,796.81kb] [文件加载：41]
[ info ] [ LANG ] D:\phpStudy\WWW\test\thinkphp\lang\zh-cn.php
[ info ] [ ROUTE ] array (
  'type' => 'module',
  'module' => 
  array (
    0 => 'user',
    1 => 'App',
    2 => 'getNews',
  ),
)
[ info ] [ HEADER ] array (
  'host' => 'www.test.com',
  'connection' => 'keep-alive',
  'content-length' => '19',
  'accept' => 'application/json, text/plain, */*',
  'origin' => 'http://www.test.com',
  'user-agent' => 'Mozilla/5.0 (Windows NT 6.1; Win64; x64) AppleWebKit/537.36 (KHTML, like Gecko) Chrome/65.0.3325.181 Safari/537.36',
  'content-type' => 'application/json;charset=UTF-8',
  'referer' => 'http://www.test.com/',
  'accept-encoding' => 'gzip, deflate',
  'accept-language' => 'zh-CN,zh;q=0.9',
)
[ info ] [ PARAM ] array (
  'type' => 2,
  'page' => 1,
)
[ info ] [ RUN ] app\user\controller\App->getNews[ D:\phpStudy\WWW\test\application\user\controller\App.php ]
[ info ] [ LOG ] INIT File

---------------------------------------------------------------
[ 2018-04-15T10:25:43+08:00 ] 127.0.0.1 127.0.0.1 POST /index.php/user/App/getNews
[ log ] www.test.com/index.php/user/App/getNews [运行时间：0.029000s][吞吐率：34.48req/s] [内存消耗：1,795.98kb] [文件加载：41]
[ notice ] -----2

[ 2018-04-15T10:26:23+08:00 ] 127.0.0.1 127.0.0.1 POST /index.php/user/App/getNews
[ log ] www.test.com/index.php/user/App/getNews [运行时间：3.398000s][吞吐率：0.29req/s] [内存消耗：1,799.67kb] [文件加载：41]
[ notice ] post data{"type":2,"page":1}

[ 2018-04-15T10:26:23+08:00 ] 127.0.0.1 127.0.0.1 POST /index.php/user/App/getNews
[ log ] www.test.com/index.php/user/App/getNews [运行时间：3.398000s][吞吐率：0.29req/s] [内存消耗：1,799.40kb] [文件加载：41]
[ info ] [ LANG ] D:\phpStudy\WWW\test\thinkphp\lang\zh-cn.php
[ info ] [ ROUTE ] array (
  'type' => 'module',
  'module' => 
  array (
    0 => 'user',
    1 => 'App',
    2 => 'getNews',
  ),
)
[ info ] [ HEADER ] array (
  'host' => 'www.test.com',
  'connection' => 'keep-alive',
  'content-length' => '19',
  'accept' => 'application/json, text/plain, */*',
  'origin' => 'http://www.test.com',
  'user-agent' => 'Mozilla/5.0 (Windows NT 6.1; Win64; x64) AppleWebKit/537.36 (KHTML, like Gecko) Chrome/65.0.3325.181 Safari/537.36',
  'content-type' => 'application/json;charset=UTF-8',
  'referer' => 'http://www.test.com/',
  'accept-encoding' => 'gzip, deflate',
  'accept-language' => 'zh-CN,zh;q=0.9',
)
[ info ] [ PARAM ] array (
  'type' => 2,
  'page' => 1,
)
[ info ] [ RUN ] app\user\controller\App->getNews[ D:\phpStudy\WWW\test\application\user\controller\App.php ]
[ info ] [ LOG ] INIT File

---------------------------------------------------------------
[ 2018-04-15T10:26:23+08:00 ] 127.0.0.1 127.0.0.1 POST /index.php/user/App/getNews
[ log ] www.test.com/index.php/user/App/getNews [运行时间：3.399000s][吞吐率：0.29req/s] [内存消耗：1,798.56kb] [文件加载：41]
[ notice ] -----2

[ 2018-04-15T10:26:29+08:00 ] 127.0.0.1 127.0.0.1 POST /index.php/user/App/getNews
[ log ] www.test.com/index.php/user/App/getNews [运行时间：0.020000s][吞吐率：50.00req/s] [内存消耗：1,797.23kb] [文件加载：41]
[ notice ] post data{"type":2,"page":1}

[ 2018-04-15T10:26:29+08:00 ] 127.0.0.1 127.0.0.1 POST /index.php/user/App/getNews
[ log ] www.test.com/index.php/user/App/getNews [运行时间：0.021000s][吞吐率：47.62req/s] [内存消耗：1,796.95kb] [文件加载：41]
[ info ] [ LANG ] D:\phpStudy\WWW\test\thinkphp\lang\zh-cn.php
[ info ] [ ROUTE ] array (
  'type' => 'module',
  'module' => 
  array (
    0 => 'user',
    1 => 'App',
    2 => 'getNews',
  ),
)
[ info ] [ HEADER ] array (
  'host' => 'www.test.com',
  'connection' => 'keep-alive',
  'content-length' => '19',
  'accept' => 'application/json, text/plain, */*',
  'origin' => 'http://www.test.com',
  'user-agent' => 'Mozilla/5.0 (Windows NT 6.1; Win64; x64) AppleWebKit/537.36 (KHTML, like Gecko) Chrome/65.0.3325.181 Safari/537.36',
  'content-type' => 'application/json;charset=UTF-8',
  'referer' => 'http://www.test.com/',
  'accept-encoding' => 'gzip, deflate',
  'accept-language' => 'zh-CN,zh;q=0.9',
)
[ info ] [ PARAM ] array (
  'type' => 2,
  'page' => 1,
)
[ info ] [ RUN ] app\user\controller\App->getNews[ D:\phpStudy\WWW\test\application\user\controller\App.php ]
[ info ] [ LOG ] INIT File

---------------------------------------------------------------
[ 2018-04-15T10:26:29+08:00 ] 127.0.0.1 127.0.0.1 POST /index.php/user/App/getNews
[ log ] www.test.com/index.php/user/App/getNews [运行时间：0.021000s][吞吐率：47.62req/s] [内存消耗：1,796.11kb] [文件加载：41]
[ notice ] -----2

[ 2018-04-15T10:26:34+08:00 ] 127.0.0.1 127.0.0.1 POST /index.php/user/App/getNews
[ log ] www.test.com/index.php/user/App/getNews [运行时间：0.020000s][吞吐率：50.00req/s] [内存消耗：1,797.23kb] [文件加载：41]
[ notice ] post data{"type":2,"page":1}

[ 2018-04-15T10:26:34+08:00 ] 127.0.0.1 127.0.0.1 POST /index.php/user/App/getNews
[ log ] www.test.com/index.php/user/App/getNews [运行时间：0.021000s][吞吐率：47.62req/s] [内存消耗：1,796.95kb] [文件加载：41]
[ info ] [ LANG ] D:\phpStudy\WWW\test\thinkphp\lang\zh-cn.php
[ info ] [ ROUTE ] array (
  'type' => 'module',
  'module' => 
  array (
    0 => 'user',
    1 => 'App',
    2 => 'getNews',
  ),
)
[ info ] [ HEADER ] array (
  'host' => 'www.test.com',
  'connection' => 'keep-alive',
  'content-length' => '19',
  'accept' => 'application/json, text/plain, */*',
  'origin' => 'http://www.test.com',
  'user-agent' => 'Mozilla/5.0 (Windows NT 6.1; Win64; x64) AppleWebKit/537.36 (KHTML, like Gecko) Chrome/65.0.3325.181 Safari/537.36',
  'content-type' => 'application/json;charset=UTF-8',
  'referer' => 'http://www.test.com/',
  'accept-encoding' => 'gzip, deflate',
  'accept-language' => 'zh-CN,zh;q=0.9',
)
[ info ] [ PARAM ] array (
  'type' => 2,
  'page' => 1,
)
[ info ] [ RUN ] app\user\controller\App->getNews[ D:\phpStudy\WWW\test\application\user\controller\App.php ]
[ info ] [ LOG ] INIT File

---------------------------------------------------------------
[ 2018-04-15T10:26:34+08:00 ] 127.0.0.1 127.0.0.1 POST /index.php/user/App/getNews
[ log ] www.test.com/index.php/user/App/getNews [运行时间：0.021000s][吞吐率：47.62req/s] [内存消耗：1,796.11kb] [文件加载：41]
[ notice ] -----2

[ 2018-04-15T10:29:20+08:00 ] 127.0.0.1 127.0.0.1 POST /index.php/user/App/getNews
[ log ] www.test.com/index.php/user/App/getNews [运行时间：0.024000s][吞吐率：41.67req/s] [内存消耗：1,797.23kb] [文件加载：41]
[ notice ] post data{"type":2,"page":1}

[ 2018-04-15T10:29:20+08:00 ] 127.0.0.1 127.0.0.1 POST /index.php/user/App/getNews
[ log ] www.test.com/index.php/user/App/getNews [运行时间：0.025000s][吞吐率：40.00req/s] [内存消耗：1,796.95kb] [文件加载：41]
[ info ] [ LANG ] D:\phpStudy\WWW\test\thinkphp\lang\zh-cn.php
[ info ] [ ROUTE ] array (
  'type' => 'module',
  'module' => 
  array (
    0 => 'user',
    1 => 'App',
    2 => 'getNews',
  ),
)
[ info ] [ HEADER ] array (
  'host' => 'www.test.com',
  'connection' => 'keep-alive',
  'content-length' => '19',
  'accept' => 'application/json, text/plain, */*',
  'origin' => 'http://www.test.com',
  'user-agent' => 'Mozilla/5.0 (Windows NT 6.1; Win64; x64) AppleWebKit/537.36 (KHTML, like Gecko) Chrome/65.0.3325.181 Safari/537.36',
  'content-type' => 'application/json;charset=UTF-8',
  'referer' => 'http://www.test.com/',
  'accept-encoding' => 'gzip, deflate',
  'accept-language' => 'zh-CN,zh;q=0.9',
)
[ info ] [ PARAM ] array (
  'type' => 2,
  'page' => 1,
)
[ info ] [ RUN ] app\user\controller\App->getNews[ D:\phpStudy\WWW\test\application\user\controller\App.php ]
[ info ] [ LOG ] INIT File

---------------------------------------------------------------
[ 2018-04-15T10:29:20+08:00 ] 127.0.0.1 127.0.0.1 POST /index.php/user/App/getNews
[ log ] www.test.com/index.php/user/App/getNews [运行时间：0.026000s][吞吐率：38.46req/s] [内存消耗：1,796.11kb] [文件加载：41]
[ notice ] -----2

[ 2018-04-15T10:30:00+08:00 ] 127.0.0.1 127.0.0.1 POST /index.php/user/App/getNews
[ log ] www.test.com/index.php/user/App/getNews [运行时间：0.020000s][吞吐率：50.00req/s] [内存消耗：1,797.23kb] [文件加载：41]
[ notice ] post data{"type":2,"page":1}

[ 2018-04-15T10:30:00+08:00 ] 127.0.0.1 127.0.0.1 POST /index.php/user/App/getNews
[ log ] www.test.com/index.php/user/App/getNews [运行时间：0.020000s][吞吐率：50.00req/s] [内存消耗：1,796.95kb] [文件加载：41]
[ info ] [ LANG ] D:\phpStudy\WWW\test\thinkphp\lang\zh-cn.php
[ info ] [ ROUTE ] array (
  'type' => 'module',
  'module' => 
  array (
    0 => 'user',
    1 => 'App',
    2 => 'getNews',
  ),
)
[ info ] [ HEADER ] array (
  'host' => 'www.test.com',
  'connection' => 'keep-alive',
  'content-length' => '19',
  'accept' => 'application/json, text/plain, */*',
  'origin' => 'http://www.test.com',
  'user-agent' => 'Mozilla/5.0 (Windows NT 6.1; Win64; x64) AppleWebKit/537.36 (KHTML, like Gecko) Chrome/65.0.3325.181 Safari/537.36',
  'content-type' => 'application/json;charset=UTF-8',
  'referer' => 'http://www.test.com/',
  'accept-encoding' => 'gzip, deflate',
  'accept-language' => 'zh-CN,zh;q=0.9',
)
[ info ] [ PARAM ] array (
  'type' => 2,
  'page' => 1,
)
[ info ] [ RUN ] app\user\controller\App->getNews[ D:\phpStudy\WWW\test\application\user\controller\App.php ]
[ info ] [ LOG ] INIT File

---------------------------------------------------------------
[ 2018-04-15T10:30:00+08:00 ] 127.0.0.1 127.0.0.1 POST /index.php/user/App/getNews
[ log ] www.test.com/index.php/user/App/getNews [运行时间：0.021000s][吞吐率：47.62req/s] [内存消耗：1,796.11kb] [文件加载：41]
[ notice ] -----2

[ 2018-04-15T10:49:30+08:00 ] 127.0.0.1 127.0.0.1 OPTIONS /index.php/user/App/getNews
[ log ] www.test.com/index.php/user/App/getNews [运行时间：0.024000s][吞吐率：41.67req/s] [内存消耗：1,796.42kb] [文件加载：41]
[ notice ] post data

[ 2018-04-15T10:49:30+08:00 ] 127.0.0.1 127.0.0.1 OPTIONS /index.php/user/App/getNews
[ log ] www.test.com/index.php/user/App/getNews [运行时间：0.025000s][吞吐率：40.00req/s] [内存消耗：1,796.16kb] [文件加载：41]
[ info ] [ LANG ] D:\phpStudy\WWW\test\thinkphp\lang\zh-cn.php
[ info ] [ ROUTE ] array (
  'type' => 'module',
  'module' => 
  array (
    0 => 'user',
    1 => 'App',
    2 => 'getNews',
  ),
)
[ info ] [ HEADER ] array (
  'host' => 'www.test.com',
  'connection' => 'keep-alive',
  'access-control-request-method' => 'POST',
  'origin' => 'http://localhost:8080',
  'user-agent' => 'Mozilla/5.0 (Windows NT 6.1; Win64; x64) AppleWebKit/537.36 (KHTML, like Gecko) Chrome/65.0.3325.181 Safari/537.36',
  'access-control-request-headers' => 'content-type',
  'accept' => '*/*',
  'accept-encoding' => 'gzip, deflate',
  'accept-language' => 'zh-CN,zh;q=0.9',
)
[ info ] [ PARAM ] array (
)
[ info ] [ RUN ] app\user\controller\App->getNews[ D:\phpStudy\WWW\test\application\user\controller\App.php ]
[ info ] [ LOG ] INIT File

---------------------------------------------------------------
[ 2018-04-15T10:49:30+08:00 ] 127.0.0.1 127.0.0.1 OPTIONS /index.php/user/App/getNews
[ log ] www.test.com/index.php/user/App/getNews [运行时间：0.026000s][吞吐率：38.46req/s] [内存消耗：1,795.14kb] [文件加载：41]
[ notice ] -----

[ 2018-04-15T10:49:30+08:00 ] 127.0.0.1 127.0.0.1 OPTIONS /index.php/user/App/getNews
[ log ] www.test.com/index.php/user/App/getNews [运行时间：0.027000s][吞吐率：37.04req/s] [内存消耗：1,795.15kb] [文件加载：41]
[ notice ] go all type

[ 2018-04-15T10:49:32+08:00 ] 127.0.0.1 127.0.0.1 OPTIONS /index.php/user/App/getNews
[ log ] www.test.com/index.php/user/App/getNews [运行时间：0.019000s][吞吐率：52.63req/s] [内存消耗：1,796.42kb] [文件加载：41]
[ notice ] post data

[ 2018-04-15T10:49:32+08:00 ] 127.0.0.1 127.0.0.1 OPTIONS /index.php/user/App/getNews
[ log ] www.test.com/index.php/user/App/getNews [运行时间：0.020000s][吞吐率：50.00req/s] [内存消耗：1,796.16kb] [文件加载：41]
[ info ] [ LANG ] D:\phpStudy\WWW\test\thinkphp\lang\zh-cn.php
[ info ] [ ROUTE ] array (
  'type' => 'module',
  'module' => 
  array (
    0 => 'user',
    1 => 'App',
    2 => 'getNews',
  ),
)
[ info ] [ HEADER ] array (
  'host' => 'www.test.com',
  'connection' => 'keep-alive',
  'access-control-request-method' => 'POST',
  'origin' => 'http://localhost:8080',
  'user-agent' => 'Mozilla/5.0 (Windows NT 6.1; Win64; x64) AppleWebKit/537.36 (KHTML, like Gecko) Chrome/65.0.3325.181 Safari/537.36',
  'access-control-request-headers' => 'content-type',
  'accept' => '*/*',
  'accept-encoding' => 'gzip, deflate',
  'accept-language' => 'zh-CN,zh;q=0.9',
)
[ info ] [ PARAM ] array (
)
[ info ] [ RUN ] app\user\controller\App->getNews[ D:\phpStudy\WWW\test\application\user\controller\App.php ]
[ info ] [ LOG ] INIT File

---------------------------------------------------------------
[ 2018-04-15T10:49:32+08:00 ] 127.0.0.1 127.0.0.1 OPTIONS /index.php/user/App/getNews
[ log ] www.test.com/index.php/user/App/getNews [运行时间：0.021000s][吞吐率：47.62req/s] [内存消耗：1,795.14kb] [文件加载：41]
[ notice ] -----

[ 2018-04-15T10:49:32+08:00 ] 127.0.0.1 127.0.0.1 OPTIONS /index.php/user/App/getNews
[ log ] www.test.com/index.php/user/App/getNews [运行时间：0.022000s][吞吐率：45.45req/s] [内存消耗：1,795.15kb] [文件加载：41]
[ notice ] go all type

[ 2018-04-15T10:49:34+08:00 ] 127.0.0.1 127.0.0.1 OPTIONS /index.php/user/App/getNews
[ log ] www.test.com/index.php/user/App/getNews [运行时间：0.019000s][吞吐率：52.63req/s] [内存消耗：1,796.42kb] [文件加载：41]
[ notice ] post data

[ 2018-04-15T10:49:34+08:00 ] 127.0.0.1 127.0.0.1 OPTIONS /index.php/user/App/getNews
[ log ] www.test.com/index.php/user/App/getNews [运行时间：0.020000s][吞吐率：50.00req/s] [内存消耗：1,796.16kb] [文件加载：41]
[ info ] [ LANG ] D:\phpStudy\WWW\test\thinkphp\lang\zh-cn.php
[ info ] [ ROUTE ] array (
  'type' => 'module',
  'module' => 
  array (
    0 => 'user',
    1 => 'App',
    2 => 'getNews',
  ),
)
[ info ] [ HEADER ] array (
  'host' => 'www.test.com',
  'connection' => 'keep-alive',
  'access-control-request-method' => 'POST',
  'origin' => 'http://localhost:8080',
  'user-agent' => 'Mozilla/5.0 (Windows NT 6.1; Win64; x64) AppleWebKit/537.36 (KHTML, like Gecko) Chrome/65.0.3325.181 Safari/537.36',
  'access-control-request-headers' => 'content-type',
  'accept' => '*/*',
  'accept-encoding' => 'gzip, deflate',
  'accept-language' => 'zh-CN,zh;q=0.9',
)
[ info ] [ PARAM ] array (
)
[ info ] [ RUN ] app\user\controller\App->getNews[ D:\phpStudy\WWW\test\application\user\controller\App.php ]
[ info ] [ LOG ] INIT File

---------------------------------------------------------------
[ 2018-04-15T10:49:34+08:00 ] 127.0.0.1 127.0.0.1 OPTIONS /index.php/user/App/getNews
[ log ] www.test.com/index.php/user/App/getNews [运行时间：0.021000s][吞吐率：47.62req/s] [内存消耗：1,795.14kb] [文件加载：41]
[ notice ] -----

[ 2018-04-15T10:49:34+08:00 ] 127.0.0.1 127.0.0.1 OPTIONS /index.php/user/App/getNews
[ log ] www.test.com/index.php/user/App/getNews [运行时间：0.022000s][吞吐率：45.45req/s] [内存消耗：1,795.15kb] [文件加载：41]
[ notice ] go all type

[ 2018-04-15T10:49:37+08:00 ] 127.0.0.1 127.0.0.1 OPTIONS /index.php/user/App/getNews
[ log ] www.test.com/index.php/user/App/getNews [运行时间：0.019000s][吞吐率：52.63req/s] [内存消耗：1,796.42kb] [文件加载：41]
[ notice ] post data

[ 2018-04-15T10:49:37+08:00 ] 127.0.0.1 127.0.0.1 OPTIONS /index.php/user/App/getNews
[ log ] www.test.com/index.php/user/App/getNews [运行时间：0.020000s][吞吐率：50.00req/s] [内存消耗：1,796.16kb] [文件加载：41]
[ info ] [ LANG ] D:\phpStudy\WWW\test\thinkphp\lang\zh-cn.php
[ info ] [ ROUTE ] array (
  'type' => 'module',
  'module' => 
  array (
    0 => 'user',
    1 => 'App',
    2 => 'getNews',
  ),
)
[ info ] [ HEADER ] array (
  'host' => 'www.test.com',
  'connection' => 'keep-alive',
  'access-control-request-method' => 'POST',
  'origin' => 'http://localhost:8080',
  'user-agent' => 'Mozilla/5.0 (Windows NT 6.1; Win64; x64) AppleWebKit/537.36 (KHTML, like Gecko) Chrome/65.0.3325.181 Safari/537.36',
  'access-control-request-headers' => 'content-type',
  'accept' => '*/*',
  'accept-encoding' => 'gzip, deflate',
  'accept-language' => 'zh-CN,zh;q=0.9',
)
[ info ] [ PARAM ] array (
)
[ info ] [ RUN ] app\user\controller\App->getNews[ D:\phpStudy\WWW\test\application\user\controller\App.php ]
[ info ] [ LOG ] INIT File

---------------------------------------------------------------
[ 2018-04-15T10:49:37+08:00 ] 127.0.0.1 127.0.0.1 OPTIONS /index.php/user/App/getNews
[ log ] www.test.com/index.php/user/App/getNews [运行时间：0.021000s][吞吐率：47.62req/s] [内存消耗：1,795.14kb] [文件加载：41]
[ notice ] -----

[ 2018-04-15T10:49:37+08:00 ] 127.0.0.1 127.0.0.1 OPTIONS /index.php/user/App/getNews
[ log ] www.test.com/index.php/user/App/getNews [运行时间：0.022000s][吞吐率：45.45req/s] [内存消耗：1,795.15kb] [文件加载：41]
[ notice ] go all type

[ 2018-04-15T10:49:54+08:00 ] 127.0.0.1 127.0.0.1 OPTIONS /index.php/user/App/getNews
[ log ] www.test.com/index.php/user/App/getNews [运行时间：0.020000s][吞吐率：50.00req/s] [内存消耗：1,796.42kb] [文件加载：41]
[ notice ] post data

[ 2018-04-15T10:49:54+08:00 ] 127.0.0.1 127.0.0.1 OPTIONS /index.php/user/App/getNews
[ log ] www.test.com/index.php/user/App/getNews [运行时间：0.021000s][吞吐率：47.62req/s] [内存消耗：1,796.16kb] [文件加载：41]
[ info ] [ LANG ] D:\phpStudy\WWW\test\thinkphp\lang\zh-cn.php
[ info ] [ ROUTE ] array (
  'type' => 'module',
  'module' => 
  array (
    0 => 'user',
    1 => 'App',
    2 => 'getNews',
  ),
)
[ info ] [ HEADER ] array (
  'host' => 'www.test.com',
  'connection' => 'keep-alive',
  'access-control-request-method' => 'POST',
  'origin' => 'http://localhost:8080',
  'user-agent' => 'Mozilla/5.0 (Windows NT 6.1; Win64; x64) AppleWebKit/537.36 (KHTML, like Gecko) Chrome/65.0.3325.181 Safari/537.36',
  'access-control-request-headers' => 'content-type',
  'accept' => '*/*',
  'accept-encoding' => 'gzip, deflate',
  'accept-language' => 'zh-CN,zh;q=0.9',
)
[ info ] [ PARAM ] array (
)
[ info ] [ RUN ] app\user\controller\App->getNews[ D:\phpStudy\WWW\test\application\user\controller\App.php ]
[ info ] [ LOG ] INIT File

---------------------------------------------------------------
[ 2018-04-15T10:49:54+08:00 ] 127.0.0.1 127.0.0.1 OPTIONS /index.php/user/App/getNews
[ log ] www.test.com/index.php/user/App/getNews [运行时间：0.022000s][吞吐率：45.45req/s] [内存消耗：1,795.14kb] [文件加载：41]
[ notice ] -----

[ 2018-04-15T10:49:54+08:00 ] 127.0.0.1 127.0.0.1 OPTIONS /index.php/user/App/getNews
[ log ] www.test.com/index.php/user/App/getNews [运行时间：0.023000s][吞吐率：43.48req/s] [内存消耗：1,795.15kb] [文件加载：41]
[ notice ] go all type

